<?xml version="1.0" encoding="utf-8"?>
<!DOCTYPE hibernate-configuration PUBLIC
	"-//Hibernate/Hibernate Configuration DTD 3.0//EN"
	"http://hibernate.sourceforge.net/hibernate-configuration-3.0.dtd">

<hibernate-configuration>
	<session-factory>
		<mapping resource="InsuranceRate.hbm.xml" />
<mapping resource="BillPayment.hbm.xml" />
<mapping resource="PatientBill.hbm.xml" />
<mapping resource="Insurance.hbm.xml" />
<mapping resource="BillableService.hbm.xml" />
<mapping resource="Beneficiary.hbm.xml" />
<mapping resource="PatientServiceBill.hbm.xml" />
<mapping resource="ServiceCategory.hbm.xml" />
<mapping resource="FacilityServicePrice.hbm.xml" />
<mapping resource="Recovery.hbm.xml" />
<mapping resource="InsurancePolicy.hbm.xml" />

	</session-factory>
</hibernate-configuration>
