<?xml version="1.0" encoding="UTF-8" ?>
<testsuite failures="0" time="11.648" errors="8" skipped="0" tests="8" name="org.openmrs.module.mohbilling.testcases.BillingAPIReportUtilTest">
  <properties>
    <property name="java.runtime.name" value="OpenJDK Runtime Environment"/>
    <property name="sun.boot.library.path" value="/usr/lib/jvm/java-6-openjdk-amd64/jre/lib/amd64"/>
    <property name="java.vm.version" value="20.0-b12"/>
    <property name="java.vm.vendor" value="Sun Microsystems Inc."/>
    <property name="java.vendor.url" value="http://java.sun.com/"/>
    <property name="path.separator" value=":"/>
    <property name="guice.disable.misplaced.annotation.check" value="true"/>
    <property name="java.vm.name" value="OpenJDK 64-Bit Server VM"/>
    <property name="file.encoding.pkg" value="sun.io"/>
    <property name="user.country" value="US"/>
    <property name="sun.java.launcher" value="SUN_STANDARD"/>
    <property name="sun.os.patch.level" value="unknown"/>
    <property name="java.vm.specification.name" value="Java Virtual Machine Specification"/>
    <property name="user.dir" value="/media/OS/Workspace/Git Projects/moh-billing"/>
    <property name="java.runtime.version" value="1.6.0_27-b27"/>
    <property name="java.awt.graphicsenv" value="sun.awt.X11GraphicsEnvironment"/>
    <property name="java.endorsed.dirs" value="/usr/lib/jvm/java-6-openjdk-amd64/jre/lib/endorsed"/>
    <property name="os.arch" value="amd64"/>
    <property name="java.io.tmpdir" value="/tmp"/>
    <property name="line.separator" value="
"/>
    <property name="java.vm.specification.vendor" value="Sun Microsystems Inc."/>
    <property name="os.name" value="Linux"/>
    <property name="classworlds.conf" value="/usr/share/maven/bin/m2.conf"/>
    <property name="sun.jnu.encoding" value="UTF-8"/>
    <property name="java.library.path" value="/usr/lib/jvm/java-6-openjdk-amd64/jre/lib/amd64/server:/usr/lib/jvm/java-6-openjdk-amd64/jre/lib/amd64:/usr/lib/jvm/java-6-openjdk-amd64/jre/../lib/amd64:/usr/java/packages/lib/amd64:/usr/lib/x86_64-linux-gnu/jni:/lib/x86_64-linux-gnu:/usr/lib/x86_64-linux-gnu:/usr/lib/jni:/lib:/usr/lib"/>
    <property name="java.specification.name" value="Java Platform API Specification"/>
    <property name="java.class.version" value="50.0"/>
    <property name="sun.management.compiler" value="HotSpot 64-Bit Tiered Compilers"/>
    <property name="os.version" value="3.2.0-57-generic"/>
    <property name="user.home" value="/home/kamonyo"/>
    <property name="user.timezone" value="Africa/Kigali"/>
    <property name="java.awt.printerjob" value="sun.print.PSPrinterJob"/>
    <property name="file.encoding" value="UTF-8"/>
    <property name="java.specification.version" value="1.6"/>
    <property name="user.name" value="kamonyo"/>
    <property name="java.class.path" value="/usr/share/maven/boot/plexus-classworlds-2.x.jar"/>
    <property name="java.vm.specification.version" value="1.0"/>
    <property name="sun.arch.data.model" value="64"/>
    <property name="java.home" value="/usr/lib/jvm/java-6-openjdk-amd64/jre"/>
    <property name="sun.java.command" value="org.codehaus.plexus.classworlds.launcher.Launcher -e install"/>
    <property name="java.specification.vendor" value="Sun Microsystems Inc."/>
    <property name="user.language" value="en"/>
    <property name="java.vm.info" value="mixed mode"/>
    <property name="java.version" value="1.6.0_27"/>
    <property name="java.ext.dirs" value="/usr/lib/jvm/java-6-openjdk-amd64/jre/lib/ext:/usr/java/packages/lib/ext"/>
    <property name="securerandom.source" value="file:/dev/./urandom"/>
    <property name="sun.boot.class.path" value="/usr/lib/jvm/java-6-openjdk-amd64/jre/lib/resources.jar:/usr/lib/jvm/java-6-openjdk-amd64/jre/lib/rt.jar:/usr/lib/jvm/java-6-openjdk-amd64/jre/lib/sunrsasign.jar:/usr/lib/jvm/java-6-openjdk-amd64/jre/lib/jsse.jar:/usr/lib/jvm/java-6-openjdk-amd64/jre/lib/jce.jar:/usr/lib/jvm/java-6-openjdk-amd64/jre/lib/charsets.jar:/usr/lib/jvm/java-6-openjdk-amd64/jre/lib/netx.jar:/usr/lib/jvm/java-6-openjdk-amd64/jre/lib/plugin.jar:/usr/lib/jvm/java-6-openjdk-amd64/jre/lib/rhino.jar:/usr/lib/jvm/java-6-openjdk-amd64/jre/lib/modules/jdk.boot.jar:/usr/lib/jvm/java-6-openjdk-amd64/jre/classes"/>
    <property name="java.vendor" value="Sun Microsystems Inc."/>
    <property name="maven.home" value="/usr/share/maven"/>
    <property name="file.separator" value="/"/>
    <property name="java.vendor.url.bug" value="http://java.sun.com/cgi-bin/bugreport.cgi"/>
    <property name="sun.cpu.endian" value="little"/>
    <property name="sun.io.unicode.encoding" value="UnicodeLittle"/>
    <property name="sun.desktop" value="gnome"/>
    <property name="sun.cpu.isalist" value=""/>
  </properties>
  <testcase time="0.004" classname="org.openmrs.module.mohbilling.testcases.BillingAPIReportUtilTest" name="testGetPatientBillByBeneficiary">
    <error message="Failed to load ApplicationContext" type="java.lang.IllegalStateException">java.lang.IllegalStateException: Failed to load ApplicationContext
	at org.springframework.test.context.TestContext.getApplicationContext(TestContext.java:201)
	at org.springframework.test.context.support.DependencyInjectionTestExecutionListener.injectDependencies(DependencyInjectionTestExecutionListener.java:109)
	at org.springframework.test.context.support.DependencyInjectionTestExecutionListener.prepareTestInstance(DependencyInjectionTestExecutionListener.java:75)
	at org.springframework.test.context.TestContextManager.prepareTestInstance(TestContextManager.java:255)
	at org.springframework.test.context.junit4.SpringJUnit4ClassRunner.createTest(SpringJUnit4ClassRunner.java:111)
	at org.springframework.test.context.junit4.SpringJUnit4ClassRunner.invokeTestMethod(SpringJUnit4ClassRunner.java:148)
	at org.junit.internal.runners.JUnit4ClassRunner.runMethods(JUnit4ClassRunner.java:51)
	at org.junit.internal.runners.JUnit4ClassRunner$1.run(JUnit4ClassRunner.java:44)
	at org.junit.internal.runners.ClassRoadie.runUnprotected(ClassRoadie.java:27)
	at org.junit.internal.runners.ClassRoadie.runProtected(ClassRoadie.java:37)
	at org.junit.internal.runners.JUnit4ClassRunner.run(JUnit4ClassRunner.java:42)
	at org.springframework.test.context.junit4.SpringJUnit4ClassRunner.run(SpringJUnit4ClassRunner.java:97)
	at org.apache.maven.surefire.junit4.JUnit4TestSet.execute(JUnit4TestSet.java:53)
	at org.apache.maven.surefire.junit4.JUnit4Provider.executeTestSet(JUnit4Provider.java:123)
	at org.apache.maven.surefire.junit4.JUnit4Provider.invoke(JUnit4Provider.java:104)
	at sun.reflect.NativeMethodAccessorImpl.invoke0(Native Method)
	at sun.reflect.NativeMethodAccessorImpl.invoke(NativeMethodAccessorImpl.java:57)
	at sun.reflect.DelegatingMethodAccessorImpl.invoke(DelegatingMethodAccessorImpl.java:43)
	at java.lang.reflect.Method.invoke(Method.java:622)
	at org.apache.maven.surefire.util.ReflectionUtils.invokeMethodWithArray(ReflectionUtils.java:164)
	at org.apache.maven.surefire.booter.ProviderFactory$ProviderProxy.invoke(ProviderFactory.java:110)
	at org.apache.maven.surefire.booter.SurefireStarter.invokeProvider(SurefireStarter.java:175)
	at org.apache.maven.surefire.booter.SurefireStarter.runSuitesInProcessWhenForked(SurefireStarter.java:107)
	at org.apache.maven.surefire.booter.ForkedBooter.main(ForkedBooter.java:68)
Caused by: org.springframework.beans.factory.BeanCreationException: Error creating bean with name &apos;org.springframework.transaction.interceptor.TransactionAttributeSourceAdvisor#0&apos; defined in class path resource [applicationContext-service.xml]: Cannot resolve reference to bean &apos;transactionInterceptor&apos; while setting bean property &apos;transactionInterceptor&apos;; nested exception is org.springframework.beans.factory.BeanCreationException: Error creating bean with name &apos;transactionInterceptor&apos; defined in class path resource [applicationContext-service.xml]: Cannot resolve reference to bean &apos;transactionManager&apos; while setting bean property &apos;transactionManager&apos;; nested exception is org.springframework.beans.factory.BeanCreationException: Error creating bean with name &apos;transactionManager&apos; defined in class path resource [applicationContext-service.xml]: Cannot resolve reference to bean &apos;sessionFactory&apos; while setting bean property &apos;sessionFactory&apos;; nested exception is org.springframework.beans.factory.BeanCreationException: Error creating bean with name &apos;sessionFactory&apos;: Autowiring of fields failed; nested exception is org.springframework.beans.factory.BeanCreationException: Could not autowire field: public java.util.Map org.openmrs.api.db.hibernate.HibernateSessionFactoryBean.interceptors; nested exception is org.springframework.beans.factory.CannotLoadBeanClassException: Cannot find class [@MODULE_PACKAGE@.web.controller.importbillables.ProcessBillableServicesImportController] for bean with name &apos;processBillableServicesController&apos; defined in URL [file:/media/OS/Workspace/Git%20Projects/moh-billing/omod/target/classes/moduleApplicationContext.xml]; nested exception is java.lang.ClassNotFoundException: @MODULE_PACKAGE@.web.controller.importbillables.ProcessBillableServicesImportController
Related cause: org.springframework.beans.factory.CannotLoadBeanClassException: Cannot find class [@MODULE_PACKAGE@.web.controller.importbillables.ProcessBillableServicesImportController] for bean with name &apos;processBillableServicesController&apos; defined in URL [file:/media/OS/Workspace/Git%20Projects/moh-billing/omod/target/classes/moduleApplicationContext.xml]; nested exception is java.lang.ClassNotFoundException: @MODULE_PACKAGE@.web.controller.importbillables.ProcessBillableServicesImportController
Related cause: org.springframework.beans.factory.CannotLoadBeanClassException: Cannot find class [@MODULE_PACKAGE@.web.controller.importbillables.ImportBillableServicesFormController] for bean with name &apos;importBillableServicesFormController&apos; defined in URL [file:/media/OS/Workspace/Git%20Projects/moh-billing/omod/target/classes/moduleApplicationContext.xml]; nested exception is java.lang.ClassNotFoundException: @MODULE_PACKAGE@.web.controller.importbillables.ImportBillableServicesFormController
Related cause: org.springframework.beans.factory.BeanCreationException: Error creating bean with name &apos;patientService&apos; defined in class path resource [applicationContext-service.xml]: Cannot resolve reference to bean &apos;patientServiceTarget&apos; while setting bean property &apos;target&apos;; nested exception is org.springframework.beans.factory.BeanCreationException: Error creating bean with name &apos;patientServiceTarget&apos; defined in class path resource [applicationContext-service.xml]: Cannot resolve reference to bean &apos;patientDAO&apos; while setting bean property &apos;patientDAO&apos;; nested exception is org.springframework.beans.factory.BeanCreationException: Error creating bean with name &apos;patientDAO&apos; defined in class path resource [applicationContext-service.xml]: Cannot resolve reference to bean &apos;sessionFactory&apos; while setting bean property &apos;sessionFactory&apos;; nested exception is org.springframework.beans.factory.BeanCurrentlyInCreationException: Error creating bean with name &apos;sessionFactory&apos;: FactoryBean which is currently in creation returned null from getObject
Related cause: org.springframework.beans.factory.BeanCreationException: Error creating bean with name &apos;personService&apos; defined in class path resource [applicationContext-service.xml]: Cannot resolve reference to bean &apos;personServiceTarget&apos; while setting bean property &apos;target&apos;; nested exception is org.springframework.beans.factory.BeanCreationException: Error creating bean with name &apos;personServiceTarget&apos; defined in class path resource [applicationContext-service.xml]: Cannot resolve reference to bean &apos;personDAO&apos; while setting bean property &apos;personDAO&apos;; nested exception is org.springframework.beans.factory.BeanCreationException: Error creating bean with name &apos;personDAO&apos; defined in class path resource [applicationContext-service.xml]: Cannot resolve reference to bean &apos;sessionFactory&apos; while setting bean property &apos;sessionFactory&apos;; nested exception is org.springframework.beans.factory.BeanCurrentlyInCreationException: Error creating bean with name &apos;sessionFactory&apos;: FactoryBean which is currently in creation returned null from getObject
Related cause: org.springframework.beans.factory.BeanCreationException: Error creating bean with name &apos;conceptService&apos; defined in class path resource [applicationContext-service.xml]: Cannot resolve reference to bean &apos;conceptServiceTarget&apos; while setting bean property &apos;target&apos;; nested exception is org.springframework.beans.factory.BeanCreationException: Error creating bean with name &apos;conceptServiceTarget&apos; defined in class path resource [applicationContext-service.xml]: Cannot resolve reference to bean &apos;conceptDAO&apos; while setting bean property &apos;conceptDAO&apos;; nested exception is org.springframework.beans.factory.BeanCreationException: Error creating bean with name &apos;conceptDAO&apos; defined in class path resource [applicationContext-service.xml]: Cannot resolve reference to bean &apos;sessionFactory&apos; while setting bean property &apos;sessionFactory&apos;; nested exception is org.springframework.beans.factory.BeanCurrentlyInCreationException: Error creating bean with name &apos;sessionFactory&apos;: FactoryBean which is currently in creation returned null from getObject
Related cause: org.springframework.beans.factory.BeanCreationException: Error creating bean with name &apos;userService&apos; defined in class path resource [applicationContext-service.xml]: Cannot resolve reference to bean &apos;userServiceTarget&apos; while setting bean property &apos;target&apos;; nested exception is org.springframework.beans.factory.BeanCreationException: Error creating bean with name &apos;userServiceTarget&apos; defined in class path resource [applicationContext-service.xml]: Cannot resolve reference to bean &apos;userDAO&apos; while setting bean property &apos;userDAO&apos;; nested exception is org.springframework.beans.factory.BeanCreationException: Error creating bean with name &apos;userDAO&apos; defined in class path resource [applicationContext-service.xml]: Cannot resolve reference to bean &apos;sessionFactory&apos; while setting bean property &apos;sessionFactory&apos;; nested exception is org.springframework.beans.factory.BeanCurrentlyInCreationException: Error creating bean with name &apos;sessionFactory&apos;: FactoryBean which is currently in creation returned null from getObject
Related cause: org.springframework.beans.factory.BeanCreationException: Error creating bean with name &apos;obsService&apos; defined in class path resource [applicationContext-service.xml]: Cannot resolve reference to bean &apos;obsServiceTarget&apos; while setting bean property &apos;target&apos;; nested exception is org.springframework.beans.factory.BeanCreationException: Error creating bean with name &apos;obsServiceTarget&apos; defined in class path resource [applicationContext-service.xml]: Cannot resolve reference to bean &apos;obsDAO&apos; while setting bean property &apos;obsDAO&apos;; nested exception is org.springframework.beans.factory.BeanCreationException: Error creating bean with name &apos;obsDAO&apos; defined in class path resource [applicationContext-service.xml]: Cannot resolve reference to bean &apos;sessionFactory&apos; while setting bean property &apos;sessionFactory&apos;; nested exception is org.springframework.beans.factory.BeanCurrentlyInCreationException: Error creating bean with name &apos;sessionFactory&apos;: FactoryBean which is currently in creation returned null from getObject
Related cause: org.springframework.beans.factory.BeanCreationException: Error creating bean with name &apos;encounterService&apos; defined in class path resource [applicationContext-service.xml]: Cannot resolve reference to bean &apos;encounterServiceTarget&apos; while setting bean property &apos;target&apos;; nested exception is org.springframework.beans.factory.BeanCreationException: Error creating bean with name &apos;encounterServiceTarget&apos; defined in class path resource [applicationContext-service.xml]: Cannot resolve reference to bean &apos;encounterDAO&apos; while setting bean property &apos;encounterDAO&apos;; nested exception is org.springframework.beans.factory.BeanCreationException: Error creating bean with name &apos;encounterDAO&apos; defined in class path resource [applicationContext-service.xml]: Cannot resolve reference to bean &apos;sessionFactory&apos; while setting bean property &apos;sessionFactory&apos;; nested exception is org.springframework.beans.factory.BeanCurrentlyInCreationException: Error creating bean with name &apos;sessionFactory&apos;: FactoryBean which is currently in creation returned null from getObject
Related cause: org.springframework.beans.factory.BeanCreationException: Error creating bean with name &apos;locationService&apos; defined in class path resource [applicationContext-service.xml]: Cannot resolve reference to bean &apos;locationServiceTarget&apos; while setting bean property &apos;target&apos;; nested exception is org.springframework.beans.factory.BeanCreationException: Error creating bean with name &apos;locationServiceTarget&apos; defined in class path resource [applicationContext-service.xml]: Cannot resolve reference to bean &apos;locationDAO&apos; while setting bean property &apos;locationDAO&apos;; nested exception is org.springframework.beans.factory.BeanCreationException: Error creating bean with name &apos;locationDAO&apos; defined in class path resource [applicationContext-service.xml]: Cannot resolve reference to bean &apos;sessionFactory&apos; while setting bean property &apos;sessionFactory&apos;; nested exception is org.springframework.beans.factory.BeanCurrentlyInCreationException: Error creating bean with name &apos;sessionFactory&apos;: FactoryBean which is currently in creation returned null from getObject
Related cause: org.springframework.beans.factory.BeanCreationException: Error creating bean with name &apos;orderService&apos; defined in class path resource [applicationContext-service.xml]: Cannot resolve reference to bean &apos;orderServiceTarget&apos; while setting bean property &apos;target&apos;; nested exception is org.springframework.beans.factory.BeanCreationException: Error creating bean with name &apos;orderServiceTarget&apos; defined in class path resource [applicationContext-service.xml]: Cannot resolve reference to bean &apos;orderDAO&apos; while setting bean property &apos;orderDAO&apos;; nested exception is org.springframework.beans.factory.BeanCreationException: Error creating bean with name &apos;orderDAO&apos; defined in class path resource [applicationContext-service.xml]: Cannot resolve reference to bean &apos;sessionFactory&apos; while setting bean property &apos;sessionFactory&apos;; nested exception is org.springframework.beans.factory.BeanCurrentlyInCreationException: Error creating bean with name &apos;sessionFactory&apos;: FactoryBean which is currently in creation returned null from getObject
Related cause: org.springframework.beans.factory.BeanCreationException: Error creating bean with name &apos;formService&apos; defined in class path resource [applicationContext-service.xml]: Cannot resolve reference to bean &apos;formServiceTarget&apos; while setting bean property &apos;target&apos;; nested exception is org.springframework.beans.factory.BeanCreationException: Error creating bean with name &apos;formServiceTarget&apos; defined in class path resource [applicationContext-service.xml]: Cannot resolve reference to bean &apos;formDAO&apos; while setting bean property &apos;formDAO&apos;; nested exception is org.springframework.beans.factory.BeanCreationException: Error creating bean with name &apos;formDAO&apos; defined in class path resource [applicationContext-service.xml]: Cannot resolve reference to bean &apos;sessionFactory&apos; while setting bean property &apos;sessionFactory&apos;; nested exception is org.springframework.beans.factory.BeanCurrentlyInCreationException: Error creating bean with name &apos;sessionFactory&apos;: FactoryBean which is currently in creation returned null from getObject
Related cause: org.springframework.beans.factory.BeanCreationException: Error creating bean with name &apos;adminService&apos; defined in class path resource [applicationContext-service.xml]: Cannot resolve reference to bean &apos;adminServiceTarget&apos; while setting bean property &apos;target&apos;; nested exception is org.springframework.beans.factory.BeanCreationException: Error creating bean with name &apos;adminServiceTarget&apos; defined in class path resource [applicationContext-service.xml]: Cannot resolve reference to bean &apos;adminDAO&apos; while setting bean property &apos;administrationDAO&apos;; nested exception is org.springframework.beans.factory.BeanCreationException: Error creating bean with name &apos;adminDAO&apos; defined in class path resource [applicationContext-service.xml]: Cannot resolve reference to bean &apos;sessionFactory&apos; while setting bean property &apos;sessionFactory&apos;; nested exception is org.springframework.beans.factory.BeanCurrentlyInCreationException: Error creating bean with name &apos;sessionFactory&apos;: FactoryBean which is currently in creation returned null from getObject
Related cause: org.springframework.beans.factory.BeanCreationException: Error creating bean with name &apos;programWorkflowService&apos; defined in class path resource [applicationContext-service.xml]: Cannot resolve reference to bean &apos;programWorkflowServiceTarget&apos; while setting bean property &apos;target&apos;; nested exception is org.springframework.beans.factory.BeanCreationException: Error creating bean with name &apos;programWorkflowServiceTarget&apos; defined in class path resource [applicationContext-service.xml]: Cannot resolve reference to bean &apos;programWorkflowDAO&apos; while setting bean property &apos;programWorkflowDAO&apos;; nested exception is org.springframework.beans.factory.BeanCreationException: Error creating bean with name &apos;programWorkflowDAO&apos; defined in class path resource [applicationContext-service.xml]: Cannot resolve reference to bean &apos;sessionFactory&apos; while setting bean property &apos;sessionFactory&apos;; nested exception is org.springframework.beans.factory.BeanCurrentlyInCreationException: Error creating bean with name &apos;sessionFactory&apos;: FactoryBean which is currently in creation returned null from getObject
Related cause: org.springframework.beans.factory.BeanCreationException: Error creating bean with name &apos;messageService&apos; defined in class path resource [applicationContext-service.xml]: Cannot resolve reference to bean &apos;messageServiceTarget&apos; while setting bean property &apos;target&apos;; nested exception is org.springframework.beans.factory.BeanCreationException: Error creating bean with name &apos;messageServiceTarget&apos; defined in class path resource [applicationContext-service.xml]: Cannot resolve reference to bean &apos;templateDAO&apos; while setting bean property &apos;templateDAO&apos;; nested exception is org.springframework.beans.factory.BeanCreationException: Error creating bean with name &apos;templateDAO&apos; defined in class path resource [applicationContext-service.xml]: Cannot resolve reference to bean &apos;sessionFactory&apos; while setting bean property &apos;sessionFactory&apos;; nested exception is org.springframework.beans.factory.BeanCurrentlyInCreationException: Error creating bean with name &apos;sessionFactory&apos;: FactoryBean which is currently in creation returned null from getObject
Related cause: org.springframework.beans.factory.BeanCreationException: Error creating bean with name &apos;patientSetService&apos; defined in class path resource [applicationContext-service.xml]: Cannot resolve reference to bean &apos;patientSetServiceTarget&apos; while setting bean property &apos;target&apos;; nested exception is org.springframework.beans.factory.BeanCreationException: Error creating bean with name &apos;patientSetServiceTarget&apos; defined in class path resource [applicationContext-service.xml]: Cannot resolve reference to bean &apos;patientSetDAO&apos; while setting bean property &apos;patientSetDAO&apos;; nested exception is org.springframework.beans.factory.BeanCreationException: Error creating bean with name &apos;patientSetDAO&apos; defined in class path resource [applicationContext-service.xml]: Cannot resolve reference to bean &apos;sessionFactory&apos; while setting bean property &apos;sessionFactory&apos;; nested exception is org.springframework.beans.factory.BeanCurrentlyInCreationException: Error creating bean with name &apos;sessionFactory&apos;: FactoryBean which is currently in creation returned null from getObject
Related cause: org.springframework.beans.factory.BeanCreationException: Error creating bean with name &apos;cohortService&apos; defined in class path resource [applicationContext-service.xml]: Cannot resolve reference to bean &apos;cohortServiceTarget&apos; while setting bean property &apos;target&apos;; nested exception is org.springframework.beans.factory.BeanCreationException: Error creating bean with name &apos;cohortServiceTarget&apos; defined in class path resource [applicationContext-service.xml]: Cannot resolve reference to bean &apos;cohortDAO&apos; while setting bean property &apos;cohortDAO&apos;; nested exception is org.springframework.beans.factory.BeanCreationException: Error creating bean with name &apos;cohortDAO&apos; defined in class path resource [applicationContext-service.xml]: Cannot resolve reference to bean &apos;sessionFactory&apos; while setting bean property &apos;sessionFactory&apos;; nested exception is org.springframework.beans.factory.BeanCurrentlyInCreationException: Error creating bean with name &apos;sessionFactory&apos;: FactoryBean which is currently in creation returned null from getObject
Related cause: org.springframework.beans.factory.BeanCreationException: Error creating bean with name &apos;schedulerService&apos; defined in class path resource [applicationContext-service.xml]: Cannot resolve reference to bean &apos;schedulerServiceTarget&apos; while setting bean property &apos;target&apos;; nested exception is org.springframework.beans.factory.BeanCreationException: Error creating bean with name &apos;schedulerServiceTarget&apos; defined in class path resource [applicationContext-service.xml]: Cannot resolve reference to bean &apos;schedulerDAO&apos; while setting bean property &apos;schedulerDAO&apos;; nested exception is org.springframework.beans.factory.BeanCreationException: Error creating bean with name &apos;schedulerDAO&apos; defined in class path resource [applicationContext-service.xml]: Cannot resolve reference to bean &apos;sessionFactory&apos; while setting bean property &apos;sessionFactory&apos;; nested exception is org.springframework.beans.factory.BeanCurrentlyInCreationException: Error creating bean with name &apos;sessionFactory&apos;: FactoryBean which is currently in creation returned null from getObject
Related cause: org.springframework.beans.factory.BeanCreationException: Error creating bean with name &apos;alertService&apos; defined in class path resource [applicationContext-service.xml]: Cannot resolve reference to bean &apos;alertServiceTarget&apos; while setting bean property &apos;target&apos;; nested exception is org.springframework.beans.factory.BeanCreationException: Error creating bean with name &apos;alertServiceTarget&apos; defined in class path resource [applicationContext-service.xml]: Cannot resolve reference to bean &apos;alertDAO&apos; while setting bean property &apos;alertDAO&apos;; nested exception is org.springframework.beans.factory.BeanCreationException: Error creating bean with name &apos;alertDAO&apos; defined in class path resource [applicationContext-service.xml]: Cannot resolve reference to bean &apos;sessionFactory&apos; while setting bean property &apos;sessionFactory&apos;; nested exception is org.springframework.beans.factory.BeanCurrentlyInCreationException: Error creating bean with name &apos;sessionFactory&apos;: FactoryBean which is currently in creation returned null from getObject
Related cause: org.springframework.beans.factory.BeanCreationException: Error creating bean with name &apos;reportService&apos; defined in class path resource [applicationContext-service.xml]: Cannot resolve reference to bean &apos;reportServiceTarget&apos; while setting bean property &apos;target&apos;; nested exception is org.springframework.beans.factory.BeanCreationException: Error creating bean with name &apos;reportServiceTarget&apos; defined in class path resource [applicationContext-service.xml]: Cannot resolve reference to bean &apos;reportDAO&apos; while setting bean property &apos;reportDAO&apos;; nested exception is org.springframework.beans.factory.BeanCreationException: Error creating bean with name &apos;reportDAO&apos; defined in class path resource [applicationContext-service.xml]: Cannot resolve reference to bean &apos;sessionFactory&apos; while setting bean property &apos;sessionFactory&apos;; nested exception is org.springframework.beans.factory.BeanCurrentlyInCreationException: Error creating bean with name &apos;sessionFactory&apos;: FactoryBean which is currently in creation returned null from getObject
Related cause: org.springframework.beans.factory.BeanCreationException: Error creating bean with name &apos;reportObjectService&apos; defined in class path resource [applicationContext-service.xml]: Cannot resolve reference to bean &apos;reportObjectServiceTarget&apos; while setting bean property &apos;target&apos;; nested exception is org.springframework.beans.factory.BeanCreationException: Error creating bean with name &apos;reportObjectServiceTarget&apos; defined in class path resource [applicationContext-service.xml]: Cannot resolve reference to bean &apos;reportObjectDAO&apos; while setting bean property &apos;reportObjectDAO&apos;; nested exception is org.springframework.beans.factory.BeanCreationException: Error creating bean with name &apos;reportObjectDAO&apos; defined in class path resource [applicationContext-service.xml]: Cannot resolve reference to bean &apos;sessionFactory&apos; while setting bean property &apos;sessionFactory&apos;; nested exception is org.springframework.beans.factory.BeanCurrentlyInCreationException: Error creating bean with name &apos;sessionFactory&apos;: FactoryBean which is currently in creation returned null from getObject
Related cause: org.springframework.beans.factory.BeanCreationException: Error creating bean with name &apos;hL7Service&apos; defined in class path resource [applicationContext-service.xml]: Cannot resolve reference to bean &apos;hL7ServiceTarget&apos; while setting bean property &apos;target&apos;; nested exception is org.springframework.beans.factory.BeanCreationException: Error creating bean with name &apos;hL7ServiceTarget&apos; defined in class path resource [applicationContext-service.xml]: Cannot resolve reference to bean &apos;hL7DAO&apos; while setting bean property &apos;HL7DAO&apos;; nested exception is org.springframework.beans.factory.BeanCreationException: Error creating bean with name &apos;hL7DAO&apos; defined in class path resource [applicationContext-service.xml]: Cannot resolve reference to bean &apos;sessionFactory&apos; while setting bean property &apos;sessionFactory&apos;; nested exception is org.springframework.beans.factory.BeanCurrentlyInCreationException: Error creating bean with name &apos;sessionFactory&apos;: FactoryBean which is currently in creation returned null from getObject
	at org.springframework.beans.factory.support.BeanDefinitionValueResolver.resolveReference(BeanDefinitionValueResolver.java:275)
	at org.springframework.beans.factory.support.BeanDefinitionValueResolver.resolveValueIfNecessary(BeanDefinitionValueResolver.java:104)
	at org.springframework.beans.factory.support.AbstractAutowireCapableBeanFactory.applyPropertyValues(AbstractAutowireCapableBeanFactory.java:1245)
	at org.springframework.beans.factory.support.AbstractAutowireCapableBeanFactory.populateBean(AbstractAutowireCapableBeanFactory.java:1010)
	at org.springframework.beans.factory.support.AbstractAutowireCapableBeanFactory.doCreateBean(AbstractAutowireCapableBeanFactory.java:472)
	at org.springframework.beans.factory.support.AbstractAutowireCapableBeanFactory$1.run(AbstractAutowireCapableBeanFactory.java:409)
	at java.security.AccessController.doPrivileged(Native Method)
	at org.springframework.beans.factory.support.AbstractAutowireCapableBeanFactory.createBean(AbstractAutowireCapableBeanFactory.java:380)
	at org.springframework.beans.factory.support.AbstractBeanFactory$1.getObject(AbstractBeanFactory.java:264)
	at org.springframework.beans.factory.support.DefaultSingletonBeanRegistry.getSingleton(DefaultSingletonBeanRegistry.java:222)
	at org.springframework.beans.factory.support.AbstractBeanFactory.doGetBean(AbstractBeanFactory.java:261)
	at org.springframework.beans.factory.support.AbstractBeanFactory.getBean(AbstractBeanFactory.java:185)
	at org.springframework.beans.factory.support.AbstractBeanFactory.getBean(AbstractBeanFactory.java:164)
	at org.springframework.beans.factory.support.DefaultListableBeanFactory.preInstantiateSingletons(DefaultListableBeanFactory.java:429)
	at org.springframework.context.support.AbstractApplicationContext.finishBeanFactoryInitialization(AbstractApplicationContext.java:728)
	at org.springframework.context.support.AbstractApplicationContext.refresh(AbstractApplicationContext.java:380)
	at org.springframework.test.context.support.AbstractGenericContextLoader.loadContext(AbstractGenericContextLoader.java:84)
	at org.springframework.test.context.support.AbstractGenericContextLoader.loadContext(AbstractGenericContextLoader.java:42)
	at org.springframework.test.context.TestContext.loadApplicationContext(TestContext.java:173)
	at org.springframework.test.context.TestContext.getApplicationContext(TestContext.java:197)
	... 23 more
Caused by: org.springframework.beans.factory.BeanCreationException: Error creating bean with name &apos;transactionInterceptor&apos; defined in class path resource [applicationContext-service.xml]: Cannot resolve reference to bean &apos;transactionManager&apos; while setting bean property &apos;transactionManager&apos;; nested exception is org.springframework.beans.factory.BeanCreationException: Error creating bean with name &apos;transactionManager&apos; defined in class path resource [applicationContext-service.xml]: Cannot resolve reference to bean &apos;sessionFactory&apos; while setting bean property &apos;sessionFactory&apos;; nested exception is org.springframework.beans.factory.BeanCreationException: Error creating bean with name &apos;sessionFactory&apos;: Autowiring of fields failed; nested exception is org.springframework.beans.factory.BeanCreationException: Could not autowire field: public java.util.Map org.openmrs.api.db.hibernate.HibernateSessionFactoryBean.interceptors; nested exception is org.springframework.beans.factory.CannotLoadBeanClassException: Cannot find class [@MODULE_PACKAGE@.web.controller.importbillables.ProcessBillableServicesImportController] for bean with name &apos;processBillableServicesController&apos; defined in URL [file:/media/OS/Workspace/Git%20Projects/moh-billing/omod/target/classes/moduleApplicationContext.xml]; nested exception is java.lang.ClassNotFoundException: @MODULE_PACKAGE@.web.controller.importbillables.ProcessBillableServicesImportController
	at org.springframework.beans.factory.support.BeanDefinitionValueResolver.resolveReference(BeanDefinitionValueResolver.java:275)
	at org.springframework.beans.factory.support.BeanDefinitionValueResolver.resolveValueIfNecessary(BeanDefinitionValueResolver.java:104)
	at org.springframework.beans.factory.support.AbstractAutowireCapableBeanFactory.applyPropertyValues(AbstractAutowireCapableBeanFactory.java:1245)
	at org.springframework.beans.factory.support.AbstractAutowireCapableBeanFactory.populateBean(AbstractAutowireCapableBeanFactory.java:1010)
	at org.springframework.beans.factory.support.AbstractAutowireCapableBeanFactory.doCreateBean(AbstractAutowireCapableBeanFactory.java:472)
	at org.springframework.beans.factory.support.AbstractAutowireCapableBeanFactory$1.run(AbstractAutowireCapableBeanFactory.java:409)
	at java.security.AccessController.doPrivileged(Native Method)
	at org.springframework.beans.factory.support.AbstractAutowireCapableBeanFactory.createBean(AbstractAutowireCapableBeanFactory.java:380)
	at org.springframework.beans.factory.support.AbstractBeanFactory$1.getObject(AbstractBeanFactory.java:264)
	at org.springframework.beans.factory.support.DefaultSingletonBeanRegistry.getSingleton(DefaultSingletonBeanRegistry.java:222)
	at org.springframework.beans.factory.support.AbstractBeanFactory.doGetBean(AbstractBeanFactory.java:261)
	at org.springframework.beans.factory.support.AbstractBeanFactory.getBean(AbstractBeanFactory.java:185)
	at org.springframework.beans.factory.support.AbstractBeanFactory.getBean(AbstractBeanFactory.java:164)
	at org.springframework.beans.factory.support.BeanDefinitionValueResolver.resolveReference(BeanDefinitionValueResolver.java:269)
	... 42 more
Caused by: org.springframework.beans.factory.BeanCreationException: Error creating bean with name &apos;transactionManager&apos; defined in class path resource [applicationContext-service.xml]: Cannot resolve reference to bean &apos;sessionFactory&apos; while setting bean property &apos;sessionFactory&apos;; nested exception is org.springframework.beans.factory.BeanCreationException: Error creating bean with name &apos;sessionFactory&apos;: Autowiring of fields failed; nested exception is org.springframework.beans.factory.BeanCreationException: Could not autowire field: public java.util.Map org.openmrs.api.db.hibernate.HibernateSessionFactoryBean.interceptors; nested exception is org.springframework.beans.factory.CannotLoadBeanClassException: Cannot find class [@MODULE_PACKAGE@.web.controller.importbillables.ProcessBillableServicesImportController] for bean with name &apos;processBillableServicesController&apos; defined in URL [file:/media/OS/Workspace/Git%20Projects/moh-billing/omod/target/classes/moduleApplicationContext.xml]; nested exception is java.lang.ClassNotFoundException: @MODULE_PACKAGE@.web.controller.importbillables.ProcessBillableServicesImportController
	at org.springframework.beans.factory.support.BeanDefinitionValueResolver.resolveReference(BeanDefinitionValueResolver.java:275)
	at org.springframework.beans.factory.support.BeanDefinitionValueResolver.resolveValueIfNecessary(BeanDefinitionValueResolver.java:104)
	at org.springframework.beans.factory.support.AbstractAutowireCapableBeanFactory.applyPropertyValues(AbstractAutowireCapableBeanFactory.java:1245)
	at org.springframework.beans.factory.support.AbstractAutowireCapableBeanFactory.populateBean(AbstractAutowireCapableBeanFactory.java:1010)
	at org.springframework.beans.factory.support.AbstractAutowireCapableBeanFactory.doCreateBean(AbstractAutowireCapableBeanFactory.java:472)
	at org.springframework.beans.factory.support.AbstractAutowireCapableBeanFactory$1.run(AbstractAutowireCapableBeanFactory.java:409)
	at java.security.AccessController.doPrivileged(Native Method)
	at org.springframework.beans.factory.support.AbstractAutowireCapableBeanFactory.createBean(AbstractAutowireCapableBeanFactory.java:380)
	at org.springframework.beans.factory.support.AbstractBeanFactory$1.getObject(AbstractBeanFactory.java:264)
	at org.springframework.beans.factory.support.DefaultSingletonBeanRegistry.getSingleton(DefaultSingletonBeanRegistry.java:222)
	at org.springframework.beans.factory.support.AbstractBeanFactory.doGetBean(AbstractBeanFactory.java:261)
	at org.springframework.beans.factory.support.AbstractBeanFactory.getBean(AbstractBeanFactory.java:185)
	at org.springframework.beans.factory.support.AbstractBeanFactory.getBean(AbstractBeanFactory.java:164)
	at org.springframework.beans.factory.support.BeanDefinitionValueResolver.resolveReference(BeanDefinitionValueResolver.java:269)
	... 55 more
Caused by: org.springframework.beans.factory.BeanCreationException: Error creating bean with name &apos;sessionFactory&apos;: Autowiring of fields failed; nested exception is org.springframework.beans.factory.BeanCreationException: Could not autowire field: public java.util.Map org.openmrs.api.db.hibernate.HibernateSessionFactoryBean.interceptors; nested exception is org.springframework.beans.factory.CannotLoadBeanClassException: Cannot find class [@MODULE_PACKAGE@.web.controller.importbillables.ProcessBillableServicesImportController] for bean with name &apos;processBillableServicesController&apos; defined in URL [file:/media/OS/Workspace/Git%20Projects/moh-billing/omod/target/classes/moduleApplicationContext.xml]; nested exception is java.lang.ClassNotFoundException: @MODULE_PACKAGE@.web.controller.importbillables.ProcessBillableServicesImportController
	at org.springframework.beans.factory.annotation.AutowiredAnnotationBeanPostProcessor.postProcessAfterInstantiation(AutowiredAnnotationBeanPostProcessor.java:243)
	at org.springframework.beans.factory.support.AbstractAutowireCapableBeanFactory.populateBean(AbstractAutowireCapableBeanFactory.java:959)
	at org.springframework.beans.factory.support.AbstractAutowireCapableBeanFactory.doCreateBean(AbstractAutowireCapableBeanFactory.java:472)
	at org.springframework.beans.factory.support.AbstractAutowireCapableBeanFactory$1.run(AbstractAutowireCapableBeanFactory.java:409)
	at java.security.AccessController.doPrivileged(Native Method)
	at org.springframework.beans.factory.support.AbstractAutowireCapableBeanFactory.createBean(AbstractAutowireCapableBeanFactory.java:380)
	at org.springframework.beans.factory.support.AbstractBeanFactory$1.getObject(AbstractBeanFactory.java:264)
	at org.springframework.beans.factory.support.DefaultSingletonBeanRegistry.getSingleton(DefaultSingletonBeanRegistry.java:222)
	at org.springframework.beans.factory.support.AbstractBeanFactory.doGetBean(AbstractBeanFactory.java:261)
	at org.springframework.beans.factory.support.AbstractBeanFactory.getBean(AbstractBeanFactory.java:185)
	at org.springframework.beans.factory.support.AbstractBeanFactory.getBean(AbstractBeanFactory.java:164)
	at org.springframework.beans.factory.support.BeanDefinitionValueResolver.resolveReference(BeanDefinitionValueResolver.java:269)
	... 68 more
Caused by: org.springframework.beans.factory.BeanCreationException: Could not autowire field: public java.util.Map org.openmrs.api.db.hibernate.HibernateSessionFactoryBean.interceptors; nested exception is org.springframework.beans.factory.CannotLoadBeanClassException: Cannot find class [@MODULE_PACKAGE@.web.controller.importbillables.ProcessBillableServicesImportController] for bean with name &apos;processBillableServicesController&apos; defined in URL [file:/media/OS/Workspace/Git%20Projects/moh-billing/omod/target/classes/moduleApplicationContext.xml]; nested exception is java.lang.ClassNotFoundException: @MODULE_PACKAGE@.web.controller.importbillables.ProcessBillableServicesImportController
	at org.springframework.beans.factory.annotation.AutowiredAnnotationBeanPostProcessor$AutowiredFieldElement.inject(AutowiredAnnotationBeanPostProcessor.java:435)
	at org.springframework.beans.factory.annotation.InjectionMetadata.injectFields(InjectionMetadata.java:105)
	at org.springframework.beans.factory.annotation.AutowiredAnnotationBeanPostProcessor.postProcessAfterInstantiation(AutowiredAnnotationBeanPostProcessor.java:240)
	... 79 more
Caused by: org.springframework.beans.factory.CannotLoadBeanClassException: Cannot find class [@MODULE_PACKAGE@.web.controller.importbillables.ProcessBillableServicesImportController] for bean with name &apos;processBillableServicesController&apos; defined in URL [file:/media/OS/Workspace/Git%20Projects/moh-billing/omod/target/classes/moduleApplicationContext.xml]; nested exception is java.lang.ClassNotFoundException: @MODULE_PACKAGE@.web.controller.importbillables.ProcessBillableServicesImportController
	at org.springframework.beans.factory.support.AbstractBeanFactory.resolveBeanClass(AbstractBeanFactory.java:1141)
	at org.springframework.beans.factory.support.AbstractAutowireCapableBeanFactory.predictBeanType(AbstractAutowireCapableBeanFactory.java:524)
	at org.springframework.beans.factory.support.AbstractBeanFactory.isFactoryBean(AbstractBeanFactory.java:1177)
	at org.springframework.beans.factory.support.DefaultListableBeanFactory.getBeanNamesForType(DefaultListableBeanFactory.java:222)
	at org.springframework.beans.factory.BeanFactoryUtils.beanNamesForTypeIncludingAncestors(BeanFactoryUtils.java:187)
	at org.springframework.beans.factory.support.DefaultListableBeanFactory.findAutowireCandidates(DefaultListableBeanFactory.java:652)
	at org.springframework.beans.factory.support.DefaultListableBeanFactory.resolveDependency(DefaultListableBeanFactory.java:597)
	at org.springframework.beans.factory.annotation.AutowiredAnnotationBeanPostProcessor$AutowiredFieldElement.inject(AutowiredAnnotationBeanPostProcessor.java:412)
	... 81 more
Caused by: java.lang.ClassNotFoundException: @MODULE_PACKAGE@.web.controller.importbillables.ProcessBillableServicesImportController
	at java.net.URLClassLoader$1.run(URLClassLoader.java:217)
	at java.security.AccessController.doPrivileged(Native Method)
	at java.net.URLClassLoader.findClass(URLClassLoader.java:205)
	at java.lang.ClassLoader.loadClass(ClassLoader.java:323)
	at sun.misc.Launcher$AppClassLoader.loadClass(Launcher.java:294)
	at java.lang.ClassLoader.loadClass(ClassLoader.java:268)
	at org.openmrs.util.OpenmrsClassLoader.loadClass(OpenmrsClassLoader.java:144)
	at java.lang.ClassLoader.loadClass(ClassLoader.java:268)
	at org.springframework.util.ClassUtils.forName(ClassUtils.java:211)
	at org.springframework.beans.factory.support.AbstractBeanDefinition.resolveBeanClass(AbstractBeanDefinition.java:385)
	at org.springframework.beans.factory.support.AbstractBeanFactory.resolveBeanClass(AbstractBeanFactory.java:1138)
	... 88 more
</error>
  </testcase>
  <testcase time="0.004" classname="org.openmrs.module.mohbilling.testcases.BillingAPIReportUtilTest" name="testGetPaidBills">
    <error message="Failed to load ApplicationContext" type="java.lang.IllegalStateException">java.lang.IllegalStateException: Failed to load ApplicationContext
	at org.springframework.test.context.TestContext.getApplicationContext(TestContext.java:201)
	at org.springframework.test.context.support.DependencyInjectionTestExecutionListener.injectDependencies(DependencyInjectionTestExecutionListener.java:109)
	at org.springframework.test.context.support.DependencyInjectionTestExecutionListener.prepareTestInstance(DependencyInjectionTestExecutionListener.java:75)
	at org.springframework.test.context.TestContextManager.prepareTestInstance(TestContextManager.java:255)
	at org.springframework.test.context.junit4.SpringJUnit4ClassRunner.createTest(SpringJUnit4ClassRunner.java:111)
	at org.springframework.test.context.junit4.SpringJUnit4ClassRunner.invokeTestMethod(SpringJUnit4ClassRunner.java:148)
	at org.junit.internal.runners.JUnit4ClassRunner.runMethods(JUnit4ClassRunner.java:51)
	at org.junit.internal.runners.JUnit4ClassRunner$1.run(JUnit4ClassRunner.java:44)
	at org.junit.internal.runners.ClassRoadie.runUnprotected(ClassRoadie.java:27)
	at org.junit.internal.runners.ClassRoadie.runProtected(ClassRoadie.java:37)
	at org.junit.internal.runners.JUnit4ClassRunner.run(JUnit4ClassRunner.java:42)
	at org.springframework.test.context.junit4.SpringJUnit4ClassRunner.run(SpringJUnit4ClassRunner.java:97)
	at org.apache.maven.surefire.junit4.JUnit4TestSet.execute(JUnit4TestSet.java:53)
	at org.apache.maven.surefire.junit4.JUnit4Provider.executeTestSet(JUnit4Provider.java:123)
	at org.apache.maven.surefire.junit4.JUnit4Provider.invoke(JUnit4Provider.java:104)
	at sun.reflect.NativeMethodAccessorImpl.invoke0(Native Method)
	at sun.reflect.NativeMethodAccessorImpl.invoke(NativeMethodAccessorImpl.java:57)
	at sun.reflect.DelegatingMethodAccessorImpl.invoke(DelegatingMethodAccessorImpl.java:43)
	at java.lang.reflect.Method.invoke(Method.java:622)
	at org.apache.maven.surefire.util.ReflectionUtils.invokeMethodWithArray(ReflectionUtils.java:164)
	at org.apache.maven.surefire.booter.ProviderFactory$ProviderProxy.invoke(ProviderFactory.java:110)
	at org.apache.maven.surefire.booter.SurefireStarter.invokeProvider(SurefireStarter.java:175)
	at org.apache.maven.surefire.booter.SurefireStarter.runSuitesInProcessWhenForked(SurefireStarter.java:107)
	at org.apache.maven.surefire.booter.ForkedBooter.main(ForkedBooter.java:68)
Caused by: org.springframework.beans.factory.BeanCreationException: Error creating bean with name &apos;org.springframework.transaction.interceptor.TransactionAttributeSourceAdvisor#0&apos; defined in class path resource [applicationContext-service.xml]: Cannot resolve reference to bean &apos;transactionInterceptor&apos; while setting bean property &apos;transactionInterceptor&apos;; nested exception is org.springframework.beans.factory.BeanCreationException: Error creating bean with name &apos;transactionInterceptor&apos; defined in class path resource [applicationContext-service.xml]: Cannot resolve reference to bean &apos;transactionManager&apos; while setting bean property &apos;transactionManager&apos;; nested exception is org.springframework.beans.factory.BeanCreationException: Error creating bean with name &apos;transactionManager&apos; defined in class path resource [applicationContext-service.xml]: Cannot resolve reference to bean &apos;sessionFactory&apos; while setting bean property &apos;sessionFactory&apos;; nested exception is org.springframework.beans.factory.BeanCreationException: Error creating bean with name &apos;sessionFactory&apos;: Autowiring of fields failed; nested exception is org.springframework.beans.factory.BeanCreationException: Could not autowire field: public java.util.Map org.openmrs.api.db.hibernate.HibernateSessionFactoryBean.interceptors; nested exception is org.springframework.beans.factory.CannotLoadBeanClassException: Cannot find class [@MODULE_PACKAGE@.web.controller.importbillables.ProcessBillableServicesImportController] for bean with name &apos;processBillableServicesController&apos; defined in URL [file:/media/OS/Workspace/Git%20Projects/moh-billing/omod/target/classes/moduleApplicationContext.xml]; nested exception is java.lang.ClassNotFoundException: @MODULE_PACKAGE@.web.controller.importbillables.ProcessBillableServicesImportController
Related cause: org.springframework.beans.factory.CannotLoadBeanClassException: Cannot find class [@MODULE_PACKAGE@.web.controller.importbillables.ProcessBillableServicesImportController] for bean with name &apos;processBillableServicesController&apos; defined in URL [file:/media/OS/Workspace/Git%20Projects/moh-billing/omod/target/classes/moduleApplicationContext.xml]; nested exception is java.lang.ClassNotFoundException: @MODULE_PACKAGE@.web.controller.importbillables.ProcessBillableServicesImportController
Related cause: org.springframework.beans.factory.CannotLoadBeanClassException: Cannot find class [@MODULE_PACKAGE@.web.controller.importbillables.ImportBillableServicesFormController] for bean with name &apos;importBillableServicesFormController&apos; defined in URL [file:/media/OS/Workspace/Git%20Projects/moh-billing/omod/target/classes/moduleApplicationContext.xml]; nested exception is java.lang.ClassNotFoundException: @MODULE_PACKAGE@.web.controller.importbillables.ImportBillableServicesFormController
Related cause: org.springframework.beans.factory.BeanCreationException: Error creating bean with name &apos;patientService&apos; defined in class path resource [applicationContext-service.xml]: Cannot resolve reference to bean &apos;patientServiceTarget&apos; while setting bean property &apos;target&apos;; nested exception is org.springframework.beans.factory.BeanCreationException: Error creating bean with name &apos;patientServiceTarget&apos; defined in class path resource [applicationContext-service.xml]: Cannot resolve reference to bean &apos;patientDAO&apos; while setting bean property &apos;patientDAO&apos;; nested exception is org.springframework.beans.factory.BeanCreationException: Error creating bean with name &apos;patientDAO&apos; defined in class path resource [applicationContext-service.xml]: Cannot resolve reference to bean &apos;sessionFactory&apos; while setting bean property &apos;sessionFactory&apos;; nested exception is org.springframework.beans.factory.BeanCurrentlyInCreationException: Error creating bean with name &apos;sessionFactory&apos;: FactoryBean which is currently in creation returned null from getObject
Related cause: org.springframework.beans.factory.BeanCreationException: Error creating bean with name &apos;personService&apos; defined in class path resource [applicationContext-service.xml]: Cannot resolve reference to bean &apos;personServiceTarget&apos; while setting bean property &apos;target&apos;; nested exception is org.springframework.beans.factory.BeanCreationException: Error creating bean with name &apos;personServiceTarget&apos; defined in class path resource [applicationContext-service.xml]: Cannot resolve reference to bean &apos;personDAO&apos; while setting bean property &apos;personDAO&apos;; nested exception is org.springframework.beans.factory.BeanCreationException: Error creating bean with name &apos;personDAO&apos; defined in class path resource [applicationContext-service.xml]: Cannot resolve reference to bean &apos;sessionFactory&apos; while setting bean property &apos;sessionFactory&apos;; nested exception is org.springframework.beans.factory.BeanCurrentlyInCreationException: Error creating bean with name &apos;sessionFactory&apos;: FactoryBean which is currently in creation returned null from getObject
Related cause: org.springframework.beans.factory.BeanCreationException: Error creating bean with name &apos;conceptService&apos; defined in class path resource [applicationContext-service.xml]: Cannot resolve reference to bean &apos;conceptServiceTarget&apos; while setting bean property &apos;target&apos;; nested exception is org.springframework.beans.factory.BeanCreationException: Error creating bean with name &apos;conceptServiceTarget&apos; defined in class path resource [applicationContext-service.xml]: Cannot resolve reference to bean &apos;conceptDAO&apos; while setting bean property &apos;conceptDAO&apos;; nested exception is org.springframework.beans.factory.BeanCreationException: Error creating bean with name &apos;conceptDAO&apos; defined in class path resource [applicationContext-service.xml]: Cannot resolve reference to bean &apos;sessionFactory&apos; while setting bean property &apos;sessionFactory&apos;; nested exception is org.springframework.beans.factory.BeanCurrentlyInCreationException: Error creating bean with name &apos;sessionFactory&apos;: FactoryBean which is currently in creation returned null from getObject
Related cause: org.springframework.beans.factory.BeanCreationException: Error creating bean with name &apos;userService&apos; defined in class path resource [applicationContext-service.xml]: Cannot resolve reference to bean &apos;userServiceTarget&apos; while setting bean property &apos;target&apos;; nested exception is org.springframework.beans.factory.BeanCreationException: Error creating bean with name &apos;userServiceTarget&apos; defined in class path resource [applicationContext-service.xml]: Cannot resolve reference to bean &apos;userDAO&apos; while setting bean property &apos;userDAO&apos;; nested exception is org.springframework.beans.factory.BeanCreationException: Error creating bean with name &apos;userDAO&apos; defined in class path resource [applicationContext-service.xml]: Cannot resolve reference to bean &apos;sessionFactory&apos; while setting bean property &apos;sessionFactory&apos;; nested exception is org.springframework.beans.factory.BeanCurrentlyInCreationException: Error creating bean with name &apos;sessionFactory&apos;: FactoryBean which is currently in creation returned null from getObject
Related cause: org.springframework.beans.factory.BeanCreationException: Error creating bean with name &apos;obsService&apos; defined in class path resource [applicationContext-service.xml]: Cannot resolve reference to bean &apos;obsServiceTarget&apos; while setting bean property &apos;target&apos;; nested exception is org.springframework.beans.factory.BeanCreationException: Error creating bean with name &apos;obsServiceTarget&apos; defined in class path resource [applicationContext-service.xml]: Cannot resolve reference to bean &apos;obsDAO&apos; while setting bean property &apos;obsDAO&apos;; nested exception is org.springframework.beans.factory.BeanCreationException: Error creating bean with name &apos;obsDAO&apos; defined in class path resource [applicationContext-service.xml]: Cannot resolve reference to bean &apos;sessionFactory&apos; while setting bean property &apos;sessionFactory&apos;; nested exception is org.springframework.beans.factory.BeanCurrentlyInCreationException: Error creating bean with name &apos;sessionFactory&apos;: FactoryBean which is currently in creation returned null from getObject
Related cause: org.springframework.beans.factory.BeanCreationException: Error creating bean with name &apos;encounterService&apos; defined in class path resource [applicationContext-service.xml]: Cannot resolve reference to bean &apos;encounterServiceTarget&apos; while setting bean property &apos;target&apos;; nested exception is org.springframework.beans.factory.BeanCreationException: Error creating bean with name &apos;encounterServiceTarget&apos; defined in class path resource [applicationContext-service.xml]: Cannot resolve reference to bean &apos;encounterDAO&apos; while setting bean property &apos;encounterDAO&apos;; nested exception is org.springframework.beans.factory.BeanCreationException: Error creating bean with name &apos;encounterDAO&apos; defined in class path resource [applicationContext-service.xml]: Cannot resolve reference to bean &apos;sessionFactory&apos; while setting bean property &apos;sessionFactory&apos;; nested exception is org.springframework.beans.factory.BeanCurrentlyInCreationException: Error creating bean with name &apos;sessionFactory&apos;: FactoryBean which is currently in creation returned null from getObject
Related cause: org.springframework.beans.factory.BeanCreationException: Error creating bean with name &apos;locationService&apos; defined in class path resource [applicationContext-service.xml]: Cannot resolve reference to bean &apos;locationServiceTarget&apos; while setting bean property &apos;target&apos;; nested exception is org.springframework.beans.factory.BeanCreationException: Error creating bean with name &apos;locationServiceTarget&apos; defined in class path resource [applicationContext-service.xml]: Cannot resolve reference to bean &apos;locationDAO&apos; while setting bean property &apos;locationDAO&apos;; nested exception is org.springframework.beans.factory.BeanCreationException: Error creating bean with name &apos;locationDAO&apos; defined in class path resource [applicationContext-service.xml]: Cannot resolve reference to bean &apos;sessionFactory&apos; while setting bean property &apos;sessionFactory&apos;; nested exception is org.springframework.beans.factory.BeanCurrentlyInCreationException: Error creating bean with name &apos;sessionFactory&apos;: FactoryBean which is currently in creation returned null from getObject
Related cause: org.springframework.beans.factory.BeanCreationException: Error creating bean with name &apos;orderService&apos; defined in class path resource [applicationContext-service.xml]: Cannot resolve reference to bean &apos;orderServiceTarget&apos; while setting bean property &apos;target&apos;; nested exception is org.springframework.beans.factory.BeanCreationException: Error creating bean with name &apos;orderServiceTarget&apos; defined in class path resource [applicationContext-service.xml]: Cannot resolve reference to bean &apos;orderDAO&apos; while setting bean property &apos;orderDAO&apos;; nested exception is org.springframework.beans.factory.BeanCreationException: Error creating bean with name &apos;orderDAO&apos; defined in class path resource [applicationContext-service.xml]: Cannot resolve reference to bean &apos;sessionFactory&apos; while setting bean property &apos;sessionFactory&apos;; nested exception is org.springframework.beans.factory.BeanCurrentlyInCreationException: Error creating bean with name &apos;sessionFactory&apos;: FactoryBean which is currently in creation returned null from getObject
Related cause: org.springframework.beans.factory.BeanCreationException: Error creating bean with name &apos;formService&apos; defined in class path resource [applicationContext-service.xml]: Cannot resolve reference to bean &apos;formServiceTarget&apos; while setting bean property &apos;target&apos;; nested exception is org.springframework.beans.factory.BeanCreationException: Error creating bean with name &apos;formServiceTarget&apos; defined in class path resource [applicationContext-service.xml]: Cannot resolve reference to bean &apos;formDAO&apos; while setting bean property &apos;formDAO&apos;; nested exception is org.springframework.beans.factory.BeanCreationException: Error creating bean with name &apos;formDAO&apos; defined in class path resource [applicationContext-service.xml]: Cannot resolve reference to bean &apos;sessionFactory&apos; while setting bean property &apos;sessionFactory&apos;; nested exception is org.springframework.beans.factory.BeanCurrentlyInCreationException: Error creating bean with name &apos;sessionFactory&apos;: FactoryBean which is currently in creation returned null from getObject
Related cause: org.springframework.beans.factory.BeanCreationException: Error creating bean with name &apos;adminService&apos; defined in class path resource [applicationContext-service.xml]: Cannot resolve reference to bean &apos;adminServiceTarget&apos; while setting bean property &apos;target&apos;; nested exception is org.springframework.beans.factory.BeanCreationException: Error creating bean with name &apos;adminServiceTarget&apos; defined in class path resource [applicationContext-service.xml]: Cannot resolve reference to bean &apos;adminDAO&apos; while setting bean property &apos;administrationDAO&apos;; nested exception is org.springframework.beans.factory.BeanCreationException: Error creating bean with name &apos;adminDAO&apos; defined in class path resource [applicationContext-service.xml]: Cannot resolve reference to bean &apos;sessionFactory&apos; while setting bean property &apos;sessionFactory&apos;; nested exception is org.springframework.beans.factory.BeanCurrentlyInCreationException: Error creating bean with name &apos;sessionFactory&apos;: FactoryBean which is currently in creation returned null from getObject
Related cause: org.springframework.beans.factory.BeanCreationException: Error creating bean with name &apos;programWorkflowService&apos; defined in class path resource [applicationContext-service.xml]: Cannot resolve reference to bean &apos;programWorkflowServiceTarget&apos; while setting bean property &apos;target&apos;; nested exception is org.springframework.beans.factory.BeanCreationException: Error creating bean with name &apos;programWorkflowServiceTarget&apos; defined in class path resource [applicationContext-service.xml]: Cannot resolve reference to bean &apos;programWorkflowDAO&apos; while setting bean property &apos;programWorkflowDAO&apos;; nested exception is org.springframework.beans.factory.BeanCreationException: Error creating bean with name &apos;programWorkflowDAO&apos; defined in class path resource [applicationContext-service.xml]: Cannot resolve reference to bean &apos;sessionFactory&apos; while setting bean property &apos;sessionFactory&apos;; nested exception is org.springframework.beans.factory.BeanCurrentlyInCreationException: Error creating bean with name &apos;sessionFactory&apos;: FactoryBean which is currently in creation returned null from getObject
Related cause: org.springframework.beans.factory.BeanCreationException: Error creating bean with name &apos;messageService&apos; defined in class path resource [applicationContext-service.xml]: Cannot resolve reference to bean &apos;messageServiceTarget&apos; while setting bean property &apos;target&apos;; nested exception is org.springframework.beans.factory.BeanCreationException: Error creating bean with name &apos;messageServiceTarget&apos; defined in class path resource [applicationContext-service.xml]: Cannot resolve reference to bean &apos;templateDAO&apos; while setting bean property &apos;templateDAO&apos;; nested exception is org.springframework.beans.factory.BeanCreationException: Error creating bean with name &apos;templateDAO&apos; defined in class path resource [applicationContext-service.xml]: Cannot resolve reference to bean &apos;sessionFactory&apos; while setting bean property &apos;sessionFactory&apos;; nested exception is org.springframework.beans.factory.BeanCurrentlyInCreationException: Error creating bean with name &apos;sessionFactory&apos;: FactoryBean which is currently in creation returned null from getObject
Related cause: org.springframework.beans.factory.BeanCreationException: Error creating bean with name &apos;patientSetService&apos; defined in class path resource [applicationContext-service.xml]: Cannot resolve reference to bean &apos;patientSetServiceTarget&apos; while setting bean property &apos;target&apos;; nested exception is org.springframework.beans.factory.BeanCreationException: Error creating bean with name &apos;patientSetServiceTarget&apos; defined in class path resource [applicationContext-service.xml]: Cannot resolve reference to bean &apos;patientSetDAO&apos; while setting bean property &apos;patientSetDAO&apos;; nested exception is org.springframework.beans.factory.BeanCreationException: Error creating bean with name &apos;patientSetDAO&apos; defined in class path resource [applicationContext-service.xml]: Cannot resolve reference to bean &apos;sessionFactory&apos; while setting bean property &apos;sessionFactory&apos;; nested exception is org.springframework.beans.factory.BeanCurrentlyInCreationException: Error creating bean with name &apos;sessionFactory&apos;: FactoryBean which is currently in creation returned null from getObject
Related cause: org.springframework.beans.factory.BeanCreationException: Error creating bean with name &apos;cohortService&apos; defined in class path resource [applicationContext-service.xml]: Cannot resolve reference to bean &apos;cohortServiceTarget&apos; while setting bean property &apos;target&apos;; nested exception is org.springframework.beans.factory.BeanCreationException: Error creating bean with name &apos;cohortServiceTarget&apos; defined in class path resource [applicationContext-service.xml]: Cannot resolve reference to bean &apos;cohortDAO&apos; while setting bean property &apos;cohortDAO&apos;; nested exception is org.springframework.beans.factory.BeanCreationException: Error creating bean with name &apos;cohortDAO&apos; defined in class path resource [applicationContext-service.xml]: Cannot resolve reference to bean &apos;sessionFactory&apos; while setting bean property &apos;sessionFactory&apos;; nested exception is org.springframework.beans.factory.BeanCurrentlyInCreationException: Error creating bean with name &apos;sessionFactory&apos;: FactoryBean which is currently in creation returned null from getObject
Related cause: org.springframework.beans.factory.BeanCreationException: Error creating bean with name &apos;schedulerService&apos; defined in class path resource [applicationContext-service.xml]: Cannot resolve reference to bean &apos;schedulerServiceTarget&apos; while setting bean property &apos;target&apos;; nested exception is org.springframework.beans.factory.BeanCreationException: Error creating bean with name &apos;schedulerServiceTarget&apos; defined in class path resource [applicationContext-service.xml]: Cannot resolve reference to bean &apos;schedulerDAO&apos; while setting bean property &apos;schedulerDAO&apos;; nested exception is org.springframework.beans.factory.BeanCreationException: Error creating bean with name &apos;schedulerDAO&apos; defined in class path resource [applicationContext-service.xml]: Cannot resolve reference to bean &apos;sessionFactory&apos; while setting bean property &apos;sessionFactory&apos;; nested exception is org.springframework.beans.factory.BeanCurrentlyInCreationException: Error creating bean with name &apos;sessionFactory&apos;: FactoryBean which is currently in creation returned null from getObject
Related cause: org.springframework.beans.factory.BeanCreationException: Error creating bean with name &apos;alertService&apos; defined in class path resource [applicationContext-service.xml]: Cannot resolve reference to bean &apos;alertServiceTarget&apos; while setting bean property &apos;target&apos;; nested exception is org.springframework.beans.factory.BeanCreationException: Error creating bean with name &apos;alertServiceTarget&apos; defined in class path resource [applicationContext-service.xml]: Cannot resolve reference to bean &apos;alertDAO&apos; while setting bean property &apos;alertDAO&apos;; nested exception is org.springframework.beans.factory.BeanCreationException: Error creating bean with name &apos;alertDAO&apos; defined in class path resource [applicationContext-service.xml]: Cannot resolve reference to bean &apos;sessionFactory&apos; while setting bean property &apos;sessionFactory&apos;; nested exception is org.springframework.beans.factory.BeanCurrentlyInCreationException: Error creating bean with name &apos;sessionFactory&apos;: FactoryBean which is currently in creation returned null from getObject
Related cause: org.springframework.beans.factory.BeanCreationException: Error creating bean with name &apos;reportService&apos; defined in class path resource [applicationContext-service.xml]: Cannot resolve reference to bean &apos;reportServiceTarget&apos; while setting bean property &apos;target&apos;; nested exception is org.springframework.beans.factory.BeanCreationException: Error creating bean with name &apos;reportServiceTarget&apos; defined in class path resource [applicationContext-service.xml]: Cannot resolve reference to bean &apos;reportDAO&apos; while setting bean property &apos;reportDAO&apos;; nested exception is org.springframework.beans.factory.BeanCreationException: Error creating bean with name &apos;reportDAO&apos; defined in class path resource [applicationContext-service.xml]: Cannot resolve reference to bean &apos;sessionFactory&apos; while setting bean property &apos;sessionFactory&apos;; nested exception is org.springframework.beans.factory.BeanCurrentlyInCreationException: Error creating bean with name &apos;sessionFactory&apos;: FactoryBean which is currently in creation returned null from getObject
Related cause: org.springframework.beans.factory.BeanCreationException: Error creating bean with name &apos;reportObjectService&apos; defined in class path resource [applicationContext-service.xml]: Cannot resolve reference to bean &apos;reportObjectServiceTarget&apos; while setting bean property &apos;target&apos;; nested exception is org.springframework.beans.factory.BeanCreationException: Error creating bean with name &apos;reportObjectServiceTarget&apos; defined in class path resource [applicationContext-service.xml]: Cannot resolve reference to bean &apos;reportObjectDAO&apos; while setting bean property &apos;reportObjectDAO&apos;; nested exception is org.springframework.beans.factory.BeanCreationException: Error creating bean with name &apos;reportObjectDAO&apos; defined in class path resource [applicationContext-service.xml]: Cannot resolve reference to bean &apos;sessionFactory&apos; while setting bean property &apos;sessionFactory&apos;; nested exception is org.springframework.beans.factory.BeanCurrentlyInCreationException: Error creating bean with name &apos;sessionFactory&apos;: FactoryBean which is currently in creation returned null from getObject
Related cause: org.springframework.beans.factory.BeanCreationException: Error creating bean with name &apos;hL7Service&apos; defined in class path resource [applicationContext-service.xml]: Cannot resolve reference to bean &apos;hL7ServiceTarget&apos; while setting bean property &apos;target&apos;; nested exception is org.springframework.beans.factory.BeanCreationException: Error creating bean with name &apos;hL7ServiceTarget&apos; defined in class path resource [applicationContext-service.xml]: Cannot resolve reference to bean &apos;hL7DAO&apos; while setting bean property &apos;HL7DAO&apos;; nested exception is org.springframework.beans.factory.BeanCreationException: Error creating bean with name &apos;hL7DAO&apos; defined in class path resource [applicationContext-service.xml]: Cannot resolve reference to bean &apos;sessionFactory&apos; while setting bean property &apos;sessionFactory&apos;; nested exception is org.springframework.beans.factory.BeanCurrentlyInCreationException: Error creating bean with name &apos;sessionFactory&apos;: FactoryBean which is currently in creation returned null from getObject
	at org.springframework.beans.factory.support.BeanDefinitionValueResolver.resolveReference(BeanDefinitionValueResolver.java:275)
	at org.springframework.beans.factory.support.BeanDefinitionValueResolver.resolveValueIfNecessary(BeanDefinitionValueResolver.java:104)
	at org.springframework.beans.factory.support.AbstractAutowireCapableBeanFactory.applyPropertyValues(AbstractAutowireCapableBeanFactory.java:1245)
	at org.springframework.beans.factory.support.AbstractAutowireCapableBeanFactory.populateBean(AbstractAutowireCapableBeanFactory.java:1010)
	at org.springframework.beans.factory.support.AbstractAutowireCapableBeanFactory.doCreateBean(AbstractAutowireCapableBeanFactory.java:472)
	at org.springframework.beans.factory.support.AbstractAutowireCapableBeanFactory$1.run(AbstractAutowireCapableBeanFactory.java:409)
	at java.security.AccessController.doPrivileged(Native Method)
	at org.springframework.beans.factory.support.AbstractAutowireCapableBeanFactory.createBean(AbstractAutowireCapableBeanFactory.java:380)
	at org.springframework.beans.factory.support.AbstractBeanFactory$1.getObject(AbstractBeanFactory.java:264)
	at org.springframework.beans.factory.support.DefaultSingletonBeanRegistry.getSingleton(DefaultSingletonBeanRegistry.java:222)
	at org.springframework.beans.factory.support.AbstractBeanFactory.doGetBean(AbstractBeanFactory.java:261)
	at org.springframework.beans.factory.support.AbstractBeanFactory.getBean(AbstractBeanFactory.java:185)
	at org.springframework.beans.factory.support.AbstractBeanFactory.getBean(AbstractBeanFactory.java:164)
	at org.springframework.beans.factory.support.DefaultListableBeanFactory.preInstantiateSingletons(DefaultListableBeanFactory.java:429)
	at org.springframework.context.support.AbstractApplicationContext.finishBeanFactoryInitialization(AbstractApplicationContext.java:728)
	at org.springframework.context.support.AbstractApplicationContext.refresh(AbstractApplicationContext.java:380)
	at org.springframework.test.context.support.AbstractGenericContextLoader.loadContext(AbstractGenericContextLoader.java:84)
	at org.springframework.test.context.support.AbstractGenericContextLoader.loadContext(AbstractGenericContextLoader.java:42)
	at org.springframework.test.context.TestContext.loadApplicationContext(TestContext.java:173)
	at org.springframework.test.context.TestContext.getApplicationContext(TestContext.java:197)
	... 23 more
Caused by: org.springframework.beans.factory.BeanCreationException: Error creating bean with name &apos;transactionInterceptor&apos; defined in class path resource [applicationContext-service.xml]: Cannot resolve reference to bean &apos;transactionManager&apos; while setting bean property &apos;transactionManager&apos;; nested exception is org.springframework.beans.factory.BeanCreationException: Error creating bean with name &apos;transactionManager&apos; defined in class path resource [applicationContext-service.xml]: Cannot resolve reference to bean &apos;sessionFactory&apos; while setting bean property &apos;sessionFactory&apos;; nested exception is org.springframework.beans.factory.BeanCreationException: Error creating bean with name &apos;sessionFactory&apos;: Autowiring of fields failed; nested exception is org.springframework.beans.factory.BeanCreationException: Could not autowire field: public java.util.Map org.openmrs.api.db.hibernate.HibernateSessionFactoryBean.interceptors; nested exception is org.springframework.beans.factory.CannotLoadBeanClassException: Cannot find class [@MODULE_PACKAGE@.web.controller.importbillables.ProcessBillableServicesImportController] for bean with name &apos;processBillableServicesController&apos; defined in URL [file:/media/OS/Workspace/Git%20Projects/moh-billing/omod/target/classes/moduleApplicationContext.xml]; nested exception is java.lang.ClassNotFoundException: @MODULE_PACKAGE@.web.controller.importbillables.ProcessBillableServicesImportController
	at org.springframework.beans.factory.support.BeanDefinitionValueResolver.resolveReference(BeanDefinitionValueResolver.java:275)
	at org.springframework.beans.factory.support.BeanDefinitionValueResolver.resolveValueIfNecessary(BeanDefinitionValueResolver.java:104)
	at org.springframework.beans.factory.support.AbstractAutowireCapableBeanFactory.applyPropertyValues(AbstractAutowireCapableBeanFactory.java:1245)
	at org.springframework.beans.factory.support.AbstractAutowireCapableBeanFactory.populateBean(AbstractAutowireCapableBeanFactory.java:1010)
	at org.springframework.beans.factory.support.AbstractAutowireCapableBeanFactory.doCreateBean(AbstractAutowireCapableBeanFactory.java:472)
	at org.springframework.beans.factory.support.AbstractAutowireCapableBeanFactory$1.run(AbstractAutowireCapableBeanFactory.java:409)
	at java.security.AccessController.doPrivileged(Native Method)
	at org.springframework.beans.factory.support.AbstractAutowireCapableBeanFactory.createBean(AbstractAutowireCapableBeanFactory.java:380)
	at org.springframework.beans.factory.support.AbstractBeanFactory$1.getObject(AbstractBeanFactory.java:264)
	at org.springframework.beans.factory.support.DefaultSingletonBeanRegistry.getSingleton(DefaultSingletonBeanRegistry.java:222)
	at org.springframework.beans.factory.support.AbstractBeanFactory.doGetBean(AbstractBeanFactory.java:261)
	at org.springframework.beans.factory.support.AbstractBeanFactory.getBean(AbstractBeanFactory.java:185)
	at org.springframework.beans.factory.support.AbstractBeanFactory.getBean(AbstractBeanFactory.java:164)
	at org.springframework.beans.factory.support.BeanDefinitionValueResolver.resolveReference(BeanDefinitionValueResolver.java:269)
	... 42 more
Caused by: org.springframework.beans.factory.BeanCreationException: Error creating bean with name &apos;transactionManager&apos; defined in class path resource [applicationContext-service.xml]: Cannot resolve reference to bean &apos;sessionFactory&apos; while setting bean property &apos;sessionFactory&apos;; nested exception is org.springframework.beans.factory.BeanCreationException: Error creating bean with name &apos;sessionFactory&apos;: Autowiring of fields failed; nested exception is org.springframework.beans.factory.BeanCreationException: Could not autowire field: public java.util.Map org.openmrs.api.db.hibernate.HibernateSessionFactoryBean.interceptors; nested exception is org.springframework.beans.factory.CannotLoadBeanClassException: Cannot find class [@MODULE_PACKAGE@.web.controller.importbillables.ProcessBillableServicesImportController] for bean with name &apos;processBillableServicesController&apos; defined in URL [file:/media/OS/Workspace/Git%20Projects/moh-billing/omod/target/classes/moduleApplicationContext.xml]; nested exception is java.lang.ClassNotFoundException: @MODULE_PACKAGE@.web.controller.importbillables.ProcessBillableServicesImportController
	at org.springframework.beans.factory.support.BeanDefinitionValueResolver.resolveReference(BeanDefinitionValueResolver.java:275)
	at org.springframework.beans.factory.support.BeanDefinitionValueResolver.resolveValueIfNecessary(BeanDefinitionValueResolver.java:104)
	at org.springframework.beans.factory.support.AbstractAutowireCapableBeanFactory.applyPropertyValues(AbstractAutowireCapableBeanFactory.java:1245)
	at org.springframework.beans.factory.support.AbstractAutowireCapableBeanFactory.populateBean(AbstractAutowireCapableBeanFactory.java:1010)
	at org.springframework.beans.factory.support.AbstractAutowireCapableBeanFactory.doCreateBean(AbstractAutowireCapableBeanFactory.java:472)
	at org.springframework.beans.factory.support.AbstractAutowireCapableBeanFactory$1.run(AbstractAutowireCapableBeanFactory.java:409)
	at java.security.AccessController.doPrivileged(Native Method)
	at org.springframework.beans.factory.support.AbstractAutowireCapableBeanFactory.createBean(AbstractAutowireCapableBeanFactory.java:380)
	at org.springframework.beans.factory.support.AbstractBeanFactory$1.getObject(AbstractBeanFactory.java:264)
	at org.springframework.beans.factory.support.DefaultSingletonBeanRegistry.getSingleton(DefaultSingletonBeanRegistry.java:222)
	at org.springframework.beans.factory.support.AbstractBeanFactory.doGetBean(AbstractBeanFactory.java:261)
	at org.springframework.beans.factory.support.AbstractBeanFactory.getBean(AbstractBeanFactory.java:185)
	at org.springframework.beans.factory.support.AbstractBeanFactory.getBean(AbstractBeanFactory.java:164)
	at org.springframework.beans.factory.support.BeanDefinitionValueResolver.resolveReference(BeanDefinitionValueResolver.java:269)
	... 55 more
Caused by: org.springframework.beans.factory.BeanCreationException: Error creating bean with name &apos;sessionFactory&apos;: Autowiring of fields failed; nested exception is org.springframework.beans.factory.BeanCreationException: Could not autowire field: public java.util.Map org.openmrs.api.db.hibernate.HibernateSessionFactoryBean.interceptors; nested exception is org.springframework.beans.factory.CannotLoadBeanClassException: Cannot find class [@MODULE_PACKAGE@.web.controller.importbillables.ProcessBillableServicesImportController] for bean with name &apos;processBillableServicesController&apos; defined in URL [file:/media/OS/Workspace/Git%20Projects/moh-billing/omod/target/classes/moduleApplicationContext.xml]; nested exception is java.lang.ClassNotFoundException: @MODULE_PACKAGE@.web.controller.importbillables.ProcessBillableServicesImportController
	at org.springframework.beans.factory.annotation.AutowiredAnnotationBeanPostProcessor.postProcessAfterInstantiation(AutowiredAnnotationBeanPostProcessor.java:243)
	at org.springframework.beans.factory.support.AbstractAutowireCapableBeanFactory.populateBean(AbstractAutowireCapableBeanFactory.java:959)
	at org.springframework.beans.factory.support.AbstractAutowireCapableBeanFactory.doCreateBean(AbstractAutowireCapableBeanFactory.java:472)
	at org.springframework.beans.factory.support.AbstractAutowireCapableBeanFactory$1.run(AbstractAutowireCapableBeanFactory.java:409)
	at java.security.AccessController.doPrivileged(Native Method)
	at org.springframework.beans.factory.support.AbstractAutowireCapableBeanFactory.createBean(AbstractAutowireCapableBeanFactory.java:380)
	at org.springframework.beans.factory.support.AbstractBeanFactory$1.getObject(AbstractBeanFactory.java:264)
	at org.springframework.beans.factory.support.DefaultSingletonBeanRegistry.getSingleton(DefaultSingletonBeanRegistry.java:222)
	at org.springframework.beans.factory.support.AbstractBeanFactory.doGetBean(AbstractBeanFactory.java:261)
	at org.springframework.beans.factory.support.AbstractBeanFactory.getBean(AbstractBeanFactory.java:185)
	at org.springframework.beans.factory.support.AbstractBeanFactory.getBean(AbstractBeanFactory.java:164)
	at org.springframework.beans.factory.support.BeanDefinitionValueResolver.resolveReference(BeanDefinitionValueResolver.java:269)
	... 68 more
Caused by: org.springframework.beans.factory.BeanCreationException: Could not autowire field: public java.util.Map org.openmrs.api.db.hibernate.HibernateSessionFactoryBean.interceptors; nested exception is org.springframework.beans.factory.CannotLoadBeanClassException: Cannot find class [@MODULE_PACKAGE@.web.controller.importbillables.ProcessBillableServicesImportController] for bean with name &apos;processBillableServicesController&apos; defined in URL [file:/media/OS/Workspace/Git%20Projects/moh-billing/omod/target/classes/moduleApplicationContext.xml]; nested exception is java.lang.ClassNotFoundException: @MODULE_PACKAGE@.web.controller.importbillables.ProcessBillableServicesImportController
	at org.springframework.beans.factory.annotation.AutowiredAnnotationBeanPostProcessor$AutowiredFieldElement.inject(AutowiredAnnotationBeanPostProcessor.java:435)
	at org.springframework.beans.factory.annotation.InjectionMetadata.injectFields(InjectionMetadata.java:105)
	at org.springframework.beans.factory.annotation.AutowiredAnnotationBeanPostProcessor.postProcessAfterInstantiation(AutowiredAnnotationBeanPostProcessor.java:240)
	... 79 more
Caused by: org.springframework.beans.factory.CannotLoadBeanClassException: Cannot find class [@MODULE_PACKAGE@.web.controller.importbillables.ProcessBillableServicesImportController] for bean with name &apos;processBillableServicesController&apos; defined in URL [file:/media/OS/Workspace/Git%20Projects/moh-billing/omod/target/classes/moduleApplicationContext.xml]; nested exception is java.lang.ClassNotFoundException: @MODULE_PACKAGE@.web.controller.importbillables.ProcessBillableServicesImportController
	at org.springframework.beans.factory.support.AbstractBeanFactory.resolveBeanClass(AbstractBeanFactory.java:1141)
	at org.springframework.beans.factory.support.AbstractAutowireCapableBeanFactory.predictBeanType(AbstractAutowireCapableBeanFactory.java:524)
	at org.springframework.beans.factory.support.AbstractBeanFactory.isFactoryBean(AbstractBeanFactory.java:1177)
	at org.springframework.beans.factory.support.DefaultListableBeanFactory.getBeanNamesForType(DefaultListableBeanFactory.java:222)
	at org.springframework.beans.factory.BeanFactoryUtils.beanNamesForTypeIncludingAncestors(BeanFactoryUtils.java:187)
	at org.springframework.beans.factory.support.DefaultListableBeanFactory.findAutowireCandidates(DefaultListableBeanFactory.java:652)
	at org.springframework.beans.factory.support.DefaultListableBeanFactory.resolveDependency(DefaultListableBeanFactory.java:597)
	at org.springframework.beans.factory.annotation.AutowiredAnnotationBeanPostProcessor$AutowiredFieldElement.inject(AutowiredAnnotationBeanPostProcessor.java:412)
	... 81 more
Caused by: java.lang.ClassNotFoundException: @MODULE_PACKAGE@.web.controller.importbillables.ProcessBillableServicesImportController
	at java.net.URLClassLoader$1.run(URLClassLoader.java:217)
	at java.security.AccessController.doPrivileged(Native Method)
	at java.net.URLClassLoader.findClass(URLClassLoader.java:205)
	at java.lang.ClassLoader.loadClass(ClassLoader.java:323)
	at sun.misc.Launcher$AppClassLoader.loadClass(Launcher.java:294)
	at java.lang.ClassLoader.loadClass(ClassLoader.java:268)
	at org.openmrs.util.OpenmrsClassLoader.loadClass(OpenmrsClassLoader.java:144)
	at java.lang.ClassLoader.loadClass(ClassLoader.java:268)
	at org.springframework.util.ClassUtils.forName(ClassUtils.java:211)
	at org.springframework.beans.factory.support.AbstractBeanDefinition.resolveBeanClass(AbstractBeanDefinition.java:385)
	at org.springframework.beans.factory.support.AbstractBeanFactory.resolveBeanClass(AbstractBeanFactory.java:1138)
	... 88 more
</error>
  </testcase>
  <testcase time="0.004" classname="org.openmrs.module.mohbilling.testcases.BillingAPIReportUtilTest" name="testGetPaidServices">
    <error message="Failed to load ApplicationContext" type="java.lang.IllegalStateException">java.lang.IllegalStateException: Failed to load ApplicationContext
	at org.springframework.test.context.TestContext.getApplicationContext(TestContext.java:201)
	at org.springframework.test.context.support.DependencyInjectionTestExecutionListener.injectDependencies(DependencyInjectionTestExecutionListener.java:109)
	at org.springframework.test.context.support.DependencyInjectionTestExecutionListener.prepareTestInstance(DependencyInjectionTestExecutionListener.java:75)
	at org.springframework.test.context.TestContextManager.prepareTestInstance(TestContextManager.java:255)
	at org.springframework.test.context.junit4.SpringJUnit4ClassRunner.createTest(SpringJUnit4ClassRunner.java:111)
	at org.springframework.test.context.junit4.SpringJUnit4ClassRunner.invokeTestMethod(SpringJUnit4ClassRunner.java:148)
	at org.junit.internal.runners.JUnit4ClassRunner.runMethods(JUnit4ClassRunner.java:51)
	at org.junit.internal.runners.JUnit4ClassRunner$1.run(JUnit4ClassRunner.java:44)
	at org.junit.internal.runners.ClassRoadie.runUnprotected(ClassRoadie.java:27)
	at org.junit.internal.runners.ClassRoadie.runProtected(ClassRoadie.java:37)
	at org.junit.internal.runners.JUnit4ClassRunner.run(JUnit4ClassRunner.java:42)
	at org.springframework.test.context.junit4.SpringJUnit4ClassRunner.run(SpringJUnit4ClassRunner.java:97)
	at org.apache.maven.surefire.junit4.JUnit4TestSet.execute(JUnit4TestSet.java:53)
	at org.apache.maven.surefire.junit4.JUnit4Provider.executeTestSet(JUnit4Provider.java:123)
	at org.apache.maven.surefire.junit4.JUnit4Provider.invoke(JUnit4Provider.java:104)
	at sun.reflect.NativeMethodAccessorImpl.invoke0(Native Method)
	at sun.reflect.NativeMethodAccessorImpl.invoke(NativeMethodAccessorImpl.java:57)
	at sun.reflect.DelegatingMethodAccessorImpl.invoke(DelegatingMethodAccessorImpl.java:43)
	at java.lang.reflect.Method.invoke(Method.java:622)
	at org.apache.maven.surefire.util.ReflectionUtils.invokeMethodWithArray(ReflectionUtils.java:164)
	at org.apache.maven.surefire.booter.ProviderFactory$ProviderProxy.invoke(ProviderFactory.java:110)
	at org.apache.maven.surefire.booter.SurefireStarter.invokeProvider(SurefireStarter.java:175)
	at org.apache.maven.surefire.booter.SurefireStarter.runSuitesInProcessWhenForked(SurefireStarter.java:107)
	at org.apache.maven.surefire.booter.ForkedBooter.main(ForkedBooter.java:68)
Caused by: org.springframework.beans.factory.BeanCreationException: Error creating bean with name &apos;org.springframework.transaction.interceptor.TransactionAttributeSourceAdvisor#0&apos; defined in class path resource [applicationContext-service.xml]: Cannot resolve reference to bean &apos;transactionInterceptor&apos; while setting bean property &apos;transactionInterceptor&apos;; nested exception is org.springframework.beans.factory.BeanCreationException: Error creating bean with name &apos;transactionInterceptor&apos; defined in class path resource [applicationContext-service.xml]: Cannot resolve reference to bean &apos;transactionManager&apos; while setting bean property &apos;transactionManager&apos;; nested exception is org.springframework.beans.factory.BeanCreationException: Error creating bean with name &apos;transactionManager&apos; defined in class path resource [applicationContext-service.xml]: Cannot resolve reference to bean &apos;sessionFactory&apos; while setting bean property &apos;sessionFactory&apos;; nested exception is org.springframework.beans.factory.BeanCreationException: Error creating bean with name &apos;sessionFactory&apos;: Autowiring of fields failed; nested exception is org.springframework.beans.factory.BeanCreationException: Could not autowire field: public java.util.Map org.openmrs.api.db.hibernate.HibernateSessionFactoryBean.interceptors; nested exception is org.springframework.beans.factory.CannotLoadBeanClassException: Cannot find class [@MODULE_PACKAGE@.web.controller.importbillables.ProcessBillableServicesImportController] for bean with name &apos;processBillableServicesController&apos; defined in URL [file:/media/OS/Workspace/Git%20Projects/moh-billing/omod/target/classes/moduleApplicationContext.xml]; nested exception is java.lang.ClassNotFoundException: @MODULE_PACKAGE@.web.controller.importbillables.ProcessBillableServicesImportController
Related cause: org.springframework.beans.factory.CannotLoadBeanClassException: Cannot find class [@MODULE_PACKAGE@.web.controller.importbillables.ProcessBillableServicesImportController] for bean with name &apos;processBillableServicesController&apos; defined in URL [file:/media/OS/Workspace/Git%20Projects/moh-billing/omod/target/classes/moduleApplicationContext.xml]; nested exception is java.lang.ClassNotFoundException: @MODULE_PACKAGE@.web.controller.importbillables.ProcessBillableServicesImportController
Related cause: org.springframework.beans.factory.CannotLoadBeanClassException: Cannot find class [@MODULE_PACKAGE@.web.controller.importbillables.ImportBillableServicesFormController] for bean with name &apos;importBillableServicesFormController&apos; defined in URL [file:/media/OS/Workspace/Git%20Projects/moh-billing/omod/target/classes/moduleApplicationContext.xml]; nested exception is java.lang.ClassNotFoundException: @MODULE_PACKAGE@.web.controller.importbillables.ImportBillableServicesFormController
Related cause: org.springframework.beans.factory.BeanCreationException: Error creating bean with name &apos;patientService&apos; defined in class path resource [applicationContext-service.xml]: Cannot resolve reference to bean &apos;patientServiceTarget&apos; while setting bean property &apos;target&apos;; nested exception is org.springframework.beans.factory.BeanCreationException: Error creating bean with name &apos;patientServiceTarget&apos; defined in class path resource [applicationContext-service.xml]: Cannot resolve reference to bean &apos;patientDAO&apos; while setting bean property &apos;patientDAO&apos;; nested exception is org.springframework.beans.factory.BeanCreationException: Error creating bean with name &apos;patientDAO&apos; defined in class path resource [applicationContext-service.xml]: Cannot resolve reference to bean &apos;sessionFactory&apos; while setting bean property &apos;sessionFactory&apos;; nested exception is org.springframework.beans.factory.BeanCurrentlyInCreationException: Error creating bean with name &apos;sessionFactory&apos;: FactoryBean which is currently in creation returned null from getObject
Related cause: org.springframework.beans.factory.BeanCreationException: Error creating bean with name &apos;personService&apos; defined in class path resource [applicationContext-service.xml]: Cannot resolve reference to bean &apos;personServiceTarget&apos; while setting bean property &apos;target&apos;; nested exception is org.springframework.beans.factory.BeanCreationException: Error creating bean with name &apos;personServiceTarget&apos; defined in class path resource [applicationContext-service.xml]: Cannot resolve reference to bean &apos;personDAO&apos; while setting bean property &apos;personDAO&apos;; nested exception is org.springframework.beans.factory.BeanCreationException: Error creating bean with name &apos;personDAO&apos; defined in class path resource [applicationContext-service.xml]: Cannot resolve reference to bean &apos;sessionFactory&apos; while setting bean property &apos;sessionFactory&apos;; nested exception is org.springframework.beans.factory.BeanCurrentlyInCreationException: Error creating bean with name &apos;sessionFactory&apos;: FactoryBean which is currently in creation returned null from getObject
Related cause: org.springframework.beans.factory.BeanCreationException: Error creating bean with name &apos;conceptService&apos; defined in class path resource [applicationContext-service.xml]: Cannot resolve reference to bean &apos;conceptServiceTarget&apos; while setting bean property &apos;target&apos;; nested exception is org.springframework.beans.factory.BeanCreationException: Error creating bean with name &apos;conceptServiceTarget&apos; defined in class path resource [applicationContext-service.xml]: Cannot resolve reference to bean &apos;conceptDAO&apos; while setting bean property &apos;conceptDAO&apos;; nested exception is org.springframework.beans.factory.BeanCreationException: Error creating bean with name &apos;conceptDAO&apos; defined in class path resource [applicationContext-service.xml]: Cannot resolve reference to bean &apos;sessionFactory&apos; while setting bean property &apos;sessionFactory&apos;; nested exception is org.springframework.beans.factory.BeanCurrentlyInCreationException: Error creating bean with name &apos;sessionFactory&apos;: FactoryBean which is currently in creation returned null from getObject
Related cause: org.springframework.beans.factory.BeanCreationException: Error creating bean with name &apos;userService&apos; defined in class path resource [applicationContext-service.xml]: Cannot resolve reference to bean &apos;userServiceTarget&apos; while setting bean property &apos;target&apos;; nested exception is org.springframework.beans.factory.BeanCreationException: Error creating bean with name &apos;userServiceTarget&apos; defined in class path resource [applicationContext-service.xml]: Cannot resolve reference to bean &apos;userDAO&apos; while setting bean property &apos;userDAO&apos;; nested exception is org.springframework.beans.factory.BeanCreationException: Error creating bean with name &apos;userDAO&apos; defined in class path resource [applicationContext-service.xml]: Cannot resolve reference to bean &apos;sessionFactory&apos; while setting bean property &apos;sessionFactory&apos;; nested exception is org.springframework.beans.factory.BeanCurrentlyInCreationException: Error creating bean with name &apos;sessionFactory&apos;: FactoryBean which is currently in creation returned null from getObject
Related cause: org.springframework.beans.factory.BeanCreationException: Error creating bean with name &apos;obsService&apos; defined in class path resource [applicationContext-service.xml]: Cannot resolve reference to bean &apos;obsServiceTarget&apos; while setting bean property &apos;target&apos;; nested exception is org.springframework.beans.factory.BeanCreationException: Error creating bean with name &apos;obsServiceTarget&apos; defined in class path resource [applicationContext-service.xml]: Cannot resolve reference to bean &apos;obsDAO&apos; while setting bean property &apos;obsDAO&apos;; nested exception is org.springframework.beans.factory.BeanCreationException: Error creating bean with name &apos;obsDAO&apos; defined in class path resource [applicationContext-service.xml]: Cannot resolve reference to bean &apos;sessionFactory&apos; while setting bean property &apos;sessionFactory&apos;; nested exception is org.springframework.beans.factory.BeanCurrentlyInCreationException: Error creating bean with name &apos;sessionFactory&apos;: FactoryBean which is currently in creation returned null from getObject
Related cause: org.springframework.beans.factory.BeanCreationException: Error creating bean with name &apos;encounterService&apos; defined in class path resource [applicationContext-service.xml]: Cannot resolve reference to bean &apos;encounterServiceTarget&apos; while setting bean property &apos;target&apos;; nested exception is org.springframework.beans.factory.BeanCreationException: Error creating bean with name &apos;encounterServiceTarget&apos; defined in class path resource [applicationContext-service.xml]: Cannot resolve reference to bean &apos;encounterDAO&apos; while setting bean property &apos;encounterDAO&apos;; nested exception is org.springframework.beans.factory.BeanCreationException: Error creating bean with name &apos;encounterDAO&apos; defined in class path resource [applicationContext-service.xml]: Cannot resolve reference to bean &apos;sessionFactory&apos; while setting bean property &apos;sessionFactory&apos;; nested exception is org.springframework.beans.factory.BeanCurrentlyInCreationException: Error creating bean with name &apos;sessionFactory&apos;: FactoryBean which is currently in creation returned null from getObject
Related cause: org.springframework.beans.factory.BeanCreationException: Error creating bean with name &apos;locationService&apos; defined in class path resource [applicationContext-service.xml]: Cannot resolve reference to bean &apos;locationServiceTarget&apos; while setting bean property &apos;target&apos;; nested exception is org.springframework.beans.factory.BeanCreationException: Error creating bean with name &apos;locationServiceTarget&apos; defined in class path resource [applicationContext-service.xml]: Cannot resolve reference to bean &apos;locationDAO&apos; while setting bean property &apos;locationDAO&apos;; nested exception is org.springframework.beans.factory.BeanCreationException: Error creating bean with name &apos;locationDAO&apos; defined in class path resource [applicationContext-service.xml]: Cannot resolve reference to bean &apos;sessionFactory&apos; while setting bean property &apos;sessionFactory&apos;; nested exception is org.springframework.beans.factory.BeanCurrentlyInCreationException: Error creating bean with name &apos;sessionFactory&apos;: FactoryBean which is currently in creation returned null from getObject
Related cause: org.springframework.beans.factory.BeanCreationException: Error creating bean with name &apos;orderService&apos; defined in class path resource [applicationContext-service.xml]: Cannot resolve reference to bean &apos;orderServiceTarget&apos; while setting bean property &apos;target&apos;; nested exception is org.springframework.beans.factory.BeanCreationException: Error creating bean with name &apos;orderServiceTarget&apos; defined in class path resource [applicationContext-service.xml]: Cannot resolve reference to bean &apos;orderDAO&apos; while setting bean property &apos;orderDAO&apos;; nested exception is org.springframework.beans.factory.BeanCreationException: Error creating bean with name &apos;orderDAO&apos; defined in class path resource [applicationContext-service.xml]: Cannot resolve reference to bean &apos;sessionFactory&apos; while setting bean property &apos;sessionFactory&apos;; nested exception is org.springframework.beans.factory.BeanCurrentlyInCreationException: Error creating bean with name &apos;sessionFactory&apos;: FactoryBean which is currently in creation returned null from getObject
Related cause: org.springframework.beans.factory.BeanCreationException: Error creating bean with name &apos;formService&apos; defined in class path resource [applicationContext-service.xml]: Cannot resolve reference to bean &apos;formServiceTarget&apos; while setting bean property &apos;target&apos;; nested exception is org.springframework.beans.factory.BeanCreationException: Error creating bean with name &apos;formServiceTarget&apos; defined in class path resource [applicationContext-service.xml]: Cannot resolve reference to bean &apos;formDAO&apos; while setting bean property &apos;formDAO&apos;; nested exception is org.springframework.beans.factory.BeanCreationException: Error creating bean with name &apos;formDAO&apos; defined in class path resource [applicationContext-service.xml]: Cannot resolve reference to bean &apos;sessionFactory&apos; while setting bean property &apos;sessionFactory&apos;; nested exception is org.springframework.beans.factory.BeanCurrentlyInCreationException: Error creating bean with name &apos;sessionFactory&apos;: FactoryBean which is currently in creation returned null from getObject
Related cause: org.springframework.beans.factory.BeanCreationException: Error creating bean with name &apos;adminService&apos; defined in class path resource [applicationContext-service.xml]: Cannot resolve reference to bean &apos;adminServiceTarget&apos; while setting bean property &apos;target&apos;; nested exception is org.springframework.beans.factory.BeanCreationException: Error creating bean with name &apos;adminServiceTarget&apos; defined in class path resource [applicationContext-service.xml]: Cannot resolve reference to bean &apos;adminDAO&apos; while setting bean property &apos;administrationDAO&apos;; nested exception is org.springframework.beans.factory.BeanCreationException: Error creating bean with name &apos;adminDAO&apos; defined in class path resource [applicationContext-service.xml]: Cannot resolve reference to bean &apos;sessionFactory&apos; while setting bean property &apos;sessionFactory&apos;; nested exception is org.springframework.beans.factory.BeanCurrentlyInCreationException: Error creating bean with name &apos;sessionFactory&apos;: FactoryBean which is currently in creation returned null from getObject
Related cause: org.springframework.beans.factory.BeanCreationException: Error creating bean with name &apos;programWorkflowService&apos; defined in class path resource [applicationContext-service.xml]: Cannot resolve reference to bean &apos;programWorkflowServiceTarget&apos; while setting bean property &apos;target&apos;; nested exception is org.springframework.beans.factory.BeanCreationException: Error creating bean with name &apos;programWorkflowServiceTarget&apos; defined in class path resource [applicationContext-service.xml]: Cannot resolve reference to bean &apos;programWorkflowDAO&apos; while setting bean property &apos;programWorkflowDAO&apos;; nested exception is org.springframework.beans.factory.BeanCreationException: Error creating bean with name &apos;programWorkflowDAO&apos; defined in class path resource [applicationContext-service.xml]: Cannot resolve reference to bean &apos;sessionFactory&apos; while setting bean property &apos;sessionFactory&apos;; nested exception is org.springframework.beans.factory.BeanCurrentlyInCreationException: Error creating bean with name &apos;sessionFactory&apos;: FactoryBean which is currently in creation returned null from getObject
Related cause: org.springframework.beans.factory.BeanCreationException: Error creating bean with name &apos;messageService&apos; defined in class path resource [applicationContext-service.xml]: Cannot resolve reference to bean &apos;messageServiceTarget&apos; while setting bean property &apos;target&apos;; nested exception is org.springframework.beans.factory.BeanCreationException: Error creating bean with name &apos;messageServiceTarget&apos; defined in class path resource [applicationContext-service.xml]: Cannot resolve reference to bean &apos;templateDAO&apos; while setting bean property &apos;templateDAO&apos;; nested exception is org.springframework.beans.factory.BeanCreationException: Error creating bean with name &apos;templateDAO&apos; defined in class path resource [applicationContext-service.xml]: Cannot resolve reference to bean &apos;sessionFactory&apos; while setting bean property &apos;sessionFactory&apos;; nested exception is org.springframework.beans.factory.BeanCurrentlyInCreationException: Error creating bean with name &apos;sessionFactory&apos;: FactoryBean which is currently in creation returned null from getObject
Related cause: org.springframework.beans.factory.BeanCreationException: Error creating bean with name &apos;patientSetService&apos; defined in class path resource [applicationContext-service.xml]: Cannot resolve reference to bean &apos;patientSetServiceTarget&apos; while setting bean property &apos;target&apos;; nested exception is org.springframework.beans.factory.BeanCreationException: Error creating bean with name &apos;patientSetServiceTarget&apos; defined in class path resource [applicationContext-service.xml]: Cannot resolve reference to bean &apos;patientSetDAO&apos; while setting bean property &apos;patientSetDAO&apos;; nested exception is org.springframework.beans.factory.BeanCreationException: Error creating bean with name &apos;patientSetDAO&apos; defined in class path resource [applicationContext-service.xml]: Cannot resolve reference to bean &apos;sessionFactory&apos; while setting bean property &apos;sessionFactory&apos;; nested exception is org.springframework.beans.factory.BeanCurrentlyInCreationException: Error creating bean with name &apos;sessionFactory&apos;: FactoryBean which is currently in creation returned null from getObject
Related cause: org.springframework.beans.factory.BeanCreationException: Error creating bean with name &apos;cohortService&apos; defined in class path resource [applicationContext-service.xml]: Cannot resolve reference to bean &apos;cohortServiceTarget&apos; while setting bean property &apos;target&apos;; nested exception is org.springframework.beans.factory.BeanCreationException: Error creating bean with name &apos;cohortServiceTarget&apos; defined in class path resource [applicationContext-service.xml]: Cannot resolve reference to bean &apos;cohortDAO&apos; while setting bean property &apos;cohortDAO&apos;; nested exception is org.springframework.beans.factory.BeanCreationException: Error creating bean with name &apos;cohortDAO&apos; defined in class path resource [applicationContext-service.xml]: Cannot resolve reference to bean &apos;sessionFactory&apos; while setting bean property &apos;sessionFactory&apos;; nested exception is org.springframework.beans.factory.BeanCurrentlyInCreationException: Error creating bean with name &apos;sessionFactory&apos;: FactoryBean which is currently in creation returned null from getObject
Related cause: org.springframework.beans.factory.BeanCreationException: Error creating bean with name &apos;schedulerService&apos; defined in class path resource [applicationContext-service.xml]: Cannot resolve reference to bean &apos;schedulerServiceTarget&apos; while setting bean property &apos;target&apos;; nested exception is org.springframework.beans.factory.BeanCreationException: Error creating bean with name &apos;schedulerServiceTarget&apos; defined in class path resource [applicationContext-service.xml]: Cannot resolve reference to bean &apos;schedulerDAO&apos; while setting bean property &apos;schedulerDAO&apos;; nested exception is org.springframework.beans.factory.BeanCreationException: Error creating bean with name &apos;schedulerDAO&apos; defined in class path resource [applicationContext-service.xml]: Cannot resolve reference to bean &apos;sessionFactory&apos; while setting bean property &apos;sessionFactory&apos;; nested exception is org.springframework.beans.factory.BeanCurrentlyInCreationException: Error creating bean with name &apos;sessionFactory&apos;: FactoryBean which is currently in creation returned null from getObject
Related cause: org.springframework.beans.factory.BeanCreationException: Error creating bean with name &apos;alertService&apos; defined in class path resource [applicationContext-service.xml]: Cannot resolve reference to bean &apos;alertServiceTarget&apos; while setting bean property &apos;target&apos;; nested exception is org.springframework.beans.factory.BeanCreationException: Error creating bean with name &apos;alertServiceTarget&apos; defined in class path resource [applicationContext-service.xml]: Cannot resolve reference to bean &apos;alertDAO&apos; while setting bean property &apos;alertDAO&apos;; nested exception is org.springframework.beans.factory.BeanCreationException: Error creating bean with name &apos;alertDAO&apos; defined in class path resource [applicationContext-service.xml]: Cannot resolve reference to bean &apos;sessionFactory&apos; while setting bean property &apos;sessionFactory&apos;; nested exception is org.springframework.beans.factory.BeanCurrentlyInCreationException: Error creating bean with name &apos;sessionFactory&apos;: FactoryBean which is currently in creation returned null from getObject
Related cause: org.springframework.beans.factory.BeanCreationException: Error creating bean with name &apos;reportService&apos; defined in class path resource [applicationContext-service.xml]: Cannot resolve reference to bean &apos;reportServiceTarget&apos; while setting bean property &apos;target&apos;; nested exception is org.springframework.beans.factory.BeanCreationException: Error creating bean with name &apos;reportServiceTarget&apos; defined in class path resource [applicationContext-service.xml]: Cannot resolve reference to bean &apos;reportDAO&apos; while setting bean property &apos;reportDAO&apos;; nested exception is org.springframework.beans.factory.BeanCreationException: Error creating bean with name &apos;reportDAO&apos; defined in class path resource [applicationContext-service.xml]: Cannot resolve reference to bean &apos;sessionFactory&apos; while setting bean property &apos;sessionFactory&apos;; nested exception is org.springframework.beans.factory.BeanCurrentlyInCreationException: Error creating bean with name &apos;sessionFactory&apos;: FactoryBean which is currently in creation returned null from getObject
Related cause: org.springframework.beans.factory.BeanCreationException: Error creating bean with name &apos;reportObjectService&apos; defined in class path resource [applicationContext-service.xml]: Cannot resolve reference to bean &apos;reportObjectServiceTarget&apos; while setting bean property &apos;target&apos;; nested exception is org.springframework.beans.factory.BeanCreationException: Error creating bean with name &apos;reportObjectServiceTarget&apos; defined in class path resource [applicationContext-service.xml]: Cannot resolve reference to bean &apos;reportObjectDAO&apos; while setting bean property &apos;reportObjectDAO&apos;; nested exception is org.springframework.beans.factory.BeanCreationException: Error creating bean with name &apos;reportObjectDAO&apos; defined in class path resource [applicationContext-service.xml]: Cannot resolve reference to bean &apos;sessionFactory&apos; while setting bean property &apos;sessionFactory&apos;; nested exception is org.springframework.beans.factory.BeanCurrentlyInCreationException: Error creating bean with name &apos;sessionFactory&apos;: FactoryBean which is currently in creation returned null from getObject
Related cause: org.springframework.beans.factory.BeanCreationException: Error creating bean with name &apos;hL7Service&apos; defined in class path resource [applicationContext-service.xml]: Cannot resolve reference to bean &apos;hL7ServiceTarget&apos; while setting bean property &apos;target&apos;; nested exception is org.springframework.beans.factory.BeanCreationException: Error creating bean with name &apos;hL7ServiceTarget&apos; defined in class path resource [applicationContext-service.xml]: Cannot resolve reference to bean &apos;hL7DAO&apos; while setting bean property &apos;HL7DAO&apos;; nested exception is org.springframework.beans.factory.BeanCreationException: Error creating bean with name &apos;hL7DAO&apos; defined in class path resource [applicationContext-service.xml]: Cannot resolve reference to bean &apos;sessionFactory&apos; while setting bean property &apos;sessionFactory&apos;; nested exception is org.springframework.beans.factory.BeanCurrentlyInCreationException: Error creating bean with name &apos;sessionFactory&apos;: FactoryBean which is currently in creation returned null from getObject
	at org.springframework.beans.factory.support.BeanDefinitionValueResolver.resolveReference(BeanDefinitionValueResolver.java:275)
	at org.springframework.beans.factory.support.BeanDefinitionValueResolver.resolveValueIfNecessary(BeanDefinitionValueResolver.java:104)
	at org.springframework.beans.factory.support.AbstractAutowireCapableBeanFactory.applyPropertyValues(AbstractAutowireCapableBeanFactory.java:1245)
	at org.springframework.beans.factory.support.AbstractAutowireCapableBeanFactory.populateBean(AbstractAutowireCapableBeanFactory.java:1010)
	at org.springframework.beans.factory.support.AbstractAutowireCapableBeanFactory.doCreateBean(AbstractAutowireCapableBeanFactory.java:472)
	at org.springframework.beans.factory.support.AbstractAutowireCapableBeanFactory$1.run(AbstractAutowireCapableBeanFactory.java:409)
	at java.security.AccessController.doPrivileged(Native Method)
	at org.springframework.beans.factory.support.AbstractAutowireCapableBeanFactory.createBean(AbstractAutowireCapableBeanFactory.java:380)
	at org.springframework.beans.factory.support.AbstractBeanFactory$1.getObject(AbstractBeanFactory.java:264)
	at org.springframework.beans.factory.support.DefaultSingletonBeanRegistry.getSingleton(DefaultSingletonBeanRegistry.java:222)
	at org.springframework.beans.factory.support.AbstractBeanFactory.doGetBean(AbstractBeanFactory.java:261)
	at org.springframework.beans.factory.support.AbstractBeanFactory.getBean(AbstractBeanFactory.java:185)
	at org.springframework.beans.factory.support.AbstractBeanFactory.getBean(AbstractBeanFactory.java:164)
	at org.springframework.beans.factory.support.DefaultListableBeanFactory.preInstantiateSingletons(DefaultListableBeanFactory.java:429)
	at org.springframework.context.support.AbstractApplicationContext.finishBeanFactoryInitialization(AbstractApplicationContext.java:728)
	at org.springframework.context.support.AbstractApplicationContext.refresh(AbstractApplicationContext.java:380)
	at org.springframework.test.context.support.AbstractGenericContextLoader.loadContext(AbstractGenericContextLoader.java:84)
	at org.springframework.test.context.support.AbstractGenericContextLoader.loadContext(AbstractGenericContextLoader.java:42)
	at org.springframework.test.context.TestContext.loadApplicationContext(TestContext.java:173)
	at org.springframework.test.context.TestContext.getApplicationContext(TestContext.java:197)
	... 23 more
Caused by: org.springframework.beans.factory.BeanCreationException: Error creating bean with name &apos;transactionInterceptor&apos; defined in class path resource [applicationContext-service.xml]: Cannot resolve reference to bean &apos;transactionManager&apos; while setting bean property &apos;transactionManager&apos;; nested exception is org.springframework.beans.factory.BeanCreationException: Error creating bean with name &apos;transactionManager&apos; defined in class path resource [applicationContext-service.xml]: Cannot resolve reference to bean &apos;sessionFactory&apos; while setting bean property &apos;sessionFactory&apos;; nested exception is org.springframework.beans.factory.BeanCreationException: Error creating bean with name &apos;sessionFactory&apos;: Autowiring of fields failed; nested exception is org.springframework.beans.factory.BeanCreationException: Could not autowire field: public java.util.Map org.openmrs.api.db.hibernate.HibernateSessionFactoryBean.interceptors; nested exception is org.springframework.beans.factory.CannotLoadBeanClassException: Cannot find class [@MODULE_PACKAGE@.web.controller.importbillables.ProcessBillableServicesImportController] for bean with name &apos;processBillableServicesController&apos; defined in URL [file:/media/OS/Workspace/Git%20Projects/moh-billing/omod/target/classes/moduleApplicationContext.xml]; nested exception is java.lang.ClassNotFoundException: @MODULE_PACKAGE@.web.controller.importbillables.ProcessBillableServicesImportController
	at org.springframework.beans.factory.support.BeanDefinitionValueResolver.resolveReference(BeanDefinitionValueResolver.java:275)
	at org.springframework.beans.factory.support.BeanDefinitionValueResolver.resolveValueIfNecessary(BeanDefinitionValueResolver.java:104)
	at org.springframework.beans.factory.support.AbstractAutowireCapableBeanFactory.applyPropertyValues(AbstractAutowireCapableBeanFactory.java:1245)
	at org.springframework.beans.factory.support.AbstractAutowireCapableBeanFactory.populateBean(AbstractAutowireCapableBeanFactory.java:1010)
	at org.springframework.beans.factory.support.AbstractAutowireCapableBeanFactory.doCreateBean(AbstractAutowireCapableBeanFactory.java:472)
	at org.springframework.beans.factory.support.AbstractAutowireCapableBeanFactory$1.run(AbstractAutowireCapableBeanFactory.java:409)
	at java.security.AccessController.doPrivileged(Native Method)
	at org.springframework.beans.factory.support.AbstractAutowireCapableBeanFactory.createBean(AbstractAutowireCapableBeanFactory.java:380)
	at org.springframework.beans.factory.support.AbstractBeanFactory$1.getObject(AbstractBeanFactory.java:264)
	at org.springframework.beans.factory.support.DefaultSingletonBeanRegistry.getSingleton(DefaultSingletonBeanRegistry.java:222)
	at org.springframework.beans.factory.support.AbstractBeanFactory.doGetBean(AbstractBeanFactory.java:261)
	at org.springframework.beans.factory.support.AbstractBeanFactory.getBean(AbstractBeanFactory.java:185)
	at org.springframework.beans.factory.support.AbstractBeanFactory.getBean(AbstractBeanFactory.java:164)
	at org.springframework.beans.factory.support.BeanDefinitionValueResolver.resolveReference(BeanDefinitionValueResolver.java:269)
	... 42 more
Caused by: org.springframework.beans.factory.BeanCreationException: Error creating bean with name &apos;transactionManager&apos; defined in class path resource [applicationContext-service.xml]: Cannot resolve reference to bean &apos;sessionFactory&apos; while setting bean property &apos;sessionFactory&apos;; nested exception is org.springframework.beans.factory.BeanCreationException: Error creating bean with name &apos;sessionFactory&apos;: Autowiring of fields failed; nested exception is org.springframework.beans.factory.BeanCreationException: Could not autowire field: public java.util.Map org.openmrs.api.db.hibernate.HibernateSessionFactoryBean.interceptors; nested exception is org.springframework.beans.factory.CannotLoadBeanClassException: Cannot find class [@MODULE_PACKAGE@.web.controller.importbillables.ProcessBillableServicesImportController] for bean with name &apos;processBillableServicesController&apos; defined in URL [file:/media/OS/Workspace/Git%20Projects/moh-billing/omod/target/classes/moduleApplicationContext.xml]; nested exception is java.lang.ClassNotFoundException: @MODULE_PACKAGE@.web.controller.importbillables.ProcessBillableServicesImportController
	at org.springframework.beans.factory.support.BeanDefinitionValueResolver.resolveReference(BeanDefinitionValueResolver.java:275)
	at org.springframework.beans.factory.support.BeanDefinitionValueResolver.resolveValueIfNecessary(BeanDefinitionValueResolver.java:104)
	at org.springframework.beans.factory.support.AbstractAutowireCapableBeanFactory.applyPropertyValues(AbstractAutowireCapableBeanFactory.java:1245)
	at org.springframework.beans.factory.support.AbstractAutowireCapableBeanFactory.populateBean(AbstractAutowireCapableBeanFactory.java:1010)
	at org.springframework.beans.factory.support.AbstractAutowireCapableBeanFactory.doCreateBean(AbstractAutowireCapableBeanFactory.java:472)
	at org.springframework.beans.factory.support.AbstractAutowireCapableBeanFactory$1.run(AbstractAutowireCapableBeanFactory.java:409)
	at java.security.AccessController.doPrivileged(Native Method)
	at org.springframework.beans.factory.support.AbstractAutowireCapableBeanFactory.createBean(AbstractAutowireCapableBeanFactory.java:380)
	at org.springframework.beans.factory.support.AbstractBeanFactory$1.getObject(AbstractBeanFactory.java:264)
	at org.springframework.beans.factory.support.DefaultSingletonBeanRegistry.getSingleton(DefaultSingletonBeanRegistry.java:222)
	at org.springframework.beans.factory.support.AbstractBeanFactory.doGetBean(AbstractBeanFactory.java:261)
	at org.springframework.beans.factory.support.AbstractBeanFactory.getBean(AbstractBeanFactory.java:185)
	at org.springframework.beans.factory.support.AbstractBeanFactory.getBean(AbstractBeanFactory.java:164)
	at org.springframework.beans.factory.support.BeanDefinitionValueResolver.resolveReference(BeanDefinitionValueResolver.java:269)
	... 55 more
Caused by: org.springframework.beans.factory.BeanCreationException: Error creating bean with name &apos;sessionFactory&apos;: Autowiring of fields failed; nested exception is org.springframework.beans.factory.BeanCreationException: Could not autowire field: public java.util.Map org.openmrs.api.db.hibernate.HibernateSessionFactoryBean.interceptors; nested exception is org.springframework.beans.factory.CannotLoadBeanClassException: Cannot find class [@MODULE_PACKAGE@.web.controller.importbillables.ProcessBillableServicesImportController] for bean with name &apos;processBillableServicesController&apos; defined in URL [file:/media/OS/Workspace/Git%20Projects/moh-billing/omod/target/classes/moduleApplicationContext.xml]; nested exception is java.lang.ClassNotFoundException: @MODULE_PACKAGE@.web.controller.importbillables.ProcessBillableServicesImportController
	at org.springframework.beans.factory.annotation.AutowiredAnnotationBeanPostProcessor.postProcessAfterInstantiation(AutowiredAnnotationBeanPostProcessor.java:243)
	at org.springframework.beans.factory.support.AbstractAutowireCapableBeanFactory.populateBean(AbstractAutowireCapableBeanFactory.java:959)
	at org.springframework.beans.factory.support.AbstractAutowireCapableBeanFactory.doCreateBean(AbstractAutowireCapableBeanFactory.java:472)
	at org.springframework.beans.factory.support.AbstractAutowireCapableBeanFactory$1.run(AbstractAutowireCapableBeanFactory.java:409)
	at java.security.AccessController.doPrivileged(Native Method)
	at org.springframework.beans.factory.support.AbstractAutowireCapableBeanFactory.createBean(AbstractAutowireCapableBeanFactory.java:380)
	at org.springframework.beans.factory.support.AbstractBeanFactory$1.getObject(AbstractBeanFactory.java:264)
	at org.springframework.beans.factory.support.DefaultSingletonBeanRegistry.getSingleton(DefaultSingletonBeanRegistry.java:222)
	at org.springframework.beans.factory.support.AbstractBeanFactory.doGetBean(AbstractBeanFactory.java:261)
	at org.springframework.beans.factory.support.AbstractBeanFactory.getBean(AbstractBeanFactory.java:185)
	at org.springframework.beans.factory.support.AbstractBeanFactory.getBean(AbstractBeanFactory.java:164)
	at org.springframework.beans.factory.support.BeanDefinitionValueResolver.resolveReference(BeanDefinitionValueResolver.java:269)
	... 68 more
Caused by: org.springframework.beans.factory.BeanCreationException: Could not autowire field: public java.util.Map org.openmrs.api.db.hibernate.HibernateSessionFactoryBean.interceptors; nested exception is org.springframework.beans.factory.CannotLoadBeanClassException: Cannot find class [@MODULE_PACKAGE@.web.controller.importbillables.ProcessBillableServicesImportController] for bean with name &apos;processBillableServicesController&apos; defined in URL [file:/media/OS/Workspace/Git%20Projects/moh-billing/omod/target/classes/moduleApplicationContext.xml]; nested exception is java.lang.ClassNotFoundException: @MODULE_PACKAGE@.web.controller.importbillables.ProcessBillableServicesImportController
	at org.springframework.beans.factory.annotation.AutowiredAnnotationBeanPostProcessor$AutowiredFieldElement.inject(AutowiredAnnotationBeanPostProcessor.java:435)
	at org.springframework.beans.factory.annotation.InjectionMetadata.injectFields(InjectionMetadata.java:105)
	at org.springframework.beans.factory.annotation.AutowiredAnnotationBeanPostProcessor.postProcessAfterInstantiation(AutowiredAnnotationBeanPostProcessor.java:240)
	... 79 more
Caused by: org.springframework.beans.factory.CannotLoadBeanClassException: Cannot find class [@MODULE_PACKAGE@.web.controller.importbillables.ProcessBillableServicesImportController] for bean with name &apos;processBillableServicesController&apos; defined in URL [file:/media/OS/Workspace/Git%20Projects/moh-billing/omod/target/classes/moduleApplicationContext.xml]; nested exception is java.lang.ClassNotFoundException: @MODULE_PACKAGE@.web.controller.importbillables.ProcessBillableServicesImportController
	at org.springframework.beans.factory.support.AbstractBeanFactory.resolveBeanClass(AbstractBeanFactory.java:1141)
	at org.springframework.beans.factory.support.AbstractAutowireCapableBeanFactory.predictBeanType(AbstractAutowireCapableBeanFactory.java:524)
	at org.springframework.beans.factory.support.AbstractBeanFactory.isFactoryBean(AbstractBeanFactory.java:1177)
	at org.springframework.beans.factory.support.DefaultListableBeanFactory.getBeanNamesForType(DefaultListableBeanFactory.java:222)
	at org.springframework.beans.factory.BeanFactoryUtils.beanNamesForTypeIncludingAncestors(BeanFactoryUtils.java:187)
	at org.springframework.beans.factory.support.DefaultListableBeanFactory.findAutowireCandidates(DefaultListableBeanFactory.java:652)
	at org.springframework.beans.factory.support.DefaultListableBeanFactory.resolveDependency(DefaultListableBeanFactory.java:597)
	at org.springframework.beans.factory.annotation.AutowiredAnnotationBeanPostProcessor$AutowiredFieldElement.inject(AutowiredAnnotationBeanPostProcessor.java:412)
	... 81 more
Caused by: java.lang.ClassNotFoundException: @MODULE_PACKAGE@.web.controller.importbillables.ProcessBillableServicesImportController
	at java.net.URLClassLoader$1.run(URLClassLoader.java:217)
	at java.security.AccessController.doPrivileged(Native Method)
	at java.net.URLClassLoader.findClass(URLClassLoader.java:205)
	at java.lang.ClassLoader.loadClass(ClassLoader.java:323)
	at sun.misc.Launcher$AppClassLoader.loadClass(Launcher.java:294)
	at java.lang.ClassLoader.loadClass(ClassLoader.java:268)
	at org.openmrs.util.OpenmrsClassLoader.loadClass(OpenmrsClassLoader.java:144)
	at java.lang.ClassLoader.loadClass(ClassLoader.java:268)
	at org.springframework.util.ClassUtils.forName(ClassUtils.java:211)
	at org.springframework.beans.factory.support.AbstractBeanDefinition.resolveBeanClass(AbstractBeanDefinition.java:385)
	at org.springframework.beans.factory.support.AbstractBeanFactory.resolveBeanClass(AbstractBeanFactory.java:1138)
	... 88 more
</error>
  </testcase>
  <testcase time="0.003" classname="org.openmrs.module.mohbilling.testcases.BillingAPIReportUtilTest" name="testGetMonthlyGeneralBills">
    <error message="Failed to load ApplicationContext" type="java.lang.IllegalStateException">java.lang.IllegalStateException: Failed to load ApplicationContext
	at org.springframework.test.context.TestContext.getApplicationContext(TestContext.java:201)
	at org.springframework.test.context.support.DependencyInjectionTestExecutionListener.injectDependencies(DependencyInjectionTestExecutionListener.java:109)
	at org.springframework.test.context.support.DependencyInjectionTestExecutionListener.prepareTestInstance(DependencyInjectionTestExecutionListener.java:75)
	at org.springframework.test.context.TestContextManager.prepareTestInstance(TestContextManager.java:255)
	at org.springframework.test.context.junit4.SpringJUnit4ClassRunner.createTest(SpringJUnit4ClassRunner.java:111)
	at org.springframework.test.context.junit4.SpringJUnit4ClassRunner.invokeTestMethod(SpringJUnit4ClassRunner.java:148)
	at org.junit.internal.runners.JUnit4ClassRunner.runMethods(JUnit4ClassRunner.java:51)
	at org.junit.internal.runners.JUnit4ClassRunner$1.run(JUnit4ClassRunner.java:44)
	at org.junit.internal.runners.ClassRoadie.runUnprotected(ClassRoadie.java:27)
	at org.junit.internal.runners.ClassRoadie.runProtected(ClassRoadie.java:37)
	at org.junit.internal.runners.JUnit4ClassRunner.run(JUnit4ClassRunner.java:42)
	at org.springframework.test.context.junit4.SpringJUnit4ClassRunner.run(SpringJUnit4ClassRunner.java:97)
	at org.apache.maven.surefire.junit4.JUnit4TestSet.execute(JUnit4TestSet.java:53)
	at org.apache.maven.surefire.junit4.JUnit4Provider.executeTestSet(JUnit4Provider.java:123)
	at org.apache.maven.surefire.junit4.JUnit4Provider.invoke(JUnit4Provider.java:104)
	at sun.reflect.NativeMethodAccessorImpl.invoke0(Native Method)
	at sun.reflect.NativeMethodAccessorImpl.invoke(NativeMethodAccessorImpl.java:57)
	at sun.reflect.DelegatingMethodAccessorImpl.invoke(DelegatingMethodAccessorImpl.java:43)
	at java.lang.reflect.Method.invoke(Method.java:622)
	at org.apache.maven.surefire.util.ReflectionUtils.invokeMethodWithArray(ReflectionUtils.java:164)
	at org.apache.maven.surefire.booter.ProviderFactory$ProviderProxy.invoke(ProviderFactory.java:110)
	at org.apache.maven.surefire.booter.SurefireStarter.invokeProvider(SurefireStarter.java:175)
	at org.apache.maven.surefire.booter.SurefireStarter.runSuitesInProcessWhenForked(SurefireStarter.java:107)
	at org.apache.maven.surefire.booter.ForkedBooter.main(ForkedBooter.java:68)
Caused by: org.springframework.beans.factory.BeanCreationException: Error creating bean with name &apos;org.springframework.transaction.interceptor.TransactionAttributeSourceAdvisor#0&apos; defined in class path resource [applicationContext-service.xml]: Cannot resolve reference to bean &apos;transactionInterceptor&apos; while setting bean property &apos;transactionInterceptor&apos;; nested exception is org.springframework.beans.factory.BeanCreationException: Error creating bean with name &apos;transactionInterceptor&apos; defined in class path resource [applicationContext-service.xml]: Cannot resolve reference to bean &apos;transactionManager&apos; while setting bean property &apos;transactionManager&apos;; nested exception is org.springframework.beans.factory.BeanCreationException: Error creating bean with name &apos;transactionManager&apos; defined in class path resource [applicationContext-service.xml]: Cannot resolve reference to bean &apos;sessionFactory&apos; while setting bean property &apos;sessionFactory&apos;; nested exception is org.springframework.beans.factory.BeanCreationException: Error creating bean with name &apos;sessionFactory&apos;: Autowiring of fields failed; nested exception is org.springframework.beans.factory.BeanCreationException: Could not autowire field: public java.util.Map org.openmrs.api.db.hibernate.HibernateSessionFactoryBean.interceptors; nested exception is org.springframework.beans.factory.CannotLoadBeanClassException: Cannot find class [@MODULE_PACKAGE@.web.controller.importbillables.ProcessBillableServicesImportController] for bean with name &apos;processBillableServicesController&apos; defined in URL [file:/media/OS/Workspace/Git%20Projects/moh-billing/omod/target/classes/moduleApplicationContext.xml]; nested exception is java.lang.ClassNotFoundException: @MODULE_PACKAGE@.web.controller.importbillables.ProcessBillableServicesImportController
Related cause: org.springframework.beans.factory.CannotLoadBeanClassException: Cannot find class [@MODULE_PACKAGE@.web.controller.importbillables.ProcessBillableServicesImportController] for bean with name &apos;processBillableServicesController&apos; defined in URL [file:/media/OS/Workspace/Git%20Projects/moh-billing/omod/target/classes/moduleApplicationContext.xml]; nested exception is java.lang.ClassNotFoundException: @MODULE_PACKAGE@.web.controller.importbillables.ProcessBillableServicesImportController
Related cause: org.springframework.beans.factory.CannotLoadBeanClassException: Cannot find class [@MODULE_PACKAGE@.web.controller.importbillables.ImportBillableServicesFormController] for bean with name &apos;importBillableServicesFormController&apos; defined in URL [file:/media/OS/Workspace/Git%20Projects/moh-billing/omod/target/classes/moduleApplicationContext.xml]; nested exception is java.lang.ClassNotFoundException: @MODULE_PACKAGE@.web.controller.importbillables.ImportBillableServicesFormController
Related cause: org.springframework.beans.factory.BeanCreationException: Error creating bean with name &apos;patientService&apos; defined in class path resource [applicationContext-service.xml]: Cannot resolve reference to bean &apos;patientServiceTarget&apos; while setting bean property &apos;target&apos;; nested exception is org.springframework.beans.factory.BeanCreationException: Error creating bean with name &apos;patientServiceTarget&apos; defined in class path resource [applicationContext-service.xml]: Cannot resolve reference to bean &apos;patientDAO&apos; while setting bean property &apos;patientDAO&apos;; nested exception is org.springframework.beans.factory.BeanCreationException: Error creating bean with name &apos;patientDAO&apos; defined in class path resource [applicationContext-service.xml]: Cannot resolve reference to bean &apos;sessionFactory&apos; while setting bean property &apos;sessionFactory&apos;; nested exception is org.springframework.beans.factory.BeanCurrentlyInCreationException: Error creating bean with name &apos;sessionFactory&apos;: FactoryBean which is currently in creation returned null from getObject
Related cause: org.springframework.beans.factory.BeanCreationException: Error creating bean with name &apos;personService&apos; defined in class path resource [applicationContext-service.xml]: Cannot resolve reference to bean &apos;personServiceTarget&apos; while setting bean property &apos;target&apos;; nested exception is org.springframework.beans.factory.BeanCreationException: Error creating bean with name &apos;personServiceTarget&apos; defined in class path resource [applicationContext-service.xml]: Cannot resolve reference to bean &apos;personDAO&apos; while setting bean property &apos;personDAO&apos;; nested exception is org.springframework.beans.factory.BeanCreationException: Error creating bean with name &apos;personDAO&apos; defined in class path resource [applicationContext-service.xml]: Cannot resolve reference to bean &apos;sessionFactory&apos; while setting bean property &apos;sessionFactory&apos;; nested exception is org.springframework.beans.factory.BeanCurrentlyInCreationException: Error creating bean with name &apos;sessionFactory&apos;: FactoryBean which is currently in creation returned null from getObject
Related cause: org.springframework.beans.factory.BeanCreationException: Error creating bean with name &apos;conceptService&apos; defined in class path resource [applicationContext-service.xml]: Cannot resolve reference to bean &apos;conceptServiceTarget&apos; while setting bean property &apos;target&apos;; nested exception is org.springframework.beans.factory.BeanCreationException: Error creating bean with name &apos;conceptServiceTarget&apos; defined in class path resource [applicationContext-service.xml]: Cannot resolve reference to bean &apos;conceptDAO&apos; while setting bean property &apos;conceptDAO&apos;; nested exception is org.springframework.beans.factory.BeanCreationException: Error creating bean with name &apos;conceptDAO&apos; defined in class path resource [applicationContext-service.xml]: Cannot resolve reference to bean &apos;sessionFactory&apos; while setting bean property &apos;sessionFactory&apos;; nested exception is org.springframework.beans.factory.BeanCurrentlyInCreationException: Error creating bean with name &apos;sessionFactory&apos;: FactoryBean which is currently in creation returned null from getObject
Related cause: org.springframework.beans.factory.BeanCreationException: Error creating bean with name &apos;userService&apos; defined in class path resource [applicationContext-service.xml]: Cannot resolve reference to bean &apos;userServiceTarget&apos; while setting bean property &apos;target&apos;; nested exception is org.springframework.beans.factory.BeanCreationException: Error creating bean with name &apos;userServiceTarget&apos; defined in class path resource [applicationContext-service.xml]: Cannot resolve reference to bean &apos;userDAO&apos; while setting bean property &apos;userDAO&apos;; nested exception is org.springframework.beans.factory.BeanCreationException: Error creating bean with name &apos;userDAO&apos; defined in class path resource [applicationContext-service.xml]: Cannot resolve reference to bean &apos;sessionFactory&apos; while setting bean property &apos;sessionFactory&apos;; nested exception is org.springframework.beans.factory.BeanCurrentlyInCreationException: Error creating bean with name &apos;sessionFactory&apos;: FactoryBean which is currently in creation returned null from getObject
Related cause: org.springframework.beans.factory.BeanCreationException: Error creating bean with name &apos;obsService&apos; defined in class path resource [applicationContext-service.xml]: Cannot resolve reference to bean &apos;obsServiceTarget&apos; while setting bean property &apos;target&apos;; nested exception is org.springframework.beans.factory.BeanCreationException: Error creating bean with name &apos;obsServiceTarget&apos; defined in class path resource [applicationContext-service.xml]: Cannot resolve reference to bean &apos;obsDAO&apos; while setting bean property &apos;obsDAO&apos;; nested exception is org.springframework.beans.factory.BeanCreationException: Error creating bean with name &apos;obsDAO&apos; defined in class path resource [applicationContext-service.xml]: Cannot resolve reference to bean &apos;sessionFactory&apos; while setting bean property &apos;sessionFactory&apos;; nested exception is org.springframework.beans.factory.BeanCurrentlyInCreationException: Error creating bean with name &apos;sessionFactory&apos;: FactoryBean which is currently in creation returned null from getObject
Related cause: org.springframework.beans.factory.BeanCreationException: Error creating bean with name &apos;encounterService&apos; defined in class path resource [applicationContext-service.xml]: Cannot resolve reference to bean &apos;encounterServiceTarget&apos; while setting bean property &apos;target&apos;; nested exception is org.springframework.beans.factory.BeanCreationException: Error creating bean with name &apos;encounterServiceTarget&apos; defined in class path resource [applicationContext-service.xml]: Cannot resolve reference to bean &apos;encounterDAO&apos; while setting bean property &apos;encounterDAO&apos;; nested exception is org.springframework.beans.factory.BeanCreationException: Error creating bean with name &apos;encounterDAO&apos; defined in class path resource [applicationContext-service.xml]: Cannot resolve reference to bean &apos;sessionFactory&apos; while setting bean property &apos;sessionFactory&apos;; nested exception is org.springframework.beans.factory.BeanCurrentlyInCreationException: Error creating bean with name &apos;sessionFactory&apos;: FactoryBean which is currently in creation returned null from getObject
Related cause: org.springframework.beans.factory.BeanCreationException: Error creating bean with name &apos;locationService&apos; defined in class path resource [applicationContext-service.xml]: Cannot resolve reference to bean &apos;locationServiceTarget&apos; while setting bean property &apos;target&apos;; nested exception is org.springframework.beans.factory.BeanCreationException: Error creating bean with name &apos;locationServiceTarget&apos; defined in class path resource [applicationContext-service.xml]: Cannot resolve reference to bean &apos;locationDAO&apos; while setting bean property &apos;locationDAO&apos;; nested exception is org.springframework.beans.factory.BeanCreationException: Error creating bean with name &apos;locationDAO&apos; defined in class path resource [applicationContext-service.xml]: Cannot resolve reference to bean &apos;sessionFactory&apos; while setting bean property &apos;sessionFactory&apos;; nested exception is org.springframework.beans.factory.BeanCurrentlyInCreationException: Error creating bean with name &apos;sessionFactory&apos;: FactoryBean which is currently in creation returned null from getObject
Related cause: org.springframework.beans.factory.BeanCreationException: Error creating bean with name &apos;orderService&apos; defined in class path resource [applicationContext-service.xml]: Cannot resolve reference to bean &apos;orderServiceTarget&apos; while setting bean property &apos;target&apos;; nested exception is org.springframework.beans.factory.BeanCreationException: Error creating bean with name &apos;orderServiceTarget&apos; defined in class path resource [applicationContext-service.xml]: Cannot resolve reference to bean &apos;orderDAO&apos; while setting bean property &apos;orderDAO&apos;; nested exception is org.springframework.beans.factory.BeanCreationException: Error creating bean with name &apos;orderDAO&apos; defined in class path resource [applicationContext-service.xml]: Cannot resolve reference to bean &apos;sessionFactory&apos; while setting bean property &apos;sessionFactory&apos;; nested exception is org.springframework.beans.factory.BeanCurrentlyInCreationException: Error creating bean with name &apos;sessionFactory&apos;: FactoryBean which is currently in creation returned null from getObject
Related cause: org.springframework.beans.factory.BeanCreationException: Error creating bean with name &apos;formService&apos; defined in class path resource [applicationContext-service.xml]: Cannot resolve reference to bean &apos;formServiceTarget&apos; while setting bean property &apos;target&apos;; nested exception is org.springframework.beans.factory.BeanCreationException: Error creating bean with name &apos;formServiceTarget&apos; defined in class path resource [applicationContext-service.xml]: Cannot resolve reference to bean &apos;formDAO&apos; while setting bean property &apos;formDAO&apos;; nested exception is org.springframework.beans.factory.BeanCreationException: Error creating bean with name &apos;formDAO&apos; defined in class path resource [applicationContext-service.xml]: Cannot resolve reference to bean &apos;sessionFactory&apos; while setting bean property &apos;sessionFactory&apos;; nested exception is org.springframework.beans.factory.BeanCurrentlyInCreationException: Error creating bean with name &apos;sessionFactory&apos;: FactoryBean which is currently in creation returned null from getObject
Related cause: org.springframework.beans.factory.BeanCreationException: Error creating bean with name &apos;adminService&apos; defined in class path resource [applicationContext-service.xml]: Cannot resolve reference to bean &apos;adminServiceTarget&apos; while setting bean property &apos;target&apos;; nested exception is org.springframework.beans.factory.BeanCreationException: Error creating bean with name &apos;adminServiceTarget&apos; defined in class path resource [applicationContext-service.xml]: Cannot resolve reference to bean &apos;adminDAO&apos; while setting bean property &apos;administrationDAO&apos;; nested exception is org.springframework.beans.factory.BeanCreationException: Error creating bean with name &apos;adminDAO&apos; defined in class path resource [applicationContext-service.xml]: Cannot resolve reference to bean &apos;sessionFactory&apos; while setting bean property &apos;sessionFactory&apos;; nested exception is org.springframework.beans.factory.BeanCurrentlyInCreationException: Error creating bean with name &apos;sessionFactory&apos;: FactoryBean which is currently in creation returned null from getObject
Related cause: org.springframework.beans.factory.BeanCreationException: Error creating bean with name &apos;programWorkflowService&apos; defined in class path resource [applicationContext-service.xml]: Cannot resolve reference to bean &apos;programWorkflowServiceTarget&apos; while setting bean property &apos;target&apos;; nested exception is org.springframework.beans.factory.BeanCreationException: Error creating bean with name &apos;programWorkflowServiceTarget&apos; defined in class path resource [applicationContext-service.xml]: Cannot resolve reference to bean &apos;programWorkflowDAO&apos; while setting bean property &apos;programWorkflowDAO&apos;; nested exception is org.springframework.beans.factory.BeanCreationException: Error creating bean with name &apos;programWorkflowDAO&apos; defined in class path resource [applicationContext-service.xml]: Cannot resolve reference to bean &apos;sessionFactory&apos; while setting bean property &apos;sessionFactory&apos;; nested exception is org.springframework.beans.factory.BeanCurrentlyInCreationException: Error creating bean with name &apos;sessionFactory&apos;: FactoryBean which is currently in creation returned null from getObject
Related cause: org.springframework.beans.factory.BeanCreationException: Error creating bean with name &apos;messageService&apos; defined in class path resource [applicationContext-service.xml]: Cannot resolve reference to bean &apos;messageServiceTarget&apos; while setting bean property &apos;target&apos;; nested exception is org.springframework.beans.factory.BeanCreationException: Error creating bean with name &apos;messageServiceTarget&apos; defined in class path resource [applicationContext-service.xml]: Cannot resolve reference to bean &apos;templateDAO&apos; while setting bean property &apos;templateDAO&apos;; nested exception is org.springframework.beans.factory.BeanCreationException: Error creating bean with name &apos;templateDAO&apos; defined in class path resource [applicationContext-service.xml]: Cannot resolve reference to bean &apos;sessionFactory&apos; while setting bean property &apos;sessionFactory&apos;; nested exception is org.springframework.beans.factory.BeanCurrentlyInCreationException: Error creating bean with name &apos;sessionFactory&apos;: FactoryBean which is currently in creation returned null from getObject
Related cause: org.springframework.beans.factory.BeanCreationException: Error creating bean with name &apos;patientSetService&apos; defined in class path resource [applicationContext-service.xml]: Cannot resolve reference to bean &apos;patientSetServiceTarget&apos; while setting bean property &apos;target&apos;; nested exception is org.springframework.beans.factory.BeanCreationException: Error creating bean with name &apos;patientSetServiceTarget&apos; defined in class path resource [applicationContext-service.xml]: Cannot resolve reference to bean &apos;patientSetDAO&apos; while setting bean property &apos;patientSetDAO&apos;; nested exception is org.springframework.beans.factory.BeanCreationException: Error creating bean with name &apos;patientSetDAO&apos; defined in class path resource [applicationContext-service.xml]: Cannot resolve reference to bean &apos;sessionFactory&apos; while setting bean property &apos;sessionFactory&apos;; nested exception is org.springframework.beans.factory.BeanCurrentlyInCreationException: Error creating bean with name &apos;sessionFactory&apos;: FactoryBean which is currently in creation returned null from getObject
Related cause: org.springframework.beans.factory.BeanCreationException: Error creating bean with name &apos;cohortService&apos; defined in class path resource [applicationContext-service.xml]: Cannot resolve reference to bean &apos;cohortServiceTarget&apos; while setting bean property &apos;target&apos;; nested exception is org.springframework.beans.factory.BeanCreationException: Error creating bean with name &apos;cohortServiceTarget&apos; defined in class path resource [applicationContext-service.xml]: Cannot resolve reference to bean &apos;cohortDAO&apos; while setting bean property &apos;cohortDAO&apos;; nested exception is org.springframework.beans.factory.BeanCreationException: Error creating bean with name &apos;cohortDAO&apos; defined in class path resource [applicationContext-service.xml]: Cannot resolve reference to bean &apos;sessionFactory&apos; while setting bean property &apos;sessionFactory&apos;; nested exception is org.springframework.beans.factory.BeanCurrentlyInCreationException: Error creating bean with name &apos;sessionFactory&apos;: FactoryBean which is currently in creation returned null from getObject
Related cause: org.springframework.beans.factory.BeanCreationException: Error creating bean with name &apos;schedulerService&apos; defined in class path resource [applicationContext-service.xml]: Cannot resolve reference to bean &apos;schedulerServiceTarget&apos; while setting bean property &apos;target&apos;; nested exception is org.springframework.beans.factory.BeanCreationException: Error creating bean with name &apos;schedulerServiceTarget&apos; defined in class path resource [applicationContext-service.xml]: Cannot resolve reference to bean &apos;schedulerDAO&apos; while setting bean property &apos;schedulerDAO&apos;; nested exception is org.springframework.beans.factory.BeanCreationException: Error creating bean with name &apos;schedulerDAO&apos; defined in class path resource [applicationContext-service.xml]: Cannot resolve reference to bean &apos;sessionFactory&apos; while setting bean property &apos;sessionFactory&apos;; nested exception is org.springframework.beans.factory.BeanCurrentlyInCreationException: Error creating bean with name &apos;sessionFactory&apos;: FactoryBean which is currently in creation returned null from getObject
Related cause: org.springframework.beans.factory.BeanCreationException: Error creating bean with name &apos;alertService&apos; defined in class path resource [applicationContext-service.xml]: Cannot resolve reference to bean &apos;alertServiceTarget&apos; while setting bean property &apos;target&apos;; nested exception is org.springframework.beans.factory.BeanCreationException: Error creating bean with name &apos;alertServiceTarget&apos; defined in class path resource [applicationContext-service.xml]: Cannot resolve reference to bean &apos;alertDAO&apos; while setting bean property &apos;alertDAO&apos;; nested exception is org.springframework.beans.factory.BeanCreationException: Error creating bean with name &apos;alertDAO&apos; defined in class path resource [applicationContext-service.xml]: Cannot resolve reference to bean &apos;sessionFactory&apos; while setting bean property &apos;sessionFactory&apos;; nested exception is org.springframework.beans.factory.BeanCurrentlyInCreationException: Error creating bean with name &apos;sessionFactory&apos;: FactoryBean which is currently in creation returned null from getObject
Related cause: org.springframework.beans.factory.BeanCreationException: Error creating bean with name &apos;reportService&apos; defined in class path resource [applicationContext-service.xml]: Cannot resolve reference to bean &apos;reportServiceTarget&apos; while setting bean property &apos;target&apos;; nested exception is org.springframework.beans.factory.BeanCreationException: Error creating bean with name &apos;reportServiceTarget&apos; defined in class path resource [applicationContext-service.xml]: Cannot resolve reference to bean &apos;reportDAO&apos; while setting bean property &apos;reportDAO&apos;; nested exception is org.springframework.beans.factory.BeanCreationException: Error creating bean with name &apos;reportDAO&apos; defined in class path resource [applicationContext-service.xml]: Cannot resolve reference to bean &apos;sessionFactory&apos; while setting bean property &apos;sessionFactory&apos;; nested exception is org.springframework.beans.factory.BeanCurrentlyInCreationException: Error creating bean with name &apos;sessionFactory&apos;: FactoryBean which is currently in creation returned null from getObject
Related cause: org.springframework.beans.factory.BeanCreationException: Error creating bean with name &apos;reportObjectService&apos; defined in class path resource [applicationContext-service.xml]: Cannot resolve reference to bean &apos;reportObjectServiceTarget&apos; while setting bean property &apos;target&apos;; nested exception is org.springframework.beans.factory.BeanCreationException: Error creating bean with name &apos;reportObjectServiceTarget&apos; defined in class path resource [applicationContext-service.xml]: Cannot resolve reference to bean &apos;reportObjectDAO&apos; while setting bean property &apos;reportObjectDAO&apos;; nested exception is org.springframework.beans.factory.BeanCreationException: Error creating bean with name &apos;reportObjectDAO&apos; defined in class path resource [applicationContext-service.xml]: Cannot resolve reference to bean &apos;sessionFactory&apos; while setting bean property &apos;sessionFactory&apos;; nested exception is org.springframework.beans.factory.BeanCurrentlyInCreationException: Error creating bean with name &apos;sessionFactory&apos;: FactoryBean which is currently in creation returned null from getObject
Related cause: org.springframework.beans.factory.BeanCreationException: Error creating bean with name &apos;hL7Service&apos; defined in class path resource [applicationContext-service.xml]: Cannot resolve reference to bean &apos;hL7ServiceTarget&apos; while setting bean property &apos;target&apos;; nested exception is org.springframework.beans.factory.BeanCreationException: Error creating bean with name &apos;hL7ServiceTarget&apos; defined in class path resource [applicationContext-service.xml]: Cannot resolve reference to bean &apos;hL7DAO&apos; while setting bean property &apos;HL7DAO&apos;; nested exception is org.springframework.beans.factory.BeanCreationException: Error creating bean with name &apos;hL7DAO&apos; defined in class path resource [applicationContext-service.xml]: Cannot resolve reference to bean &apos;sessionFactory&apos; while setting bean property &apos;sessionFactory&apos;; nested exception is org.springframework.beans.factory.BeanCurrentlyInCreationException: Error creating bean with name &apos;sessionFactory&apos;: FactoryBean which is currently in creation returned null from getObject
	at org.springframework.beans.factory.support.BeanDefinitionValueResolver.resolveReference(BeanDefinitionValueResolver.java:275)
	at org.springframework.beans.factory.support.BeanDefinitionValueResolver.resolveValueIfNecessary(BeanDefinitionValueResolver.java:104)
	at org.springframework.beans.factory.support.AbstractAutowireCapableBeanFactory.applyPropertyValues(AbstractAutowireCapableBeanFactory.java:1245)
	at org.springframework.beans.factory.support.AbstractAutowireCapableBeanFactory.populateBean(AbstractAutowireCapableBeanFactory.java:1010)
	at org.springframework.beans.factory.support.AbstractAutowireCapableBeanFactory.doCreateBean(AbstractAutowireCapableBeanFactory.java:472)
	at org.springframework.beans.factory.support.AbstractAutowireCapableBeanFactory$1.run(AbstractAutowireCapableBeanFactory.java:409)
	at java.security.AccessController.doPrivileged(Native Method)
	at org.springframework.beans.factory.support.AbstractAutowireCapableBeanFactory.createBean(AbstractAutowireCapableBeanFactory.java:380)
	at org.springframework.beans.factory.support.AbstractBeanFactory$1.getObject(AbstractBeanFactory.java:264)
	at org.springframework.beans.factory.support.DefaultSingletonBeanRegistry.getSingleton(DefaultSingletonBeanRegistry.java:222)
	at org.springframework.beans.factory.support.AbstractBeanFactory.doGetBean(AbstractBeanFactory.java:261)
	at org.springframework.beans.factory.support.AbstractBeanFactory.getBean(AbstractBeanFactory.java:185)
	at org.springframework.beans.factory.support.AbstractBeanFactory.getBean(AbstractBeanFactory.java:164)
	at org.springframework.beans.factory.support.DefaultListableBeanFactory.preInstantiateSingletons(DefaultListableBeanFactory.java:429)
	at org.springframework.context.support.AbstractApplicationContext.finishBeanFactoryInitialization(AbstractApplicationContext.java:728)
	at org.springframework.context.support.AbstractApplicationContext.refresh(AbstractApplicationContext.java:380)
	at org.springframework.test.context.support.AbstractGenericContextLoader.loadContext(AbstractGenericContextLoader.java:84)
	at org.springframework.test.context.support.AbstractGenericContextLoader.loadContext(AbstractGenericContextLoader.java:42)
	at org.springframework.test.context.TestContext.loadApplicationContext(TestContext.java:173)
	at org.springframework.test.context.TestContext.getApplicationContext(TestContext.java:197)
	... 23 more
Caused by: org.springframework.beans.factory.BeanCreationException: Error creating bean with name &apos;transactionInterceptor&apos; defined in class path resource [applicationContext-service.xml]: Cannot resolve reference to bean &apos;transactionManager&apos; while setting bean property &apos;transactionManager&apos;; nested exception is org.springframework.beans.factory.BeanCreationException: Error creating bean with name &apos;transactionManager&apos; defined in class path resource [applicationContext-service.xml]: Cannot resolve reference to bean &apos;sessionFactory&apos; while setting bean property &apos;sessionFactory&apos;; nested exception is org.springframework.beans.factory.BeanCreationException: Error creating bean with name &apos;sessionFactory&apos;: Autowiring of fields failed; nested exception is org.springframework.beans.factory.BeanCreationException: Could not autowire field: public java.util.Map org.openmrs.api.db.hibernate.HibernateSessionFactoryBean.interceptors; nested exception is org.springframework.beans.factory.CannotLoadBeanClassException: Cannot find class [@MODULE_PACKAGE@.web.controller.importbillables.ProcessBillableServicesImportController] for bean with name &apos;processBillableServicesController&apos; defined in URL [file:/media/OS/Workspace/Git%20Projects/moh-billing/omod/target/classes/moduleApplicationContext.xml]; nested exception is java.lang.ClassNotFoundException: @MODULE_PACKAGE@.web.controller.importbillables.ProcessBillableServicesImportController
	at org.springframework.beans.factory.support.BeanDefinitionValueResolver.resolveReference(BeanDefinitionValueResolver.java:275)
	at org.springframework.beans.factory.support.BeanDefinitionValueResolver.resolveValueIfNecessary(BeanDefinitionValueResolver.java:104)
	at org.springframework.beans.factory.support.AbstractAutowireCapableBeanFactory.applyPropertyValues(AbstractAutowireCapableBeanFactory.java:1245)
	at org.springframework.beans.factory.support.AbstractAutowireCapableBeanFactory.populateBean(AbstractAutowireCapableBeanFactory.java:1010)
	at org.springframework.beans.factory.support.AbstractAutowireCapableBeanFactory.doCreateBean(AbstractAutowireCapableBeanFactory.java:472)
	at org.springframework.beans.factory.support.AbstractAutowireCapableBeanFactory$1.run(AbstractAutowireCapableBeanFactory.java:409)
	at java.security.AccessController.doPrivileged(Native Method)
	at org.springframework.beans.factory.support.AbstractAutowireCapableBeanFactory.createBean(AbstractAutowireCapableBeanFactory.java:380)
	at org.springframework.beans.factory.support.AbstractBeanFactory$1.getObject(AbstractBeanFactory.java:264)
	at org.springframework.beans.factory.support.DefaultSingletonBeanRegistry.getSingleton(DefaultSingletonBeanRegistry.java:222)
	at org.springframework.beans.factory.support.AbstractBeanFactory.doGetBean(AbstractBeanFactory.java:261)
	at org.springframework.beans.factory.support.AbstractBeanFactory.getBean(AbstractBeanFactory.java:185)
	at org.springframework.beans.factory.support.AbstractBeanFactory.getBean(AbstractBeanFactory.java:164)
	at org.springframework.beans.factory.support.BeanDefinitionValueResolver.resolveReference(BeanDefinitionValueResolver.java:269)
	... 42 more
Caused by: org.springframework.beans.factory.BeanCreationException: Error creating bean with name &apos;transactionManager&apos; defined in class path resource [applicationContext-service.xml]: Cannot resolve reference to bean &apos;sessionFactory&apos; while setting bean property &apos;sessionFactory&apos;; nested exception is org.springframework.beans.factory.BeanCreationException: Error creating bean with name &apos;sessionFactory&apos;: Autowiring of fields failed; nested exception is org.springframework.beans.factory.BeanCreationException: Could not autowire field: public java.util.Map org.openmrs.api.db.hibernate.HibernateSessionFactoryBean.interceptors; nested exception is org.springframework.beans.factory.CannotLoadBeanClassException: Cannot find class [@MODULE_PACKAGE@.web.controller.importbillables.ProcessBillableServicesImportController] for bean with name &apos;processBillableServicesController&apos; defined in URL [file:/media/OS/Workspace/Git%20Projects/moh-billing/omod/target/classes/moduleApplicationContext.xml]; nested exception is java.lang.ClassNotFoundException: @MODULE_PACKAGE@.web.controller.importbillables.ProcessBillableServicesImportController
	at org.springframework.beans.factory.support.BeanDefinitionValueResolver.resolveReference(BeanDefinitionValueResolver.java:275)
	at org.springframework.beans.factory.support.BeanDefinitionValueResolver.resolveValueIfNecessary(BeanDefinitionValueResolver.java:104)
	at org.springframework.beans.factory.support.AbstractAutowireCapableBeanFactory.applyPropertyValues(AbstractAutowireCapableBeanFactory.java:1245)
	at org.springframework.beans.factory.support.AbstractAutowireCapableBeanFactory.populateBean(AbstractAutowireCapableBeanFactory.java:1010)
	at org.springframework.beans.factory.support.AbstractAutowireCapableBeanFactory.doCreateBean(AbstractAutowireCapableBeanFactory.java:472)
	at org.springframework.beans.factory.support.AbstractAutowireCapableBeanFactory$1.run(AbstractAutowireCapableBeanFactory.java:409)
	at java.security.AccessController.doPrivileged(Native Method)
	at org.springframework.beans.factory.support.AbstractAutowireCapableBeanFactory.createBean(AbstractAutowireCapableBeanFactory.java:380)
	at org.springframework.beans.factory.support.AbstractBeanFactory$1.getObject(AbstractBeanFactory.java:264)
	at org.springframework.beans.factory.support.DefaultSingletonBeanRegistry.getSingleton(DefaultSingletonBeanRegistry.java:222)
	at org.springframework.beans.factory.support.AbstractBeanFactory.doGetBean(AbstractBeanFactory.java:261)
	at org.springframework.beans.factory.support.AbstractBeanFactory.getBean(AbstractBeanFactory.java:185)
	at org.springframework.beans.factory.support.AbstractBeanFactory.getBean(AbstractBeanFactory.java:164)
	at org.springframework.beans.factory.support.BeanDefinitionValueResolver.resolveReference(BeanDefinitionValueResolver.java:269)
	... 55 more
Caused by: org.springframework.beans.factory.BeanCreationException: Error creating bean with name &apos;sessionFactory&apos;: Autowiring of fields failed; nested exception is org.springframework.beans.factory.BeanCreationException: Could not autowire field: public java.util.Map org.openmrs.api.db.hibernate.HibernateSessionFactoryBean.interceptors; nested exception is org.springframework.beans.factory.CannotLoadBeanClassException: Cannot find class [@MODULE_PACKAGE@.web.controller.importbillables.ProcessBillableServicesImportController] for bean with name &apos;processBillableServicesController&apos; defined in URL [file:/media/OS/Workspace/Git%20Projects/moh-billing/omod/target/classes/moduleApplicationContext.xml]; nested exception is java.lang.ClassNotFoundException: @MODULE_PACKAGE@.web.controller.importbillables.ProcessBillableServicesImportController
	at org.springframework.beans.factory.annotation.AutowiredAnnotationBeanPostProcessor.postProcessAfterInstantiation(AutowiredAnnotationBeanPostProcessor.java:243)
	at org.springframework.beans.factory.support.AbstractAutowireCapableBeanFactory.populateBean(AbstractAutowireCapableBeanFactory.java:959)
	at org.springframework.beans.factory.support.AbstractAutowireCapableBeanFactory.doCreateBean(AbstractAutowireCapableBeanFactory.java:472)
	at org.springframework.beans.factory.support.AbstractAutowireCapableBeanFactory$1.run(AbstractAutowireCapableBeanFactory.java:409)
	at java.security.AccessController.doPrivileged(Native Method)
	at org.springframework.beans.factory.support.AbstractAutowireCapableBeanFactory.createBean(AbstractAutowireCapableBeanFactory.java:380)
	at org.springframework.beans.factory.support.AbstractBeanFactory$1.getObject(AbstractBeanFactory.java:264)
	at org.springframework.beans.factory.support.DefaultSingletonBeanRegistry.getSingleton(DefaultSingletonBeanRegistry.java:222)
	at org.springframework.beans.factory.support.AbstractBeanFactory.doGetBean(AbstractBeanFactory.java:261)
	at org.springframework.beans.factory.support.AbstractBeanFactory.getBean(AbstractBeanFactory.java:185)
	at org.springframework.beans.factory.support.AbstractBeanFactory.getBean(AbstractBeanFactory.java:164)
	at org.springframework.beans.factory.support.BeanDefinitionValueResolver.resolveReference(BeanDefinitionValueResolver.java:269)
	... 68 more
Caused by: org.springframework.beans.factory.BeanCreationException: Could not autowire field: public java.util.Map org.openmrs.api.db.hibernate.HibernateSessionFactoryBean.interceptors; nested exception is org.springframework.beans.factory.CannotLoadBeanClassException: Cannot find class [@MODULE_PACKAGE@.web.controller.importbillables.ProcessBillableServicesImportController] for bean with name &apos;processBillableServicesController&apos; defined in URL [file:/media/OS/Workspace/Git%20Projects/moh-billing/omod/target/classes/moduleApplicationContext.xml]; nested exception is java.lang.ClassNotFoundException: @MODULE_PACKAGE@.web.controller.importbillables.ProcessBillableServicesImportController
	at org.springframework.beans.factory.annotation.AutowiredAnnotationBeanPostProcessor$AutowiredFieldElement.inject(AutowiredAnnotationBeanPostProcessor.java:435)
	at org.springframework.beans.factory.annotation.InjectionMetadata.injectFields(InjectionMetadata.java:105)
	at org.springframework.beans.factory.annotation.AutowiredAnnotationBeanPostProcessor.postProcessAfterInstantiation(AutowiredAnnotationBeanPostProcessor.java:240)
	... 79 more
Caused by: org.springframework.beans.factory.CannotLoadBeanClassException: Cannot find class [@MODULE_PACKAGE@.web.controller.importbillables.ProcessBillableServicesImportController] for bean with name &apos;processBillableServicesController&apos; defined in URL [file:/media/OS/Workspace/Git%20Projects/moh-billing/omod/target/classes/moduleApplicationContext.xml]; nested exception is java.lang.ClassNotFoundException: @MODULE_PACKAGE@.web.controller.importbillables.ProcessBillableServicesImportController
	at org.springframework.beans.factory.support.AbstractBeanFactory.resolveBeanClass(AbstractBeanFactory.java:1141)
	at org.springframework.beans.factory.support.AbstractAutowireCapableBeanFactory.predictBeanType(AbstractAutowireCapableBeanFactory.java:524)
	at org.springframework.beans.factory.support.AbstractBeanFactory.isFactoryBean(AbstractBeanFactory.java:1177)
	at org.springframework.beans.factory.support.DefaultListableBeanFactory.getBeanNamesForType(DefaultListableBeanFactory.java:222)
	at org.springframework.beans.factory.BeanFactoryUtils.beanNamesForTypeIncludingAncestors(BeanFactoryUtils.java:187)
	at org.springframework.beans.factory.support.DefaultListableBeanFactory.findAutowireCandidates(DefaultListableBeanFactory.java:652)
	at org.springframework.beans.factory.support.DefaultListableBeanFactory.resolveDependency(DefaultListableBeanFactory.java:597)
	at org.springframework.beans.factory.annotation.AutowiredAnnotationBeanPostProcessor$AutowiredFieldElement.inject(AutowiredAnnotationBeanPostProcessor.java:412)
	... 81 more
Caused by: java.lang.ClassNotFoundException: @MODULE_PACKAGE@.web.controller.importbillables.ProcessBillableServicesImportController
	at java.net.URLClassLoader$1.run(URLClassLoader.java:217)
	at java.security.AccessController.doPrivileged(Native Method)
	at java.net.URLClassLoader.findClass(URLClassLoader.java:205)
	at java.lang.ClassLoader.loadClass(ClassLoader.java:323)
	at sun.misc.Launcher$AppClassLoader.loadClass(Launcher.java:294)
	at java.lang.ClassLoader.loadClass(ClassLoader.java:268)
	at org.openmrs.util.OpenmrsClassLoader.loadClass(OpenmrsClassLoader.java:144)
	at java.lang.ClassLoader.loadClass(ClassLoader.java:268)
	at org.springframework.util.ClassUtils.forName(ClassUtils.java:211)
	at org.springframework.beans.factory.support.AbstractBeanDefinition.resolveBeanClass(AbstractBeanDefinition.java:385)
	at org.springframework.beans.factory.support.AbstractBeanFactory.resolveBeanClass(AbstractBeanFactory.java:1138)
	... 88 more
</error>
  </testcase>
  <testcase time="0.003" classname="org.openmrs.module.mohbilling.testcases.BillingAPIReportUtilTest" name="testGetMonthlyBillsByInsurance">
    <error message="Failed to load ApplicationContext" type="java.lang.IllegalStateException">java.lang.IllegalStateException: Failed to load ApplicationContext
	at org.springframework.test.context.TestContext.getApplicationContext(TestContext.java:201)
	at org.springframework.test.context.support.DependencyInjectionTestExecutionListener.injectDependencies(DependencyInjectionTestExecutionListener.java:109)
	at org.springframework.test.context.support.DependencyInjectionTestExecutionListener.prepareTestInstance(DependencyInjectionTestExecutionListener.java:75)
	at org.springframework.test.context.TestContextManager.prepareTestInstance(TestContextManager.java:255)
	at org.springframework.test.context.junit4.SpringJUnit4ClassRunner.createTest(SpringJUnit4ClassRunner.java:111)
	at org.springframework.test.context.junit4.SpringJUnit4ClassRunner.invokeTestMethod(SpringJUnit4ClassRunner.java:148)
	at org.junit.internal.runners.JUnit4ClassRunner.runMethods(JUnit4ClassRunner.java:51)
	at org.junit.internal.runners.JUnit4ClassRunner$1.run(JUnit4ClassRunner.java:44)
	at org.junit.internal.runners.ClassRoadie.runUnprotected(ClassRoadie.java:27)
	at org.junit.internal.runners.ClassRoadie.runProtected(ClassRoadie.java:37)
	at org.junit.internal.runners.JUnit4ClassRunner.run(JUnit4ClassRunner.java:42)
	at org.springframework.test.context.junit4.SpringJUnit4ClassRunner.run(SpringJUnit4ClassRunner.java:97)
	at org.apache.maven.surefire.junit4.JUnit4TestSet.execute(JUnit4TestSet.java:53)
	at org.apache.maven.surefire.junit4.JUnit4Provider.executeTestSet(JUnit4Provider.java:123)
	at org.apache.maven.surefire.junit4.JUnit4Provider.invoke(JUnit4Provider.java:104)
	at sun.reflect.NativeMethodAccessorImpl.invoke0(Native Method)
	at sun.reflect.NativeMethodAccessorImpl.invoke(NativeMethodAccessorImpl.java:57)
	at sun.reflect.DelegatingMethodAccessorImpl.invoke(DelegatingMethodAccessorImpl.java:43)
	at java.lang.reflect.Method.invoke(Method.java:622)
	at org.apache.maven.surefire.util.ReflectionUtils.invokeMethodWithArray(ReflectionUtils.java:164)
	at org.apache.maven.surefire.booter.ProviderFactory$ProviderProxy.invoke(ProviderFactory.java:110)
	at org.apache.maven.surefire.booter.SurefireStarter.invokeProvider(SurefireStarter.java:175)
	at org.apache.maven.surefire.booter.SurefireStarter.runSuitesInProcessWhenForked(SurefireStarter.java:107)
	at org.apache.maven.surefire.booter.ForkedBooter.main(ForkedBooter.java:68)
Caused by: org.springframework.beans.factory.BeanCreationException: Error creating bean with name &apos;org.springframework.transaction.interceptor.TransactionAttributeSourceAdvisor#0&apos; defined in class path resource [applicationContext-service.xml]: Cannot resolve reference to bean &apos;transactionInterceptor&apos; while setting bean property &apos;transactionInterceptor&apos;; nested exception is org.springframework.beans.factory.BeanCreationException: Error creating bean with name &apos;transactionInterceptor&apos; defined in class path resource [applicationContext-service.xml]: Cannot resolve reference to bean &apos;transactionManager&apos; while setting bean property &apos;transactionManager&apos;; nested exception is org.springframework.beans.factory.BeanCreationException: Error creating bean with name &apos;transactionManager&apos; defined in class path resource [applicationContext-service.xml]: Cannot resolve reference to bean &apos;sessionFactory&apos; while setting bean property &apos;sessionFactory&apos;; nested exception is org.springframework.beans.factory.BeanCreationException: Error creating bean with name &apos;sessionFactory&apos;: Autowiring of fields failed; nested exception is org.springframework.beans.factory.BeanCreationException: Could not autowire field: public java.util.Map org.openmrs.api.db.hibernate.HibernateSessionFactoryBean.interceptors; nested exception is org.springframework.beans.factory.CannotLoadBeanClassException: Cannot find class [@MODULE_PACKAGE@.web.controller.importbillables.ProcessBillableServicesImportController] for bean with name &apos;processBillableServicesController&apos; defined in URL [file:/media/OS/Workspace/Git%20Projects/moh-billing/omod/target/classes/moduleApplicationContext.xml]; nested exception is java.lang.ClassNotFoundException: @MODULE_PACKAGE@.web.controller.importbillables.ProcessBillableServicesImportController
Related cause: org.springframework.beans.factory.CannotLoadBeanClassException: Cannot find class [@MODULE_PACKAGE@.web.controller.importbillables.ProcessBillableServicesImportController] for bean with name &apos;processBillableServicesController&apos; defined in URL [file:/media/OS/Workspace/Git%20Projects/moh-billing/omod/target/classes/moduleApplicationContext.xml]; nested exception is java.lang.ClassNotFoundException: @MODULE_PACKAGE@.web.controller.importbillables.ProcessBillableServicesImportController
Related cause: org.springframework.beans.factory.CannotLoadBeanClassException: Cannot find class [@MODULE_PACKAGE@.web.controller.importbillables.ImportBillableServicesFormController] for bean with name &apos;importBillableServicesFormController&apos; defined in URL [file:/media/OS/Workspace/Git%20Projects/moh-billing/omod/target/classes/moduleApplicationContext.xml]; nested exception is java.lang.ClassNotFoundException: @MODULE_PACKAGE@.web.controller.importbillables.ImportBillableServicesFormController
Related cause: org.springframework.beans.factory.BeanCreationException: Error creating bean with name &apos;patientService&apos; defined in class path resource [applicationContext-service.xml]: Cannot resolve reference to bean &apos;patientServiceTarget&apos; while setting bean property &apos;target&apos;; nested exception is org.springframework.beans.factory.BeanCreationException: Error creating bean with name &apos;patientServiceTarget&apos; defined in class path resource [applicationContext-service.xml]: Cannot resolve reference to bean &apos;patientDAO&apos; while setting bean property &apos;patientDAO&apos;; nested exception is org.springframework.beans.factory.BeanCreationException: Error creating bean with name &apos;patientDAO&apos; defined in class path resource [applicationContext-service.xml]: Cannot resolve reference to bean &apos;sessionFactory&apos; while setting bean property &apos;sessionFactory&apos;; nested exception is org.springframework.beans.factory.BeanCurrentlyInCreationException: Error creating bean with name &apos;sessionFactory&apos;: FactoryBean which is currently in creation returned null from getObject
Related cause: org.springframework.beans.factory.BeanCreationException: Error creating bean with name &apos;personService&apos; defined in class path resource [applicationContext-service.xml]: Cannot resolve reference to bean &apos;personServiceTarget&apos; while setting bean property &apos;target&apos;; nested exception is org.springframework.beans.factory.BeanCreationException: Error creating bean with name &apos;personServiceTarget&apos; defined in class path resource [applicationContext-service.xml]: Cannot resolve reference to bean &apos;personDAO&apos; while setting bean property &apos;personDAO&apos;; nested exception is org.springframework.beans.factory.BeanCreationException: Error creating bean with name &apos;personDAO&apos; defined in class path resource [applicationContext-service.xml]: Cannot resolve reference to bean &apos;sessionFactory&apos; while setting bean property &apos;sessionFactory&apos;; nested exception is org.springframework.beans.factory.BeanCurrentlyInCreationException: Error creating bean with name &apos;sessionFactory&apos;: FactoryBean which is currently in creation returned null from getObject
Related cause: org.springframework.beans.factory.BeanCreationException: Error creating bean with name &apos;conceptService&apos; defined in class path resource [applicationContext-service.xml]: Cannot resolve reference to bean &apos;conceptServiceTarget&apos; while setting bean property &apos;target&apos;; nested exception is org.springframework.beans.factory.BeanCreationException: Error creating bean with name &apos;conceptServiceTarget&apos; defined in class path resource [applicationContext-service.xml]: Cannot resolve reference to bean &apos;conceptDAO&apos; while setting bean property &apos;conceptDAO&apos;; nested exception is org.springframework.beans.factory.BeanCreationException: Error creating bean with name &apos;conceptDAO&apos; defined in class path resource [applicationContext-service.xml]: Cannot resolve reference to bean &apos;sessionFactory&apos; while setting bean property &apos;sessionFactory&apos;; nested exception is org.springframework.beans.factory.BeanCurrentlyInCreationException: Error creating bean with name &apos;sessionFactory&apos;: FactoryBean which is currently in creation returned null from getObject
Related cause: org.springframework.beans.factory.BeanCreationException: Error creating bean with name &apos;userService&apos; defined in class path resource [applicationContext-service.xml]: Cannot resolve reference to bean &apos;userServiceTarget&apos; while setting bean property &apos;target&apos;; nested exception is org.springframework.beans.factory.BeanCreationException: Error creating bean with name &apos;userServiceTarget&apos; defined in class path resource [applicationContext-service.xml]: Cannot resolve reference to bean &apos;userDAO&apos; while setting bean property &apos;userDAO&apos;; nested exception is org.springframework.beans.factory.BeanCreationException: Error creating bean with name &apos;userDAO&apos; defined in class path resource [applicationContext-service.xml]: Cannot resolve reference to bean &apos;sessionFactory&apos; while setting bean property &apos;sessionFactory&apos;; nested exception is org.springframework.beans.factory.BeanCurrentlyInCreationException: Error creating bean with name &apos;sessionFactory&apos;: FactoryBean which is currently in creation returned null from getObject
Related cause: org.springframework.beans.factory.BeanCreationException: Error creating bean with name &apos;obsService&apos; defined in class path resource [applicationContext-service.xml]: Cannot resolve reference to bean &apos;obsServiceTarget&apos; while setting bean property &apos;target&apos;; nested exception is org.springframework.beans.factory.BeanCreationException: Error creating bean with name &apos;obsServiceTarget&apos; defined in class path resource [applicationContext-service.xml]: Cannot resolve reference to bean &apos;obsDAO&apos; while setting bean property &apos;obsDAO&apos;; nested exception is org.springframework.beans.factory.BeanCreationException: Error creating bean with name &apos;obsDAO&apos; defined in class path resource [applicationContext-service.xml]: Cannot resolve reference to bean &apos;sessionFactory&apos; while setting bean property &apos;sessionFactory&apos;; nested exception is org.springframework.beans.factory.BeanCurrentlyInCreationException: Error creating bean with name &apos;sessionFactory&apos;: FactoryBean which is currently in creation returned null from getObject
Related cause: org.springframework.beans.factory.BeanCreationException: Error creating bean with name &apos;encounterService&apos; defined in class path resource [applicationContext-service.xml]: Cannot resolve reference to bean &apos;encounterServiceTarget&apos; while setting bean property &apos;target&apos;; nested exception is org.springframework.beans.factory.BeanCreationException: Error creating bean with name &apos;encounterServiceTarget&apos; defined in class path resource [applicationContext-service.xml]: Cannot resolve reference to bean &apos;encounterDAO&apos; while setting bean property &apos;encounterDAO&apos;; nested exception is org.springframework.beans.factory.BeanCreationException: Error creating bean with name &apos;encounterDAO&apos; defined in class path resource [applicationContext-service.xml]: Cannot resolve reference to bean &apos;sessionFactory&apos; while setting bean property &apos;sessionFactory&apos;; nested exception is org.springframework.beans.factory.BeanCurrentlyInCreationException: Error creating bean with name &apos;sessionFactory&apos;: FactoryBean which is currently in creation returned null from getObject
Related cause: org.springframework.beans.factory.BeanCreationException: Error creating bean with name &apos;locationService&apos; defined in class path resource [applicationContext-service.xml]: Cannot resolve reference to bean &apos;locationServiceTarget&apos; while setting bean property &apos;target&apos;; nested exception is org.springframework.beans.factory.BeanCreationException: Error creating bean with name &apos;locationServiceTarget&apos; defined in class path resource [applicationContext-service.xml]: Cannot resolve reference to bean &apos;locationDAO&apos; while setting bean property &apos;locationDAO&apos;; nested exception is org.springframework.beans.factory.BeanCreationException: Error creating bean with name &apos;locationDAO&apos; defined in class path resource [applicationContext-service.xml]: Cannot resolve reference to bean &apos;sessionFactory&apos; while setting bean property &apos;sessionFactory&apos;; nested exception is org.springframework.beans.factory.BeanCurrentlyInCreationException: Error creating bean with name &apos;sessionFactory&apos;: FactoryBean which is currently in creation returned null from getObject
Related cause: org.springframework.beans.factory.BeanCreationException: Error creating bean with name &apos;orderService&apos; defined in class path resource [applicationContext-service.xml]: Cannot resolve reference to bean &apos;orderServiceTarget&apos; while setting bean property &apos;target&apos;; nested exception is org.springframework.beans.factory.BeanCreationException: Error creating bean with name &apos;orderServiceTarget&apos; defined in class path resource [applicationContext-service.xml]: Cannot resolve reference to bean &apos;orderDAO&apos; while setting bean property &apos;orderDAO&apos;; nested exception is org.springframework.beans.factory.BeanCreationException: Error creating bean with name &apos;orderDAO&apos; defined in class path resource [applicationContext-service.xml]: Cannot resolve reference to bean &apos;sessionFactory&apos; while setting bean property &apos;sessionFactory&apos;; nested exception is org.springframework.beans.factory.BeanCurrentlyInCreationException: Error creating bean with name &apos;sessionFactory&apos;: FactoryBean which is currently in creation returned null from getObject
Related cause: org.springframework.beans.factory.BeanCreationException: Error creating bean with name &apos;formService&apos; defined in class path resource [applicationContext-service.xml]: Cannot resolve reference to bean &apos;formServiceTarget&apos; while setting bean property &apos;target&apos;; nested exception is org.springframework.beans.factory.BeanCreationException: Error creating bean with name &apos;formServiceTarget&apos; defined in class path resource [applicationContext-service.xml]: Cannot resolve reference to bean &apos;formDAO&apos; while setting bean property &apos;formDAO&apos;; nested exception is org.springframework.beans.factory.BeanCreationException: Error creating bean with name &apos;formDAO&apos; defined in class path resource [applicationContext-service.xml]: Cannot resolve reference to bean &apos;sessionFactory&apos; while setting bean property &apos;sessionFactory&apos;; nested exception is org.springframework.beans.factory.BeanCurrentlyInCreationException: Error creating bean with name &apos;sessionFactory&apos;: FactoryBean which is currently in creation returned null from getObject
Related cause: org.springframework.beans.factory.BeanCreationException: Error creating bean with name &apos;adminService&apos; defined in class path resource [applicationContext-service.xml]: Cannot resolve reference to bean &apos;adminServiceTarget&apos; while setting bean property &apos;target&apos;; nested exception is org.springframework.beans.factory.BeanCreationException: Error creating bean with name &apos;adminServiceTarget&apos; defined in class path resource [applicationContext-service.xml]: Cannot resolve reference to bean &apos;adminDAO&apos; while setting bean property &apos;administrationDAO&apos;; nested exception is org.springframework.beans.factory.BeanCreationException: Error creating bean with name &apos;adminDAO&apos; defined in class path resource [applicationContext-service.xml]: Cannot resolve reference to bean &apos;sessionFactory&apos; while setting bean property &apos;sessionFactory&apos;; nested exception is org.springframework.beans.factory.BeanCurrentlyInCreationException: Error creating bean with name &apos;sessionFactory&apos;: FactoryBean which is currently in creation returned null from getObject
Related cause: org.springframework.beans.factory.BeanCreationException: Error creating bean with name &apos;programWorkflowService&apos; defined in class path resource [applicationContext-service.xml]: Cannot resolve reference to bean &apos;programWorkflowServiceTarget&apos; while setting bean property &apos;target&apos;; nested exception is org.springframework.beans.factory.BeanCreationException: Error creating bean with name &apos;programWorkflowServiceTarget&apos; defined in class path resource [applicationContext-service.xml]: Cannot resolve reference to bean &apos;programWorkflowDAO&apos; while setting bean property &apos;programWorkflowDAO&apos;; nested exception is org.springframework.beans.factory.BeanCreationException: Error creating bean with name &apos;programWorkflowDAO&apos; defined in class path resource [applicationContext-service.xml]: Cannot resolve reference to bean &apos;sessionFactory&apos; while setting bean property &apos;sessionFactory&apos;; nested exception is org.springframework.beans.factory.BeanCurrentlyInCreationException: Error creating bean with name &apos;sessionFactory&apos;: FactoryBean which is currently in creation returned null from getObject
Related cause: org.springframework.beans.factory.BeanCreationException: Error creating bean with name &apos;messageService&apos; defined in class path resource [applicationContext-service.xml]: Cannot resolve reference to bean &apos;messageServiceTarget&apos; while setting bean property &apos;target&apos;; nested exception is org.springframework.beans.factory.BeanCreationException: Error creating bean with name &apos;messageServiceTarget&apos; defined in class path resource [applicationContext-service.xml]: Cannot resolve reference to bean &apos;templateDAO&apos; while setting bean property &apos;templateDAO&apos;; nested exception is org.springframework.beans.factory.BeanCreationException: Error creating bean with name &apos;templateDAO&apos; defined in class path resource [applicationContext-service.xml]: Cannot resolve reference to bean &apos;sessionFactory&apos; while setting bean property &apos;sessionFactory&apos;; nested exception is org.springframework.beans.factory.BeanCurrentlyInCreationException: Error creating bean with name &apos;sessionFactory&apos;: FactoryBean which is currently in creation returned null from getObject
Related cause: org.springframework.beans.factory.BeanCreationException: Error creating bean with name &apos;patientSetService&apos; defined in class path resource [applicationContext-service.xml]: Cannot resolve reference to bean &apos;patientSetServiceTarget&apos; while setting bean property &apos;target&apos;; nested exception is org.springframework.beans.factory.BeanCreationException: Error creating bean with name &apos;patientSetServiceTarget&apos; defined in class path resource [applicationContext-service.xml]: Cannot resolve reference to bean &apos;patientSetDAO&apos; while setting bean property &apos;patientSetDAO&apos;; nested exception is org.springframework.beans.factory.BeanCreationException: Error creating bean with name &apos;patientSetDAO&apos; defined in class path resource [applicationContext-service.xml]: Cannot resolve reference to bean &apos;sessionFactory&apos; while setting bean property &apos;sessionFactory&apos;; nested exception is org.springframework.beans.factory.BeanCurrentlyInCreationException: Error creating bean with name &apos;sessionFactory&apos;: FactoryBean which is currently in creation returned null from getObject
Related cause: org.springframework.beans.factory.BeanCreationException: Error creating bean with name &apos;cohortService&apos; defined in class path resource [applicationContext-service.xml]: Cannot resolve reference to bean &apos;cohortServiceTarget&apos; while setting bean property &apos;target&apos;; nested exception is org.springframework.beans.factory.BeanCreationException: Error creating bean with name &apos;cohortServiceTarget&apos; defined in class path resource [applicationContext-service.xml]: Cannot resolve reference to bean &apos;cohortDAO&apos; while setting bean property &apos;cohortDAO&apos;; nested exception is org.springframework.beans.factory.BeanCreationException: Error creating bean with name &apos;cohortDAO&apos; defined in class path resource [applicationContext-service.xml]: Cannot resolve reference to bean &apos;sessionFactory&apos; while setting bean property &apos;sessionFactory&apos;; nested exception is org.springframework.beans.factory.BeanCurrentlyInCreationException: Error creating bean with name &apos;sessionFactory&apos;: FactoryBean which is currently in creation returned null from getObject
Related cause: org.springframework.beans.factory.BeanCreationException: Error creating bean with name &apos;schedulerService&apos; defined in class path resource [applicationContext-service.xml]: Cannot resolve reference to bean &apos;schedulerServiceTarget&apos; while setting bean property &apos;target&apos;; nested exception is org.springframework.beans.factory.BeanCreationException: Error creating bean with name &apos;schedulerServiceTarget&apos; defined in class path resource [applicationContext-service.xml]: Cannot resolve reference to bean &apos;schedulerDAO&apos; while setting bean property &apos;schedulerDAO&apos;; nested exception is org.springframework.beans.factory.BeanCreationException: Error creating bean with name &apos;schedulerDAO&apos; defined in class path resource [applicationContext-service.xml]: Cannot resolve reference to bean &apos;sessionFactory&apos; while setting bean property &apos;sessionFactory&apos;; nested exception is org.springframework.beans.factory.BeanCurrentlyInCreationException: Error creating bean with name &apos;sessionFactory&apos;: FactoryBean which is currently in creation returned null from getObject
Related cause: org.springframework.beans.factory.BeanCreationException: Error creating bean with name &apos;alertService&apos; defined in class path resource [applicationContext-service.xml]: Cannot resolve reference to bean &apos;alertServiceTarget&apos; while setting bean property &apos;target&apos;; nested exception is org.springframework.beans.factory.BeanCreationException: Error creating bean with name &apos;alertServiceTarget&apos; defined in class path resource [applicationContext-service.xml]: Cannot resolve reference to bean &apos;alertDAO&apos; while setting bean property &apos;alertDAO&apos;; nested exception is org.springframework.beans.factory.BeanCreationException: Error creating bean with name &apos;alertDAO&apos; defined in class path resource [applicationContext-service.xml]: Cannot resolve reference to bean &apos;sessionFactory&apos; while setting bean property &apos;sessionFactory&apos;; nested exception is org.springframework.beans.factory.BeanCurrentlyInCreationException: Error creating bean with name &apos;sessionFactory&apos;: FactoryBean which is currently in creation returned null from getObject
Related cause: org.springframework.beans.factory.BeanCreationException: Error creating bean with name &apos;reportService&apos; defined in class path resource [applicationContext-service.xml]: Cannot resolve reference to bean &apos;reportServiceTarget&apos; while setting bean property &apos;target&apos;; nested exception is org.springframework.beans.factory.BeanCreationException: Error creating bean with name &apos;reportServiceTarget&apos; defined in class path resource [applicationContext-service.xml]: Cannot resolve reference to bean &apos;reportDAO&apos; while setting bean property &apos;reportDAO&apos;; nested exception is org.springframework.beans.factory.BeanCreationException: Error creating bean with name &apos;reportDAO&apos; defined in class path resource [applicationContext-service.xml]: Cannot resolve reference to bean &apos;sessionFactory&apos; while setting bean property &apos;sessionFactory&apos;; nested exception is org.springframework.beans.factory.BeanCurrentlyInCreationException: Error creating bean with name &apos;sessionFactory&apos;: FactoryBean which is currently in creation returned null from getObject
Related cause: org.springframework.beans.factory.BeanCreationException: Error creating bean with name &apos;reportObjectService&apos; defined in class path resource [applicationContext-service.xml]: Cannot resolve reference to bean &apos;reportObjectServiceTarget&apos; while setting bean property &apos;target&apos;; nested exception is org.springframework.beans.factory.BeanCreationException: Error creating bean with name &apos;reportObjectServiceTarget&apos; defined in class path resource [applicationContext-service.xml]: Cannot resolve reference to bean &apos;reportObjectDAO&apos; while setting bean property &apos;reportObjectDAO&apos;; nested exception is org.springframework.beans.factory.BeanCreationException: Error creating bean with name &apos;reportObjectDAO&apos; defined in class path resource [applicationContext-service.xml]: Cannot resolve reference to bean &apos;sessionFactory&apos; while setting bean property &apos;sessionFactory&apos;; nested exception is org.springframework.beans.factory.BeanCurrentlyInCreationException: Error creating bean with name &apos;sessionFactory&apos;: FactoryBean which is currently in creation returned null from getObject
Related cause: org.springframework.beans.factory.BeanCreationException: Error creating bean with name &apos;hL7Service&apos; defined in class path resource [applicationContext-service.xml]: Cannot resolve reference to bean &apos;hL7ServiceTarget&apos; while setting bean property &apos;target&apos;; nested exception is org.springframework.beans.factory.BeanCreationException: Error creating bean with name &apos;hL7ServiceTarget&apos; defined in class path resource [applicationContext-service.xml]: Cannot resolve reference to bean &apos;hL7DAO&apos; while setting bean property &apos;HL7DAO&apos;; nested exception is org.springframework.beans.factory.BeanCreationException: Error creating bean with name &apos;hL7DAO&apos; defined in class path resource [applicationContext-service.xml]: Cannot resolve reference to bean &apos;sessionFactory&apos; while setting bean property &apos;sessionFactory&apos;; nested exception is org.springframework.beans.factory.BeanCurrentlyInCreationException: Error creating bean with name &apos;sessionFactory&apos;: FactoryBean which is currently in creation returned null from getObject
	at org.springframework.beans.factory.support.BeanDefinitionValueResolver.resolveReference(BeanDefinitionValueResolver.java:275)
	at org.springframework.beans.factory.support.BeanDefinitionValueResolver.resolveValueIfNecessary(BeanDefinitionValueResolver.java:104)
	at org.springframework.beans.factory.support.AbstractAutowireCapableBeanFactory.applyPropertyValues(AbstractAutowireCapableBeanFactory.java:1245)
	at org.springframework.beans.factory.support.AbstractAutowireCapableBeanFactory.populateBean(AbstractAutowireCapableBeanFactory.java:1010)
	at org.springframework.beans.factory.support.AbstractAutowireCapableBeanFactory.doCreateBean(AbstractAutowireCapableBeanFactory.java:472)
	at org.springframework.beans.factory.support.AbstractAutowireCapableBeanFactory$1.run(AbstractAutowireCapableBeanFactory.java:409)
	at java.security.AccessController.doPrivileged(Native Method)
	at org.springframework.beans.factory.support.AbstractAutowireCapableBeanFactory.createBean(AbstractAutowireCapableBeanFactory.java:380)
	at org.springframework.beans.factory.support.AbstractBeanFactory$1.getObject(AbstractBeanFactory.java:264)
	at org.springframework.beans.factory.support.DefaultSingletonBeanRegistry.getSingleton(DefaultSingletonBeanRegistry.java:222)
	at org.springframework.beans.factory.support.AbstractBeanFactory.doGetBean(AbstractBeanFactory.java:261)
	at org.springframework.beans.factory.support.AbstractBeanFactory.getBean(AbstractBeanFactory.java:185)
	at org.springframework.beans.factory.support.AbstractBeanFactory.getBean(AbstractBeanFactory.java:164)
	at org.springframework.beans.factory.support.DefaultListableBeanFactory.preInstantiateSingletons(DefaultListableBeanFactory.java:429)
	at org.springframework.context.support.AbstractApplicationContext.finishBeanFactoryInitialization(AbstractApplicationContext.java:728)
	at org.springframework.context.support.AbstractApplicationContext.refresh(AbstractApplicationContext.java:380)
	at org.springframework.test.context.support.AbstractGenericContextLoader.loadContext(AbstractGenericContextLoader.java:84)
	at org.springframework.test.context.support.AbstractGenericContextLoader.loadContext(AbstractGenericContextLoader.java:42)
	at org.springframework.test.context.TestContext.loadApplicationContext(TestContext.java:173)
	at org.springframework.test.context.TestContext.getApplicationContext(TestContext.java:197)
	... 23 more
Caused by: org.springframework.beans.factory.BeanCreationException: Error creating bean with name &apos;transactionInterceptor&apos; defined in class path resource [applicationContext-service.xml]: Cannot resolve reference to bean &apos;transactionManager&apos; while setting bean property &apos;transactionManager&apos;; nested exception is org.springframework.beans.factory.BeanCreationException: Error creating bean with name &apos;transactionManager&apos; defined in class path resource [applicationContext-service.xml]: Cannot resolve reference to bean &apos;sessionFactory&apos; while setting bean property &apos;sessionFactory&apos;; nested exception is org.springframework.beans.factory.BeanCreationException: Error creating bean with name &apos;sessionFactory&apos;: Autowiring of fields failed; nested exception is org.springframework.beans.factory.BeanCreationException: Could not autowire field: public java.util.Map org.openmrs.api.db.hibernate.HibernateSessionFactoryBean.interceptors; nested exception is org.springframework.beans.factory.CannotLoadBeanClassException: Cannot find class [@MODULE_PACKAGE@.web.controller.importbillables.ProcessBillableServicesImportController] for bean with name &apos;processBillableServicesController&apos; defined in URL [file:/media/OS/Workspace/Git%20Projects/moh-billing/omod/target/classes/moduleApplicationContext.xml]; nested exception is java.lang.ClassNotFoundException: @MODULE_PACKAGE@.web.controller.importbillables.ProcessBillableServicesImportController
	at org.springframework.beans.factory.support.BeanDefinitionValueResolver.resolveReference(BeanDefinitionValueResolver.java:275)
	at org.springframework.beans.factory.support.BeanDefinitionValueResolver.resolveValueIfNecessary(BeanDefinitionValueResolver.java:104)
	at org.springframework.beans.factory.support.AbstractAutowireCapableBeanFactory.applyPropertyValues(AbstractAutowireCapableBeanFactory.java:1245)
	at org.springframework.beans.factory.support.AbstractAutowireCapableBeanFactory.populateBean(AbstractAutowireCapableBeanFactory.java:1010)
	at org.springframework.beans.factory.support.AbstractAutowireCapableBeanFactory.doCreateBean(AbstractAutowireCapableBeanFactory.java:472)
	at org.springframework.beans.factory.support.AbstractAutowireCapableBeanFactory$1.run(AbstractAutowireCapableBeanFactory.java:409)
	at java.security.AccessController.doPrivileged(Native Method)
	at org.springframework.beans.factory.support.AbstractAutowireCapableBeanFactory.createBean(AbstractAutowireCapableBeanFactory.java:380)
	at org.springframework.beans.factory.support.AbstractBeanFactory$1.getObject(AbstractBeanFactory.java:264)
	at org.springframework.beans.factory.support.DefaultSingletonBeanRegistry.getSingleton(DefaultSingletonBeanRegistry.java:222)
	at org.springframework.beans.factory.support.AbstractBeanFactory.doGetBean(AbstractBeanFactory.java:261)
	at org.springframework.beans.factory.support.AbstractBeanFactory.getBean(AbstractBeanFactory.java:185)
	at org.springframework.beans.factory.support.AbstractBeanFactory.getBean(AbstractBeanFactory.java:164)
	at org.springframework.beans.factory.support.BeanDefinitionValueResolver.resolveReference(BeanDefinitionValueResolver.java:269)
	... 42 more
Caused by: org.springframework.beans.factory.BeanCreationException: Error creating bean with name &apos;transactionManager&apos; defined in class path resource [applicationContext-service.xml]: Cannot resolve reference to bean &apos;sessionFactory&apos; while setting bean property &apos;sessionFactory&apos;; nested exception is org.springframework.beans.factory.BeanCreationException: Error creating bean with name &apos;sessionFactory&apos;: Autowiring of fields failed; nested exception is org.springframework.beans.factory.BeanCreationException: Could not autowire field: public java.util.Map org.openmrs.api.db.hibernate.HibernateSessionFactoryBean.interceptors; nested exception is org.springframework.beans.factory.CannotLoadBeanClassException: Cannot find class [@MODULE_PACKAGE@.web.controller.importbillables.ProcessBillableServicesImportController] for bean with name &apos;processBillableServicesController&apos; defined in URL [file:/media/OS/Workspace/Git%20Projects/moh-billing/omod/target/classes/moduleApplicationContext.xml]; nested exception is java.lang.ClassNotFoundException: @MODULE_PACKAGE@.web.controller.importbillables.ProcessBillableServicesImportController
	at org.springframework.beans.factory.support.BeanDefinitionValueResolver.resolveReference(BeanDefinitionValueResolver.java:275)
	at org.springframework.beans.factory.support.BeanDefinitionValueResolver.resolveValueIfNecessary(BeanDefinitionValueResolver.java:104)
	at org.springframework.beans.factory.support.AbstractAutowireCapableBeanFactory.applyPropertyValues(AbstractAutowireCapableBeanFactory.java:1245)
	at org.springframework.beans.factory.support.AbstractAutowireCapableBeanFactory.populateBean(AbstractAutowireCapableBeanFactory.java:1010)
	at org.springframework.beans.factory.support.AbstractAutowireCapableBeanFactory.doCreateBean(AbstractAutowireCapableBeanFactory.java:472)
	at org.springframework.beans.factory.support.AbstractAutowireCapableBeanFactory$1.run(AbstractAutowireCapableBeanFactory.java:409)
	at java.security.AccessController.doPrivileged(Native Method)
	at org.springframework.beans.factory.support.AbstractAutowireCapableBeanFactory.createBean(AbstractAutowireCapableBeanFactory.java:380)
	at org.springframework.beans.factory.support.AbstractBeanFactory$1.getObject(AbstractBeanFactory.java:264)
	at org.springframework.beans.factory.support.DefaultSingletonBeanRegistry.getSingleton(DefaultSingletonBeanRegistry.java:222)
	at org.springframework.beans.factory.support.AbstractBeanFactory.doGetBean(AbstractBeanFactory.java:261)
	at org.springframework.beans.factory.support.AbstractBeanFactory.getBean(AbstractBeanFactory.java:185)
	at org.springframework.beans.factory.support.AbstractBeanFactory.getBean(AbstractBeanFactory.java:164)
	at org.springframework.beans.factory.support.BeanDefinitionValueResolver.resolveReference(BeanDefinitionValueResolver.java:269)
	... 55 more
Caused by: org.springframework.beans.factory.BeanCreationException: Error creating bean with name &apos;sessionFactory&apos;: Autowiring of fields failed; nested exception is org.springframework.beans.factory.BeanCreationException: Could not autowire field: public java.util.Map org.openmrs.api.db.hibernate.HibernateSessionFactoryBean.interceptors; nested exception is org.springframework.beans.factory.CannotLoadBeanClassException: Cannot find class [@MODULE_PACKAGE@.web.controller.importbillables.ProcessBillableServicesImportController] for bean with name &apos;processBillableServicesController&apos; defined in URL [file:/media/OS/Workspace/Git%20Projects/moh-billing/omod/target/classes/moduleApplicationContext.xml]; nested exception is java.lang.ClassNotFoundException: @MODULE_PACKAGE@.web.controller.importbillables.ProcessBillableServicesImportController
	at org.springframework.beans.factory.annotation.AutowiredAnnotationBeanPostProcessor.postProcessAfterInstantiation(AutowiredAnnotationBeanPostProcessor.java:243)
	at org.springframework.beans.factory.support.AbstractAutowireCapableBeanFactory.populateBean(AbstractAutowireCapableBeanFactory.java:959)
	at org.springframework.beans.factory.support.AbstractAutowireCapableBeanFactory.doCreateBean(AbstractAutowireCapableBeanFactory.java:472)
	at org.springframework.beans.factory.support.AbstractAutowireCapableBeanFactory$1.run(AbstractAutowireCapableBeanFactory.java:409)
	at java.security.AccessController.doPrivileged(Native Method)
	at org.springframework.beans.factory.support.AbstractAutowireCapableBeanFactory.createBean(AbstractAutowireCapableBeanFactory.java:380)
	at org.springframework.beans.factory.support.AbstractBeanFactory$1.getObject(AbstractBeanFactory.java:264)
	at org.springframework.beans.factory.support.DefaultSingletonBeanRegistry.getSingleton(DefaultSingletonBeanRegistry.java:222)
	at org.springframework.beans.factory.support.AbstractBeanFactory.doGetBean(AbstractBeanFactory.java:261)
	at org.springframework.beans.factory.support.AbstractBeanFactory.getBean(AbstractBeanFactory.java:185)
	at org.springframework.beans.factory.support.AbstractBeanFactory.getBean(AbstractBeanFactory.java:164)
	at org.springframework.beans.factory.support.BeanDefinitionValueResolver.resolveReference(BeanDefinitionValueResolver.java:269)
	... 68 more
Caused by: org.springframework.beans.factory.BeanCreationException: Could not autowire field: public java.util.Map org.openmrs.api.db.hibernate.HibernateSessionFactoryBean.interceptors; nested exception is org.springframework.beans.factory.CannotLoadBeanClassException: Cannot find class [@MODULE_PACKAGE@.web.controller.importbillables.ProcessBillableServicesImportController] for bean with name &apos;processBillableServicesController&apos; defined in URL [file:/media/OS/Workspace/Git%20Projects/moh-billing/omod/target/classes/moduleApplicationContext.xml]; nested exception is java.lang.ClassNotFoundException: @MODULE_PACKAGE@.web.controller.importbillables.ProcessBillableServicesImportController
	at org.springframework.beans.factory.annotation.AutowiredAnnotationBeanPostProcessor$AutowiredFieldElement.inject(AutowiredAnnotationBeanPostProcessor.java:435)
	at org.springframework.beans.factory.annotation.InjectionMetadata.injectFields(InjectionMetadata.java:105)
	at org.springframework.beans.factory.annotation.AutowiredAnnotationBeanPostProcessor.postProcessAfterInstantiation(AutowiredAnnotationBeanPostProcessor.java:240)
	... 79 more
Caused by: org.springframework.beans.factory.CannotLoadBeanClassException: Cannot find class [@MODULE_PACKAGE@.web.controller.importbillables.ProcessBillableServicesImportController] for bean with name &apos;processBillableServicesController&apos; defined in URL [file:/media/OS/Workspace/Git%20Projects/moh-billing/omod/target/classes/moduleApplicationContext.xml]; nested exception is java.lang.ClassNotFoundException: @MODULE_PACKAGE@.web.controller.importbillables.ProcessBillableServicesImportController
	at org.springframework.beans.factory.support.AbstractBeanFactory.resolveBeanClass(AbstractBeanFactory.java:1141)
	at org.springframework.beans.factory.support.AbstractAutowireCapableBeanFactory.predictBeanType(AbstractAutowireCapableBeanFactory.java:524)
	at org.springframework.beans.factory.support.AbstractBeanFactory.isFactoryBean(AbstractBeanFactory.java:1177)
	at org.springframework.beans.factory.support.DefaultListableBeanFactory.getBeanNamesForType(DefaultListableBeanFactory.java:222)
	at org.springframework.beans.factory.BeanFactoryUtils.beanNamesForTypeIncludingAncestors(BeanFactoryUtils.java:187)
	at org.springframework.beans.factory.support.DefaultListableBeanFactory.findAutowireCandidates(DefaultListableBeanFactory.java:652)
	at org.springframework.beans.factory.support.DefaultListableBeanFactory.resolveDependency(DefaultListableBeanFactory.java:597)
	at org.springframework.beans.factory.annotation.AutowiredAnnotationBeanPostProcessor$AutowiredFieldElement.inject(AutowiredAnnotationBeanPostProcessor.java:412)
	... 81 more
Caused by: java.lang.ClassNotFoundException: @MODULE_PACKAGE@.web.controller.importbillables.ProcessBillableServicesImportController
	at java.net.URLClassLoader$1.run(URLClassLoader.java:217)
	at java.security.AccessController.doPrivileged(Native Method)
	at java.net.URLClassLoader.findClass(URLClassLoader.java:205)
	at java.lang.ClassLoader.loadClass(ClassLoader.java:323)
	at sun.misc.Launcher$AppClassLoader.loadClass(Launcher.java:294)
	at java.lang.ClassLoader.loadClass(ClassLoader.java:268)
	at org.openmrs.util.OpenmrsClassLoader.loadClass(OpenmrsClassLoader.java:144)
	at java.lang.ClassLoader.loadClass(ClassLoader.java:268)
	at org.springframework.util.ClassUtils.forName(ClassUtils.java:211)
	at org.springframework.beans.factory.support.AbstractBeanDefinition.resolveBeanClass(AbstractBeanDefinition.java:385)
	at org.springframework.beans.factory.support.AbstractBeanFactory.resolveBeanClass(AbstractBeanFactory.java:1138)
	... 88 more
</error>
  </testcase>
  <testcase time="0.003" classname="org.openmrs.module.mohbilling.testcases.BillingAPIReportUtilTest" name="testGetDailyPayments">
    <error message="Failed to load ApplicationContext" type="java.lang.IllegalStateException">java.lang.IllegalStateException: Failed to load ApplicationContext
	at org.springframework.test.context.TestContext.getApplicationContext(TestContext.java:201)
	at org.springframework.test.context.support.DependencyInjectionTestExecutionListener.injectDependencies(DependencyInjectionTestExecutionListener.java:109)
	at org.springframework.test.context.support.DependencyInjectionTestExecutionListener.prepareTestInstance(DependencyInjectionTestExecutionListener.java:75)
	at org.springframework.test.context.TestContextManager.prepareTestInstance(TestContextManager.java:255)
	at org.springframework.test.context.junit4.SpringJUnit4ClassRunner.createTest(SpringJUnit4ClassRunner.java:111)
	at org.springframework.test.context.junit4.SpringJUnit4ClassRunner.invokeTestMethod(SpringJUnit4ClassRunner.java:148)
	at org.junit.internal.runners.JUnit4ClassRunner.runMethods(JUnit4ClassRunner.java:51)
	at org.junit.internal.runners.JUnit4ClassRunner$1.run(JUnit4ClassRunner.java:44)
	at org.junit.internal.runners.ClassRoadie.runUnprotected(ClassRoadie.java:27)
	at org.junit.internal.runners.ClassRoadie.runProtected(ClassRoadie.java:37)
	at org.junit.internal.runners.JUnit4ClassRunner.run(JUnit4ClassRunner.java:42)
	at org.springframework.test.context.junit4.SpringJUnit4ClassRunner.run(SpringJUnit4ClassRunner.java:97)
	at org.apache.maven.surefire.junit4.JUnit4TestSet.execute(JUnit4TestSet.java:53)
	at org.apache.maven.surefire.junit4.JUnit4Provider.executeTestSet(JUnit4Provider.java:123)
	at org.apache.maven.surefire.junit4.JUnit4Provider.invoke(JUnit4Provider.java:104)
	at sun.reflect.NativeMethodAccessorImpl.invoke0(Native Method)
	at sun.reflect.NativeMethodAccessorImpl.invoke(NativeMethodAccessorImpl.java:57)
	at sun.reflect.DelegatingMethodAccessorImpl.invoke(DelegatingMethodAccessorImpl.java:43)
	at java.lang.reflect.Method.invoke(Method.java:622)
	at org.apache.maven.surefire.util.ReflectionUtils.invokeMethodWithArray(ReflectionUtils.java:164)
	at org.apache.maven.surefire.booter.ProviderFactory$ProviderProxy.invoke(ProviderFactory.java:110)
	at org.apache.maven.surefire.booter.SurefireStarter.invokeProvider(SurefireStarter.java:175)
	at org.apache.maven.surefire.booter.SurefireStarter.runSuitesInProcessWhenForked(SurefireStarter.java:107)
	at org.apache.maven.surefire.booter.ForkedBooter.main(ForkedBooter.java:68)
Caused by: org.springframework.beans.factory.BeanCreationException: Error creating bean with name &apos;org.springframework.transaction.interceptor.TransactionAttributeSourceAdvisor#0&apos; defined in class path resource [applicationContext-service.xml]: Cannot resolve reference to bean &apos;transactionInterceptor&apos; while setting bean property &apos;transactionInterceptor&apos;; nested exception is org.springframework.beans.factory.BeanCreationException: Error creating bean with name &apos;transactionInterceptor&apos; defined in class path resource [applicationContext-service.xml]: Cannot resolve reference to bean &apos;transactionManager&apos; while setting bean property &apos;transactionManager&apos;; nested exception is org.springframework.beans.factory.BeanCreationException: Error creating bean with name &apos;transactionManager&apos; defined in class path resource [applicationContext-service.xml]: Cannot resolve reference to bean &apos;sessionFactory&apos; while setting bean property &apos;sessionFactory&apos;; nested exception is org.springframework.beans.factory.BeanCreationException: Error creating bean with name &apos;sessionFactory&apos;: Autowiring of fields failed; nested exception is org.springframework.beans.factory.BeanCreationException: Could not autowire field: public java.util.Map org.openmrs.api.db.hibernate.HibernateSessionFactoryBean.interceptors; nested exception is org.springframework.beans.factory.CannotLoadBeanClassException: Cannot find class [@MODULE_PACKAGE@.web.controller.importbillables.ProcessBillableServicesImportController] for bean with name &apos;processBillableServicesController&apos; defined in URL [file:/media/OS/Workspace/Git%20Projects/moh-billing/omod/target/classes/moduleApplicationContext.xml]; nested exception is java.lang.ClassNotFoundException: @MODULE_PACKAGE@.web.controller.importbillables.ProcessBillableServicesImportController
Related cause: org.springframework.beans.factory.CannotLoadBeanClassException: Cannot find class [@MODULE_PACKAGE@.web.controller.importbillables.ProcessBillableServicesImportController] for bean with name &apos;processBillableServicesController&apos; defined in URL [file:/media/OS/Workspace/Git%20Projects/moh-billing/omod/target/classes/moduleApplicationContext.xml]; nested exception is java.lang.ClassNotFoundException: @MODULE_PACKAGE@.web.controller.importbillables.ProcessBillableServicesImportController
Related cause: org.springframework.beans.factory.CannotLoadBeanClassException: Cannot find class [@MODULE_PACKAGE@.web.controller.importbillables.ImportBillableServicesFormController] for bean with name &apos;importBillableServicesFormController&apos; defined in URL [file:/media/OS/Workspace/Git%20Projects/moh-billing/omod/target/classes/moduleApplicationContext.xml]; nested exception is java.lang.ClassNotFoundException: @MODULE_PACKAGE@.web.controller.importbillables.ImportBillableServicesFormController
Related cause: org.springframework.beans.factory.BeanCreationException: Error creating bean with name &apos;patientService&apos; defined in class path resource [applicationContext-service.xml]: Cannot resolve reference to bean &apos;patientServiceTarget&apos; while setting bean property &apos;target&apos;; nested exception is org.springframework.beans.factory.BeanCreationException: Error creating bean with name &apos;patientServiceTarget&apos; defined in class path resource [applicationContext-service.xml]: Cannot resolve reference to bean &apos;patientDAO&apos; while setting bean property &apos;patientDAO&apos;; nested exception is org.springframework.beans.factory.BeanCreationException: Error creating bean with name &apos;patientDAO&apos; defined in class path resource [applicationContext-service.xml]: Cannot resolve reference to bean &apos;sessionFactory&apos; while setting bean property &apos;sessionFactory&apos;; nested exception is org.springframework.beans.factory.BeanCurrentlyInCreationException: Error creating bean with name &apos;sessionFactory&apos;: FactoryBean which is currently in creation returned null from getObject
Related cause: org.springframework.beans.factory.BeanCreationException: Error creating bean with name &apos;personService&apos; defined in class path resource [applicationContext-service.xml]: Cannot resolve reference to bean &apos;personServiceTarget&apos; while setting bean property &apos;target&apos;; nested exception is org.springframework.beans.factory.BeanCreationException: Error creating bean with name &apos;personServiceTarget&apos; defined in class path resource [applicationContext-service.xml]: Cannot resolve reference to bean &apos;personDAO&apos; while setting bean property &apos;personDAO&apos;; nested exception is org.springframework.beans.factory.BeanCreationException: Error creating bean with name &apos;personDAO&apos; defined in class path resource [applicationContext-service.xml]: Cannot resolve reference to bean &apos;sessionFactory&apos; while setting bean property &apos;sessionFactory&apos;; nested exception is org.springframework.beans.factory.BeanCurrentlyInCreationException: Error creating bean with name &apos;sessionFactory&apos;: FactoryBean which is currently in creation returned null from getObject
Related cause: org.springframework.beans.factory.BeanCreationException: Error creating bean with name &apos;conceptService&apos; defined in class path resource [applicationContext-service.xml]: Cannot resolve reference to bean &apos;conceptServiceTarget&apos; while setting bean property &apos;target&apos;; nested exception is org.springframework.beans.factory.BeanCreationException: Error creating bean with name &apos;conceptServiceTarget&apos; defined in class path resource [applicationContext-service.xml]: Cannot resolve reference to bean &apos;conceptDAO&apos; while setting bean property &apos;conceptDAO&apos;; nested exception is org.springframework.beans.factory.BeanCreationException: Error creating bean with name &apos;conceptDAO&apos; defined in class path resource [applicationContext-service.xml]: Cannot resolve reference to bean &apos;sessionFactory&apos; while setting bean property &apos;sessionFactory&apos;; nested exception is org.springframework.beans.factory.BeanCurrentlyInCreationException: Error creating bean with name &apos;sessionFactory&apos;: FactoryBean which is currently in creation returned null from getObject
Related cause: org.springframework.beans.factory.BeanCreationException: Error creating bean with name &apos;userService&apos; defined in class path resource [applicationContext-service.xml]: Cannot resolve reference to bean &apos;userServiceTarget&apos; while setting bean property &apos;target&apos;; nested exception is org.springframework.beans.factory.BeanCreationException: Error creating bean with name &apos;userServiceTarget&apos; defined in class path resource [applicationContext-service.xml]: Cannot resolve reference to bean &apos;userDAO&apos; while setting bean property &apos;userDAO&apos;; nested exception is org.springframework.beans.factory.BeanCreationException: Error creating bean with name &apos;userDAO&apos; defined in class path resource [applicationContext-service.xml]: Cannot resolve reference to bean &apos;sessionFactory&apos; while setting bean property &apos;sessionFactory&apos;; nested exception is org.springframework.beans.factory.BeanCurrentlyInCreationException: Error creating bean with name &apos;sessionFactory&apos;: FactoryBean which is currently in creation returned null from getObject
Related cause: org.springframework.beans.factory.BeanCreationException: Error creating bean with name &apos;obsService&apos; defined in class path resource [applicationContext-service.xml]: Cannot resolve reference to bean &apos;obsServiceTarget&apos; while setting bean property &apos;target&apos;; nested exception is org.springframework.beans.factory.BeanCreationException: Error creating bean with name &apos;obsServiceTarget&apos; defined in class path resource [applicationContext-service.xml]: Cannot resolve reference to bean &apos;obsDAO&apos; while setting bean property &apos;obsDAO&apos;; nested exception is org.springframework.beans.factory.BeanCreationException: Error creating bean with name &apos;obsDAO&apos; defined in class path resource [applicationContext-service.xml]: Cannot resolve reference to bean &apos;sessionFactory&apos; while setting bean property &apos;sessionFactory&apos;; nested exception is org.springframework.beans.factory.BeanCurrentlyInCreationException: Error creating bean with name &apos;sessionFactory&apos;: FactoryBean which is currently in creation returned null from getObject
Related cause: org.springframework.beans.factory.BeanCreationException: Error creating bean with name &apos;encounterService&apos; defined in class path resource [applicationContext-service.xml]: Cannot resolve reference to bean &apos;encounterServiceTarget&apos; while setting bean property &apos;target&apos;; nested exception is org.springframework.beans.factory.BeanCreationException: Error creating bean with name &apos;encounterServiceTarget&apos; defined in class path resource [applicationContext-service.xml]: Cannot resolve reference to bean &apos;encounterDAO&apos; while setting bean property &apos;encounterDAO&apos;; nested exception is org.springframework.beans.factory.BeanCreationException: Error creating bean with name &apos;encounterDAO&apos; defined in class path resource [applicationContext-service.xml]: Cannot resolve reference to bean &apos;sessionFactory&apos; while setting bean property &apos;sessionFactory&apos;; nested exception is org.springframework.beans.factory.BeanCurrentlyInCreationException: Error creating bean with name &apos;sessionFactory&apos;: FactoryBean which is currently in creation returned null from getObject
Related cause: org.springframework.beans.factory.BeanCreationException: Error creating bean with name &apos;locationService&apos; defined in class path resource [applicationContext-service.xml]: Cannot resolve reference to bean &apos;locationServiceTarget&apos; while setting bean property &apos;target&apos;; nested exception is org.springframework.beans.factory.BeanCreationException: Error creating bean with name &apos;locationServiceTarget&apos; defined in class path resource [applicationContext-service.xml]: Cannot resolve reference to bean &apos;locationDAO&apos; while setting bean property &apos;locationDAO&apos;; nested exception is org.springframework.beans.factory.BeanCreationException: Error creating bean with name &apos;locationDAO&apos; defined in class path resource [applicationContext-service.xml]: Cannot resolve reference to bean &apos;sessionFactory&apos; while setting bean property &apos;sessionFactory&apos;; nested exception is org.springframework.beans.factory.BeanCurrentlyInCreationException: Error creating bean with name &apos;sessionFactory&apos;: FactoryBean which is currently in creation returned null from getObject
Related cause: org.springframework.beans.factory.BeanCreationException: Error creating bean with name &apos;orderService&apos; defined in class path resource [applicationContext-service.xml]: Cannot resolve reference to bean &apos;orderServiceTarget&apos; while setting bean property &apos;target&apos;; nested exception is org.springframework.beans.factory.BeanCreationException: Error creating bean with name &apos;orderServiceTarget&apos; defined in class path resource [applicationContext-service.xml]: Cannot resolve reference to bean &apos;orderDAO&apos; while setting bean property &apos;orderDAO&apos;; nested exception is org.springframework.beans.factory.BeanCreationException: Error creating bean with name &apos;orderDAO&apos; defined in class path resource [applicationContext-service.xml]: Cannot resolve reference to bean &apos;sessionFactory&apos; while setting bean property &apos;sessionFactory&apos;; nested exception is org.springframework.beans.factory.BeanCurrentlyInCreationException: Error creating bean with name &apos;sessionFactory&apos;: FactoryBean which is currently in creation returned null from getObject
Related cause: org.springframework.beans.factory.BeanCreationException: Error creating bean with name &apos;formService&apos; defined in class path resource [applicationContext-service.xml]: Cannot resolve reference to bean &apos;formServiceTarget&apos; while setting bean property &apos;target&apos;; nested exception is org.springframework.beans.factory.BeanCreationException: Error creating bean with name &apos;formServiceTarget&apos; defined in class path resource [applicationContext-service.xml]: Cannot resolve reference to bean &apos;formDAO&apos; while setting bean property &apos;formDAO&apos;; nested exception is org.springframework.beans.factory.BeanCreationException: Error creating bean with name &apos;formDAO&apos; defined in class path resource [applicationContext-service.xml]: Cannot resolve reference to bean &apos;sessionFactory&apos; while setting bean property &apos;sessionFactory&apos;; nested exception is org.springframework.beans.factory.BeanCurrentlyInCreationException: Error creating bean with name &apos;sessionFactory&apos;: FactoryBean which is currently in creation returned null from getObject
Related cause: org.springframework.beans.factory.BeanCreationException: Error creating bean with name &apos;adminService&apos; defined in class path resource [applicationContext-service.xml]: Cannot resolve reference to bean &apos;adminServiceTarget&apos; while setting bean property &apos;target&apos;; nested exception is org.springframework.beans.factory.BeanCreationException: Error creating bean with name &apos;adminServiceTarget&apos; defined in class path resource [applicationContext-service.xml]: Cannot resolve reference to bean &apos;adminDAO&apos; while setting bean property &apos;administrationDAO&apos;; nested exception is org.springframework.beans.factory.BeanCreationException: Error creating bean with name &apos;adminDAO&apos; defined in class path resource [applicationContext-service.xml]: Cannot resolve reference to bean &apos;sessionFactory&apos; while setting bean property &apos;sessionFactory&apos;; nested exception is org.springframework.beans.factory.BeanCurrentlyInCreationException: Error creating bean with name &apos;sessionFactory&apos;: FactoryBean which is currently in creation returned null from getObject
Related cause: org.springframework.beans.factory.BeanCreationException: Error creating bean with name &apos;programWorkflowService&apos; defined in class path resource [applicationContext-service.xml]: Cannot resolve reference to bean &apos;programWorkflowServiceTarget&apos; while setting bean property &apos;target&apos;; nested exception is org.springframework.beans.factory.BeanCreationException: Error creating bean with name &apos;programWorkflowServiceTarget&apos; defined in class path resource [applicationContext-service.xml]: Cannot resolve reference to bean &apos;programWorkflowDAO&apos; while setting bean property &apos;programWorkflowDAO&apos;; nested exception is org.springframework.beans.factory.BeanCreationException: Error creating bean with name &apos;programWorkflowDAO&apos; defined in class path resource [applicationContext-service.xml]: Cannot resolve reference to bean &apos;sessionFactory&apos; while setting bean property &apos;sessionFactory&apos;; nested exception is org.springframework.beans.factory.BeanCurrentlyInCreationException: Error creating bean with name &apos;sessionFactory&apos;: FactoryBean which is currently in creation returned null from getObject
Related cause: org.springframework.beans.factory.BeanCreationException: Error creating bean with name &apos;messageService&apos; defined in class path resource [applicationContext-service.xml]: Cannot resolve reference to bean &apos;messageServiceTarget&apos; while setting bean property &apos;target&apos;; nested exception is org.springframework.beans.factory.BeanCreationException: Error creating bean with name &apos;messageServiceTarget&apos; defined in class path resource [applicationContext-service.xml]: Cannot resolve reference to bean &apos;templateDAO&apos; while setting bean property &apos;templateDAO&apos;; nested exception is org.springframework.beans.factory.BeanCreationException: Error creating bean with name &apos;templateDAO&apos; defined in class path resource [applicationContext-service.xml]: Cannot resolve reference to bean &apos;sessionFactory&apos; while setting bean property &apos;sessionFactory&apos;; nested exception is org.springframework.beans.factory.BeanCurrentlyInCreationException: Error creating bean with name &apos;sessionFactory&apos;: FactoryBean which is currently in creation returned null from getObject
Related cause: org.springframework.beans.factory.BeanCreationException: Error creating bean with name &apos;patientSetService&apos; defined in class path resource [applicationContext-service.xml]: Cannot resolve reference to bean &apos;patientSetServiceTarget&apos; while setting bean property &apos;target&apos;; nested exception is org.springframework.beans.factory.BeanCreationException: Error creating bean with name &apos;patientSetServiceTarget&apos; defined in class path resource [applicationContext-service.xml]: Cannot resolve reference to bean &apos;patientSetDAO&apos; while setting bean property &apos;patientSetDAO&apos;; nested exception is org.springframework.beans.factory.BeanCreationException: Error creating bean with name &apos;patientSetDAO&apos; defined in class path resource [applicationContext-service.xml]: Cannot resolve reference to bean &apos;sessionFactory&apos; while setting bean property &apos;sessionFactory&apos;; nested exception is org.springframework.beans.factory.BeanCurrentlyInCreationException: Error creating bean with name &apos;sessionFactory&apos;: FactoryBean which is currently in creation returned null from getObject
Related cause: org.springframework.beans.factory.BeanCreationException: Error creating bean with name &apos;cohortService&apos; defined in class path resource [applicationContext-service.xml]: Cannot resolve reference to bean &apos;cohortServiceTarget&apos; while setting bean property &apos;target&apos;; nested exception is org.springframework.beans.factory.BeanCreationException: Error creating bean with name &apos;cohortServiceTarget&apos; defined in class path resource [applicationContext-service.xml]: Cannot resolve reference to bean &apos;cohortDAO&apos; while setting bean property &apos;cohortDAO&apos;; nested exception is org.springframework.beans.factory.BeanCreationException: Error creating bean with name &apos;cohortDAO&apos; defined in class path resource [applicationContext-service.xml]: Cannot resolve reference to bean &apos;sessionFactory&apos; while setting bean property &apos;sessionFactory&apos;; nested exception is org.springframework.beans.factory.BeanCurrentlyInCreationException: Error creating bean with name &apos;sessionFactory&apos;: FactoryBean which is currently in creation returned null from getObject
Related cause: org.springframework.beans.factory.BeanCreationException: Error creating bean with name &apos;schedulerService&apos; defined in class path resource [applicationContext-service.xml]: Cannot resolve reference to bean &apos;schedulerServiceTarget&apos; while setting bean property &apos;target&apos;; nested exception is org.springframework.beans.factory.BeanCreationException: Error creating bean with name &apos;schedulerServiceTarget&apos; defined in class path resource [applicationContext-service.xml]: Cannot resolve reference to bean &apos;schedulerDAO&apos; while setting bean property &apos;schedulerDAO&apos;; nested exception is org.springframework.beans.factory.BeanCreationException: Error creating bean with name &apos;schedulerDAO&apos; defined in class path resource [applicationContext-service.xml]: Cannot resolve reference to bean &apos;sessionFactory&apos; while setting bean property &apos;sessionFactory&apos;; nested exception is org.springframework.beans.factory.BeanCurrentlyInCreationException: Error creating bean with name &apos;sessionFactory&apos;: FactoryBean which is currently in creation returned null from getObject
Related cause: org.springframework.beans.factory.BeanCreationException: Error creating bean with name &apos;alertService&apos; defined in class path resource [applicationContext-service.xml]: Cannot resolve reference to bean &apos;alertServiceTarget&apos; while setting bean property &apos;target&apos;; nested exception is org.springframework.beans.factory.BeanCreationException: Error creating bean with name &apos;alertServiceTarget&apos; defined in class path resource [applicationContext-service.xml]: Cannot resolve reference to bean &apos;alertDAO&apos; while setting bean property &apos;alertDAO&apos;; nested exception is org.springframework.beans.factory.BeanCreationException: Error creating bean with name &apos;alertDAO&apos; defined in class path resource [applicationContext-service.xml]: Cannot resolve reference to bean &apos;sessionFactory&apos; while setting bean property &apos;sessionFactory&apos;; nested exception is org.springframework.beans.factory.BeanCurrentlyInCreationException: Error creating bean with name &apos;sessionFactory&apos;: FactoryBean which is currently in creation returned null from getObject
Related cause: org.springframework.beans.factory.BeanCreationException: Error creating bean with name &apos;reportService&apos; defined in class path resource [applicationContext-service.xml]: Cannot resolve reference to bean &apos;reportServiceTarget&apos; while setting bean property &apos;target&apos;; nested exception is org.springframework.beans.factory.BeanCreationException: Error creating bean with name &apos;reportServiceTarget&apos; defined in class path resource [applicationContext-service.xml]: Cannot resolve reference to bean &apos;reportDAO&apos; while setting bean property &apos;reportDAO&apos;; nested exception is org.springframework.beans.factory.BeanCreationException: Error creating bean with name &apos;reportDAO&apos; defined in class path resource [applicationContext-service.xml]: Cannot resolve reference to bean &apos;sessionFactory&apos; while setting bean property &apos;sessionFactory&apos;; nested exception is org.springframework.beans.factory.BeanCurrentlyInCreationException: Error creating bean with name &apos;sessionFactory&apos;: FactoryBean which is currently in creation returned null from getObject
Related cause: org.springframework.beans.factory.BeanCreationException: Error creating bean with name &apos;reportObjectService&apos; defined in class path resource [applicationContext-service.xml]: Cannot resolve reference to bean &apos;reportObjectServiceTarget&apos; while setting bean property &apos;target&apos;; nested exception is org.springframework.beans.factory.BeanCreationException: Error creating bean with name &apos;reportObjectServiceTarget&apos; defined in class path resource [applicationContext-service.xml]: Cannot resolve reference to bean &apos;reportObjectDAO&apos; while setting bean property &apos;reportObjectDAO&apos;; nested exception is org.springframework.beans.factory.BeanCreationException: Error creating bean with name &apos;reportObjectDAO&apos; defined in class path resource [applicationContext-service.xml]: Cannot resolve reference to bean &apos;sessionFactory&apos; while setting bean property &apos;sessionFactory&apos;; nested exception is org.springframework.beans.factory.BeanCurrentlyInCreationException: Error creating bean with name &apos;sessionFactory&apos;: FactoryBean which is currently in creation returned null from getObject
Related cause: org.springframework.beans.factory.BeanCreationException: Error creating bean with name &apos;hL7Service&apos; defined in class path resource [applicationContext-service.xml]: Cannot resolve reference to bean &apos;hL7ServiceTarget&apos; while setting bean property &apos;target&apos;; nested exception is org.springframework.beans.factory.BeanCreationException: Error creating bean with name &apos;hL7ServiceTarget&apos; defined in class path resource [applicationContext-service.xml]: Cannot resolve reference to bean &apos;hL7DAO&apos; while setting bean property &apos;HL7DAO&apos;; nested exception is org.springframework.beans.factory.BeanCreationException: Error creating bean with name &apos;hL7DAO&apos; defined in class path resource [applicationContext-service.xml]: Cannot resolve reference to bean &apos;sessionFactory&apos; while setting bean property &apos;sessionFactory&apos;; nested exception is org.springframework.beans.factory.BeanCurrentlyInCreationException: Error creating bean with name &apos;sessionFactory&apos;: FactoryBean which is currently in creation returned null from getObject
	at org.springframework.beans.factory.support.BeanDefinitionValueResolver.resolveReference(BeanDefinitionValueResolver.java:275)
	at org.springframework.beans.factory.support.BeanDefinitionValueResolver.resolveValueIfNecessary(BeanDefinitionValueResolver.java:104)
	at org.springframework.beans.factory.support.AbstractAutowireCapableBeanFactory.applyPropertyValues(AbstractAutowireCapableBeanFactory.java:1245)
	at org.springframework.beans.factory.support.AbstractAutowireCapableBeanFactory.populateBean(AbstractAutowireCapableBeanFactory.java:1010)
	at org.springframework.beans.factory.support.AbstractAutowireCapableBeanFactory.doCreateBean(AbstractAutowireCapableBeanFactory.java:472)
	at org.springframework.beans.factory.support.AbstractAutowireCapableBeanFactory$1.run(AbstractAutowireCapableBeanFactory.java:409)
	at java.security.AccessController.doPrivileged(Native Method)
	at org.springframework.beans.factory.support.AbstractAutowireCapableBeanFactory.createBean(AbstractAutowireCapableBeanFactory.java:380)
	at org.springframework.beans.factory.support.AbstractBeanFactory$1.getObject(AbstractBeanFactory.java:264)
	at org.springframework.beans.factory.support.DefaultSingletonBeanRegistry.getSingleton(DefaultSingletonBeanRegistry.java:222)
	at org.springframework.beans.factory.support.AbstractBeanFactory.doGetBean(AbstractBeanFactory.java:261)
	at org.springframework.beans.factory.support.AbstractBeanFactory.getBean(AbstractBeanFactory.java:185)
	at org.springframework.beans.factory.support.AbstractBeanFactory.getBean(AbstractBeanFactory.java:164)
	at org.springframework.beans.factory.support.DefaultListableBeanFactory.preInstantiateSingletons(DefaultListableBeanFactory.java:429)
	at org.springframework.context.support.AbstractApplicationContext.finishBeanFactoryInitialization(AbstractApplicationContext.java:728)
	at org.springframework.context.support.AbstractApplicationContext.refresh(AbstractApplicationContext.java:380)
	at org.springframework.test.context.support.AbstractGenericContextLoader.loadContext(AbstractGenericContextLoader.java:84)
	at org.springframework.test.context.support.AbstractGenericContextLoader.loadContext(AbstractGenericContextLoader.java:42)
	at org.springframework.test.context.TestContext.loadApplicationContext(TestContext.java:173)
	at org.springframework.test.context.TestContext.getApplicationContext(TestContext.java:197)
	... 23 more
Caused by: org.springframework.beans.factory.BeanCreationException: Error creating bean with name &apos;transactionInterceptor&apos; defined in class path resource [applicationContext-service.xml]: Cannot resolve reference to bean &apos;transactionManager&apos; while setting bean property &apos;transactionManager&apos;; nested exception is org.springframework.beans.factory.BeanCreationException: Error creating bean with name &apos;transactionManager&apos; defined in class path resource [applicationContext-service.xml]: Cannot resolve reference to bean &apos;sessionFactory&apos; while setting bean property &apos;sessionFactory&apos;; nested exception is org.springframework.beans.factory.BeanCreationException: Error creating bean with name &apos;sessionFactory&apos;: Autowiring of fields failed; nested exception is org.springframework.beans.factory.BeanCreationException: Could not autowire field: public java.util.Map org.openmrs.api.db.hibernate.HibernateSessionFactoryBean.interceptors; nested exception is org.springframework.beans.factory.CannotLoadBeanClassException: Cannot find class [@MODULE_PACKAGE@.web.controller.importbillables.ProcessBillableServicesImportController] for bean with name &apos;processBillableServicesController&apos; defined in URL [file:/media/OS/Workspace/Git%20Projects/moh-billing/omod/target/classes/moduleApplicationContext.xml]; nested exception is java.lang.ClassNotFoundException: @MODULE_PACKAGE@.web.controller.importbillables.ProcessBillableServicesImportController
	at org.springframework.beans.factory.support.BeanDefinitionValueResolver.resolveReference(BeanDefinitionValueResolver.java:275)
	at org.springframework.beans.factory.support.BeanDefinitionValueResolver.resolveValueIfNecessary(BeanDefinitionValueResolver.java:104)
	at org.springframework.beans.factory.support.AbstractAutowireCapableBeanFactory.applyPropertyValues(AbstractAutowireCapableBeanFactory.java:1245)
	at org.springframework.beans.factory.support.AbstractAutowireCapableBeanFactory.populateBean(AbstractAutowireCapableBeanFactory.java:1010)
	at org.springframework.beans.factory.support.AbstractAutowireCapableBeanFactory.doCreateBean(AbstractAutowireCapableBeanFactory.java:472)
	at org.springframework.beans.factory.support.AbstractAutowireCapableBeanFactory$1.run(AbstractAutowireCapableBeanFactory.java:409)
	at java.security.AccessController.doPrivileged(Native Method)
	at org.springframework.beans.factory.support.AbstractAutowireCapableBeanFactory.createBean(AbstractAutowireCapableBeanFactory.java:380)
	at org.springframework.beans.factory.support.AbstractBeanFactory$1.getObject(AbstractBeanFactory.java:264)
	at org.springframework.beans.factory.support.DefaultSingletonBeanRegistry.getSingleton(DefaultSingletonBeanRegistry.java:222)
	at org.springframework.beans.factory.support.AbstractBeanFactory.doGetBean(AbstractBeanFactory.java:261)
	at org.springframework.beans.factory.support.AbstractBeanFactory.getBean(AbstractBeanFactory.java:185)
	at org.springframework.beans.factory.support.AbstractBeanFactory.getBean(AbstractBeanFactory.java:164)
	at org.springframework.beans.factory.support.BeanDefinitionValueResolver.resolveReference(BeanDefinitionValueResolver.java:269)
	... 42 more
Caused by: org.springframework.beans.factory.BeanCreationException: Error creating bean with name &apos;transactionManager&apos; defined in class path resource [applicationContext-service.xml]: Cannot resolve reference to bean &apos;sessionFactory&apos; while setting bean property &apos;sessionFactory&apos;; nested exception is org.springframework.beans.factory.BeanCreationException: Error creating bean with name &apos;sessionFactory&apos;: Autowiring of fields failed; nested exception is org.springframework.beans.factory.BeanCreationException: Could not autowire field: public java.util.Map org.openmrs.api.db.hibernate.HibernateSessionFactoryBean.interceptors; nested exception is org.springframework.beans.factory.CannotLoadBeanClassException: Cannot find class [@MODULE_PACKAGE@.web.controller.importbillables.ProcessBillableServicesImportController] for bean with name &apos;processBillableServicesController&apos; defined in URL [file:/media/OS/Workspace/Git%20Projects/moh-billing/omod/target/classes/moduleApplicationContext.xml]; nested exception is java.lang.ClassNotFoundException: @MODULE_PACKAGE@.web.controller.importbillables.ProcessBillableServicesImportController
	at org.springframework.beans.factory.support.BeanDefinitionValueResolver.resolveReference(BeanDefinitionValueResolver.java:275)
	at org.springframework.beans.factory.support.BeanDefinitionValueResolver.resolveValueIfNecessary(BeanDefinitionValueResolver.java:104)
	at org.springframework.beans.factory.support.AbstractAutowireCapableBeanFactory.applyPropertyValues(AbstractAutowireCapableBeanFactory.java:1245)
	at org.springframework.beans.factory.support.AbstractAutowireCapableBeanFactory.populateBean(AbstractAutowireCapableBeanFactory.java:1010)
	at org.springframework.beans.factory.support.AbstractAutowireCapableBeanFactory.doCreateBean(AbstractAutowireCapableBeanFactory.java:472)
	at org.springframework.beans.factory.support.AbstractAutowireCapableBeanFactory$1.run(AbstractAutowireCapableBeanFactory.java:409)
	at java.security.AccessController.doPrivileged(Native Method)
	at org.springframework.beans.factory.support.AbstractAutowireCapableBeanFactory.createBean(AbstractAutowireCapableBeanFactory.java:380)
	at org.springframework.beans.factory.support.AbstractBeanFactory$1.getObject(AbstractBeanFactory.java:264)
	at org.springframework.beans.factory.support.DefaultSingletonBeanRegistry.getSingleton(DefaultSingletonBeanRegistry.java:222)
	at org.springframework.beans.factory.support.AbstractBeanFactory.doGetBean(AbstractBeanFactory.java:261)
	at org.springframework.beans.factory.support.AbstractBeanFactory.getBean(AbstractBeanFactory.java:185)
	at org.springframework.beans.factory.support.AbstractBeanFactory.getBean(AbstractBeanFactory.java:164)
	at org.springframework.beans.factory.support.BeanDefinitionValueResolver.resolveReference(BeanDefinitionValueResolver.java:269)
	... 55 more
Caused by: org.springframework.beans.factory.BeanCreationException: Error creating bean with name &apos;sessionFactory&apos;: Autowiring of fields failed; nested exception is org.springframework.beans.factory.BeanCreationException: Could not autowire field: public java.util.Map org.openmrs.api.db.hibernate.HibernateSessionFactoryBean.interceptors; nested exception is org.springframework.beans.factory.CannotLoadBeanClassException: Cannot find class [@MODULE_PACKAGE@.web.controller.importbillables.ProcessBillableServicesImportController] for bean with name &apos;processBillableServicesController&apos; defined in URL [file:/media/OS/Workspace/Git%20Projects/moh-billing/omod/target/classes/moduleApplicationContext.xml]; nested exception is java.lang.ClassNotFoundException: @MODULE_PACKAGE@.web.controller.importbillables.ProcessBillableServicesImportController
	at org.springframework.beans.factory.annotation.AutowiredAnnotationBeanPostProcessor.postProcessAfterInstantiation(AutowiredAnnotationBeanPostProcessor.java:243)
	at org.springframework.beans.factory.support.AbstractAutowireCapableBeanFactory.populateBean(AbstractAutowireCapableBeanFactory.java:959)
	at org.springframework.beans.factory.support.AbstractAutowireCapableBeanFactory.doCreateBean(AbstractAutowireCapableBeanFactory.java:472)
	at org.springframework.beans.factory.support.AbstractAutowireCapableBeanFactory$1.run(AbstractAutowireCapableBeanFactory.java:409)
	at java.security.AccessController.doPrivileged(Native Method)
	at org.springframework.beans.factory.support.AbstractAutowireCapableBeanFactory.createBean(AbstractAutowireCapableBeanFactory.java:380)
	at org.springframework.beans.factory.support.AbstractBeanFactory$1.getObject(AbstractBeanFactory.java:264)
	at org.springframework.beans.factory.support.DefaultSingletonBeanRegistry.getSingleton(DefaultSingletonBeanRegistry.java:222)
	at org.springframework.beans.factory.support.AbstractBeanFactory.doGetBean(AbstractBeanFactory.java:261)
	at org.springframework.beans.factory.support.AbstractBeanFactory.getBean(AbstractBeanFactory.java:185)
	at org.springframework.beans.factory.support.AbstractBeanFactory.getBean(AbstractBeanFactory.java:164)
	at org.springframework.beans.factory.support.BeanDefinitionValueResolver.resolveReference(BeanDefinitionValueResolver.java:269)
	... 68 more
Caused by: org.springframework.beans.factory.BeanCreationException: Could not autowire field: public java.util.Map org.openmrs.api.db.hibernate.HibernateSessionFactoryBean.interceptors; nested exception is org.springframework.beans.factory.CannotLoadBeanClassException: Cannot find class [@MODULE_PACKAGE@.web.controller.importbillables.ProcessBillableServicesImportController] for bean with name &apos;processBillableServicesController&apos; defined in URL [file:/media/OS/Workspace/Git%20Projects/moh-billing/omod/target/classes/moduleApplicationContext.xml]; nested exception is java.lang.ClassNotFoundException: @MODULE_PACKAGE@.web.controller.importbillables.ProcessBillableServicesImportController
	at org.springframework.beans.factory.annotation.AutowiredAnnotationBeanPostProcessor$AutowiredFieldElement.inject(AutowiredAnnotationBeanPostProcessor.java:435)
	at org.springframework.beans.factory.annotation.InjectionMetadata.injectFields(InjectionMetadata.java:105)
	at org.springframework.beans.factory.annotation.AutowiredAnnotationBeanPostProcessor.postProcessAfterInstantiation(AutowiredAnnotationBeanPostProcessor.java:240)
	... 79 more
Caused by: org.springframework.beans.factory.CannotLoadBeanClassException: Cannot find class [@MODULE_PACKAGE@.web.controller.importbillables.ProcessBillableServicesImportController] for bean with name &apos;processBillableServicesController&apos; defined in URL [file:/media/OS/Workspace/Git%20Projects/moh-billing/omod/target/classes/moduleApplicationContext.xml]; nested exception is java.lang.ClassNotFoundException: @MODULE_PACKAGE@.web.controller.importbillables.ProcessBillableServicesImportController
	at org.springframework.beans.factory.support.AbstractBeanFactory.resolveBeanClass(AbstractBeanFactory.java:1141)
	at org.springframework.beans.factory.support.AbstractAutowireCapableBeanFactory.predictBeanType(AbstractAutowireCapableBeanFactory.java:524)
	at org.springframework.beans.factory.support.AbstractBeanFactory.isFactoryBean(AbstractBeanFactory.java:1177)
	at org.springframework.beans.factory.support.DefaultListableBeanFactory.getBeanNamesForType(DefaultListableBeanFactory.java:222)
	at org.springframework.beans.factory.BeanFactoryUtils.beanNamesForTypeIncludingAncestors(BeanFactoryUtils.java:187)
	at org.springframework.beans.factory.support.DefaultListableBeanFactory.findAutowireCandidates(DefaultListableBeanFactory.java:652)
	at org.springframework.beans.factory.support.DefaultListableBeanFactory.resolveDependency(DefaultListableBeanFactory.java:597)
	at org.springframework.beans.factory.annotation.AutowiredAnnotationBeanPostProcessor$AutowiredFieldElement.inject(AutowiredAnnotationBeanPostProcessor.java:412)
	... 81 more
Caused by: java.lang.ClassNotFoundException: @MODULE_PACKAGE@.web.controller.importbillables.ProcessBillableServicesImportController
	at java.net.URLClassLoader$1.run(URLClassLoader.java:217)
	at java.security.AccessController.doPrivileged(Native Method)
	at java.net.URLClassLoader.findClass(URLClassLoader.java:205)
	at java.lang.ClassLoader.loadClass(ClassLoader.java:323)
	at sun.misc.Launcher$AppClassLoader.loadClass(Launcher.java:294)
	at java.lang.ClassLoader.loadClass(ClassLoader.java:268)
	at org.openmrs.util.OpenmrsClassLoader.loadClass(OpenmrsClassLoader.java:144)
	at java.lang.ClassLoader.loadClass(ClassLoader.java:268)
	at org.springframework.util.ClassUtils.forName(ClassUtils.java:211)
	at org.springframework.beans.factory.support.AbstractBeanDefinition.resolveBeanClass(AbstractBeanDefinition.java:385)
	at org.springframework.beans.factory.support.AbstractBeanFactory.resolveBeanClass(AbstractBeanFactory.java:1138)
	... 88 more
</error>
  </testcase>
  <testcase time="0.003" classname="org.openmrs.module.mohbilling.testcases.BillingAPIReportUtilTest" name="testGetMonthlyReportByInsurance">
    <error message="Failed to load ApplicationContext" type="java.lang.IllegalStateException">java.lang.IllegalStateException: Failed to load ApplicationContext
	at org.springframework.test.context.TestContext.getApplicationContext(TestContext.java:201)
	at org.springframework.test.context.support.DependencyInjectionTestExecutionListener.injectDependencies(DependencyInjectionTestExecutionListener.java:109)
	at org.springframework.test.context.support.DependencyInjectionTestExecutionListener.prepareTestInstance(DependencyInjectionTestExecutionListener.java:75)
	at org.springframework.test.context.TestContextManager.prepareTestInstance(TestContextManager.java:255)
	at org.springframework.test.context.junit4.SpringJUnit4ClassRunner.createTest(SpringJUnit4ClassRunner.java:111)
	at org.springframework.test.context.junit4.SpringJUnit4ClassRunner.invokeTestMethod(SpringJUnit4ClassRunner.java:148)
	at org.junit.internal.runners.JUnit4ClassRunner.runMethods(JUnit4ClassRunner.java:51)
	at org.junit.internal.runners.JUnit4ClassRunner$1.run(JUnit4ClassRunner.java:44)
	at org.junit.internal.runners.ClassRoadie.runUnprotected(ClassRoadie.java:27)
	at org.junit.internal.runners.ClassRoadie.runProtected(ClassRoadie.java:37)
	at org.junit.internal.runners.JUnit4ClassRunner.run(JUnit4ClassRunner.java:42)
	at org.springframework.test.context.junit4.SpringJUnit4ClassRunner.run(SpringJUnit4ClassRunner.java:97)
	at org.apache.maven.surefire.junit4.JUnit4TestSet.execute(JUnit4TestSet.java:53)
	at org.apache.maven.surefire.junit4.JUnit4Provider.executeTestSet(JUnit4Provider.java:123)
	at org.apache.maven.surefire.junit4.JUnit4Provider.invoke(JUnit4Provider.java:104)
	at sun.reflect.NativeMethodAccessorImpl.invoke0(Native Method)
	at sun.reflect.NativeMethodAccessorImpl.invoke(NativeMethodAccessorImpl.java:57)
	at sun.reflect.DelegatingMethodAccessorImpl.invoke(DelegatingMethodAccessorImpl.java:43)
	at java.lang.reflect.Method.invoke(Method.java:622)
	at org.apache.maven.surefire.util.ReflectionUtils.invokeMethodWithArray(ReflectionUtils.java:164)
	at org.apache.maven.surefire.booter.ProviderFactory$ProviderProxy.invoke(ProviderFactory.java:110)
	at org.apache.maven.surefire.booter.SurefireStarter.invokeProvider(SurefireStarter.java:175)
	at org.apache.maven.surefire.booter.SurefireStarter.runSuitesInProcessWhenForked(SurefireStarter.java:107)
	at org.apache.maven.surefire.booter.ForkedBooter.main(ForkedBooter.java:68)
Caused by: org.springframework.beans.factory.BeanCreationException: Error creating bean with name &apos;org.springframework.transaction.interceptor.TransactionAttributeSourceAdvisor#0&apos; defined in class path resource [applicationContext-service.xml]: Cannot resolve reference to bean &apos;transactionInterceptor&apos; while setting bean property &apos;transactionInterceptor&apos;; nested exception is org.springframework.beans.factory.BeanCreationException: Error creating bean with name &apos;transactionInterceptor&apos; defined in class path resource [applicationContext-service.xml]: Cannot resolve reference to bean &apos;transactionManager&apos; while setting bean property &apos;transactionManager&apos;; nested exception is org.springframework.beans.factory.BeanCreationException: Error creating bean with name &apos;transactionManager&apos; defined in class path resource [applicationContext-service.xml]: Cannot resolve reference to bean &apos;sessionFactory&apos; while setting bean property &apos;sessionFactory&apos;; nested exception is org.springframework.beans.factory.BeanCreationException: Error creating bean with name &apos;sessionFactory&apos;: Autowiring of fields failed; nested exception is org.springframework.beans.factory.BeanCreationException: Could not autowire field: public java.util.Map org.openmrs.api.db.hibernate.HibernateSessionFactoryBean.interceptors; nested exception is org.springframework.beans.factory.CannotLoadBeanClassException: Cannot find class [@MODULE_PACKAGE@.web.controller.importbillables.ProcessBillableServicesImportController] for bean with name &apos;processBillableServicesController&apos; defined in URL [file:/media/OS/Workspace/Git%20Projects/moh-billing/omod/target/classes/moduleApplicationContext.xml]; nested exception is java.lang.ClassNotFoundException: @MODULE_PACKAGE@.web.controller.importbillables.ProcessBillableServicesImportController
Related cause: org.springframework.beans.factory.CannotLoadBeanClassException: Cannot find class [@MODULE_PACKAGE@.web.controller.importbillables.ProcessBillableServicesImportController] for bean with name &apos;processBillableServicesController&apos; defined in URL [file:/media/OS/Workspace/Git%20Projects/moh-billing/omod/target/classes/moduleApplicationContext.xml]; nested exception is java.lang.ClassNotFoundException: @MODULE_PACKAGE@.web.controller.importbillables.ProcessBillableServicesImportController
Related cause: org.springframework.beans.factory.CannotLoadBeanClassException: Cannot find class [@MODULE_PACKAGE@.web.controller.importbillables.ImportBillableServicesFormController] for bean with name &apos;importBillableServicesFormController&apos; defined in URL [file:/media/OS/Workspace/Git%20Projects/moh-billing/omod/target/classes/moduleApplicationContext.xml]; nested exception is java.lang.ClassNotFoundException: @MODULE_PACKAGE@.web.controller.importbillables.ImportBillableServicesFormController
Related cause: org.springframework.beans.factory.BeanCreationException: Error creating bean with name &apos;patientService&apos; defined in class path resource [applicationContext-service.xml]: Cannot resolve reference to bean &apos;patientServiceTarget&apos; while setting bean property &apos;target&apos;; nested exception is org.springframework.beans.factory.BeanCreationException: Error creating bean with name &apos;patientServiceTarget&apos; defined in class path resource [applicationContext-service.xml]: Cannot resolve reference to bean &apos;patientDAO&apos; while setting bean property &apos;patientDAO&apos;; nested exception is org.springframework.beans.factory.BeanCreationException: Error creating bean with name &apos;patientDAO&apos; defined in class path resource [applicationContext-service.xml]: Cannot resolve reference to bean &apos;sessionFactory&apos; while setting bean property &apos;sessionFactory&apos;; nested exception is org.springframework.beans.factory.BeanCurrentlyInCreationException: Error creating bean with name &apos;sessionFactory&apos;: FactoryBean which is currently in creation returned null from getObject
Related cause: org.springframework.beans.factory.BeanCreationException: Error creating bean with name &apos;personService&apos; defined in class path resource [applicationContext-service.xml]: Cannot resolve reference to bean &apos;personServiceTarget&apos; while setting bean property &apos;target&apos;; nested exception is org.springframework.beans.factory.BeanCreationException: Error creating bean with name &apos;personServiceTarget&apos; defined in class path resource [applicationContext-service.xml]: Cannot resolve reference to bean &apos;personDAO&apos; while setting bean property &apos;personDAO&apos;; nested exception is org.springframework.beans.factory.BeanCreationException: Error creating bean with name &apos;personDAO&apos; defined in class path resource [applicationContext-service.xml]: Cannot resolve reference to bean &apos;sessionFactory&apos; while setting bean property &apos;sessionFactory&apos;; nested exception is org.springframework.beans.factory.BeanCurrentlyInCreationException: Error creating bean with name &apos;sessionFactory&apos;: FactoryBean which is currently in creation returned null from getObject
Related cause: org.springframework.beans.factory.BeanCreationException: Error creating bean with name &apos;conceptService&apos; defined in class path resource [applicationContext-service.xml]: Cannot resolve reference to bean &apos;conceptServiceTarget&apos; while setting bean property &apos;target&apos;; nested exception is org.springframework.beans.factory.BeanCreationException: Error creating bean with name &apos;conceptServiceTarget&apos; defined in class path resource [applicationContext-service.xml]: Cannot resolve reference to bean &apos;conceptDAO&apos; while setting bean property &apos;conceptDAO&apos;; nested exception is org.springframework.beans.factory.BeanCreationException: Error creating bean with name &apos;conceptDAO&apos; defined in class path resource [applicationContext-service.xml]: Cannot resolve reference to bean &apos;sessionFactory&apos; while setting bean property &apos;sessionFactory&apos;; nested exception is org.springframework.beans.factory.BeanCurrentlyInCreationException: Error creating bean with name &apos;sessionFactory&apos;: FactoryBean which is currently in creation returned null from getObject
Related cause: org.springframework.beans.factory.BeanCreationException: Error creating bean with name &apos;userService&apos; defined in class path resource [applicationContext-service.xml]: Cannot resolve reference to bean &apos;userServiceTarget&apos; while setting bean property &apos;target&apos;; nested exception is org.springframework.beans.factory.BeanCreationException: Error creating bean with name &apos;userServiceTarget&apos; defined in class path resource [applicationContext-service.xml]: Cannot resolve reference to bean &apos;userDAO&apos; while setting bean property &apos;userDAO&apos;; nested exception is org.springframework.beans.factory.BeanCreationException: Error creating bean with name &apos;userDAO&apos; defined in class path resource [applicationContext-service.xml]: Cannot resolve reference to bean &apos;sessionFactory&apos; while setting bean property &apos;sessionFactory&apos;; nested exception is org.springframework.beans.factory.BeanCurrentlyInCreationException: Error creating bean with name &apos;sessionFactory&apos;: FactoryBean which is currently in creation returned null from getObject
Related cause: org.springframework.beans.factory.BeanCreationException: Error creating bean with name &apos;obsService&apos; defined in class path resource [applicationContext-service.xml]: Cannot resolve reference to bean &apos;obsServiceTarget&apos; while setting bean property &apos;target&apos;; nested exception is org.springframework.beans.factory.BeanCreationException: Error creating bean with name &apos;obsServiceTarget&apos; defined in class path resource [applicationContext-service.xml]: Cannot resolve reference to bean &apos;obsDAO&apos; while setting bean property &apos;obsDAO&apos;; nested exception is org.springframework.beans.factory.BeanCreationException: Error creating bean with name &apos;obsDAO&apos; defined in class path resource [applicationContext-service.xml]: Cannot resolve reference to bean &apos;sessionFactory&apos; while setting bean property &apos;sessionFactory&apos;; nested exception is org.springframework.beans.factory.BeanCurrentlyInCreationException: Error creating bean with name &apos;sessionFactory&apos;: FactoryBean which is currently in creation returned null from getObject
Related cause: org.springframework.beans.factory.BeanCreationException: Error creating bean with name &apos;encounterService&apos; defined in class path resource [applicationContext-service.xml]: Cannot resolve reference to bean &apos;encounterServiceTarget&apos; while setting bean property &apos;target&apos;; nested exception is org.springframework.beans.factory.BeanCreationException: Error creating bean with name &apos;encounterServiceTarget&apos; defined in class path resource [applicationContext-service.xml]: Cannot resolve reference to bean &apos;encounterDAO&apos; while setting bean property &apos;encounterDAO&apos;; nested exception is org.springframework.beans.factory.BeanCreationException: Error creating bean with name &apos;encounterDAO&apos; defined in class path resource [applicationContext-service.xml]: Cannot resolve reference to bean &apos;sessionFactory&apos; while setting bean property &apos;sessionFactory&apos;; nested exception is org.springframework.beans.factory.BeanCurrentlyInCreationException: Error creating bean with name &apos;sessionFactory&apos;: FactoryBean which is currently in creation returned null from getObject
Related cause: org.springframework.beans.factory.BeanCreationException: Error creating bean with name &apos;locationService&apos; defined in class path resource [applicationContext-service.xml]: Cannot resolve reference to bean &apos;locationServiceTarget&apos; while setting bean property &apos;target&apos;; nested exception is org.springframework.beans.factory.BeanCreationException: Error creating bean with name &apos;locationServiceTarget&apos; defined in class path resource [applicationContext-service.xml]: Cannot resolve reference to bean &apos;locationDAO&apos; while setting bean property &apos;locationDAO&apos;; nested exception is org.springframework.beans.factory.BeanCreationException: Error creating bean with name &apos;locationDAO&apos; defined in class path resource [applicationContext-service.xml]: Cannot resolve reference to bean &apos;sessionFactory&apos; while setting bean property &apos;sessionFactory&apos;; nested exception is org.springframework.beans.factory.BeanCurrentlyInCreationException: Error creating bean with name &apos;sessionFactory&apos;: FactoryBean which is currently in creation returned null from getObject
Related cause: org.springframework.beans.factory.BeanCreationException: Error creating bean with name &apos;orderService&apos; defined in class path resource [applicationContext-service.xml]: Cannot resolve reference to bean &apos;orderServiceTarget&apos; while setting bean property &apos;target&apos;; nested exception is org.springframework.beans.factory.BeanCreationException: Error creating bean with name &apos;orderServiceTarget&apos; defined in class path resource [applicationContext-service.xml]: Cannot resolve reference to bean &apos;orderDAO&apos; while setting bean property &apos;orderDAO&apos;; nested exception is org.springframework.beans.factory.BeanCreationException: Error creating bean with name &apos;orderDAO&apos; defined in class path resource [applicationContext-service.xml]: Cannot resolve reference to bean &apos;sessionFactory&apos; while setting bean property &apos;sessionFactory&apos;; nested exception is org.springframework.beans.factory.BeanCurrentlyInCreationException: Error creating bean with name &apos;sessionFactory&apos;: FactoryBean which is currently in creation returned null from getObject
Related cause: org.springframework.beans.factory.BeanCreationException: Error creating bean with name &apos;formService&apos; defined in class path resource [applicationContext-service.xml]: Cannot resolve reference to bean &apos;formServiceTarget&apos; while setting bean property &apos;target&apos;; nested exception is org.springframework.beans.factory.BeanCreationException: Error creating bean with name &apos;formServiceTarget&apos; defined in class path resource [applicationContext-service.xml]: Cannot resolve reference to bean &apos;formDAO&apos; while setting bean property &apos;formDAO&apos;; nested exception is org.springframework.beans.factory.BeanCreationException: Error creating bean with name &apos;formDAO&apos; defined in class path resource [applicationContext-service.xml]: Cannot resolve reference to bean &apos;sessionFactory&apos; while setting bean property &apos;sessionFactory&apos;; nested exception is org.springframework.beans.factory.BeanCurrentlyInCreationException: Error creating bean with name &apos;sessionFactory&apos;: FactoryBean which is currently in creation returned null from getObject
Related cause: org.springframework.beans.factory.BeanCreationException: Error creating bean with name &apos;adminService&apos; defined in class path resource [applicationContext-service.xml]: Cannot resolve reference to bean &apos;adminServiceTarget&apos; while setting bean property &apos;target&apos;; nested exception is org.springframework.beans.factory.BeanCreationException: Error creating bean with name &apos;adminServiceTarget&apos; defined in class path resource [applicationContext-service.xml]: Cannot resolve reference to bean &apos;adminDAO&apos; while setting bean property &apos;administrationDAO&apos;; nested exception is org.springframework.beans.factory.BeanCreationException: Error creating bean with name &apos;adminDAO&apos; defined in class path resource [applicationContext-service.xml]: Cannot resolve reference to bean &apos;sessionFactory&apos; while setting bean property &apos;sessionFactory&apos;; nested exception is org.springframework.beans.factory.BeanCurrentlyInCreationException: Error creating bean with name &apos;sessionFactory&apos;: FactoryBean which is currently in creation returned null from getObject
Related cause: org.springframework.beans.factory.BeanCreationException: Error creating bean with name &apos;programWorkflowService&apos; defined in class path resource [applicationContext-service.xml]: Cannot resolve reference to bean &apos;programWorkflowServiceTarget&apos; while setting bean property &apos;target&apos;; nested exception is org.springframework.beans.factory.BeanCreationException: Error creating bean with name &apos;programWorkflowServiceTarget&apos; defined in class path resource [applicationContext-service.xml]: Cannot resolve reference to bean &apos;programWorkflowDAO&apos; while setting bean property &apos;programWorkflowDAO&apos;; nested exception is org.springframework.beans.factory.BeanCreationException: Error creating bean with name &apos;programWorkflowDAO&apos; defined in class path resource [applicationContext-service.xml]: Cannot resolve reference to bean &apos;sessionFactory&apos; while setting bean property &apos;sessionFactory&apos;; nested exception is org.springframework.beans.factory.BeanCurrentlyInCreationException: Error creating bean with name &apos;sessionFactory&apos;: FactoryBean which is currently in creation returned null from getObject
Related cause: org.springframework.beans.factory.BeanCreationException: Error creating bean with name &apos;messageService&apos; defined in class path resource [applicationContext-service.xml]: Cannot resolve reference to bean &apos;messageServiceTarget&apos; while setting bean property &apos;target&apos;; nested exception is org.springframework.beans.factory.BeanCreationException: Error creating bean with name &apos;messageServiceTarget&apos; defined in class path resource [applicationContext-service.xml]: Cannot resolve reference to bean &apos;templateDAO&apos; while setting bean property &apos;templateDAO&apos;; nested exception is org.springframework.beans.factory.BeanCreationException: Error creating bean with name &apos;templateDAO&apos; defined in class path resource [applicationContext-service.xml]: Cannot resolve reference to bean &apos;sessionFactory&apos; while setting bean property &apos;sessionFactory&apos;; nested exception is org.springframework.beans.factory.BeanCurrentlyInCreationException: Error creating bean with name &apos;sessionFactory&apos;: FactoryBean which is currently in creation returned null from getObject
Related cause: org.springframework.beans.factory.BeanCreationException: Error creating bean with name &apos;patientSetService&apos; defined in class path resource [applicationContext-service.xml]: Cannot resolve reference to bean &apos;patientSetServiceTarget&apos; while setting bean property &apos;target&apos;; nested exception is org.springframework.beans.factory.BeanCreationException: Error creating bean with name &apos;patientSetServiceTarget&apos; defined in class path resource [applicationContext-service.xml]: Cannot resolve reference to bean &apos;patientSetDAO&apos; while setting bean property &apos;patientSetDAO&apos;; nested exception is org.springframework.beans.factory.BeanCreationException: Error creating bean with name &apos;patientSetDAO&apos; defined in class path resource [applicationContext-service.xml]: Cannot resolve reference to bean &apos;sessionFactory&apos; while setting bean property &apos;sessionFactory&apos;; nested exception is org.springframework.beans.factory.BeanCurrentlyInCreationException: Error creating bean with name &apos;sessionFactory&apos;: FactoryBean which is currently in creation returned null from getObject
Related cause: org.springframework.beans.factory.BeanCreationException: Error creating bean with name &apos;cohortService&apos; defined in class path resource [applicationContext-service.xml]: Cannot resolve reference to bean &apos;cohortServiceTarget&apos; while setting bean property &apos;target&apos;; nested exception is org.springframework.beans.factory.BeanCreationException: Error creating bean with name &apos;cohortServiceTarget&apos; defined in class path resource [applicationContext-service.xml]: Cannot resolve reference to bean &apos;cohortDAO&apos; while setting bean property &apos;cohortDAO&apos;; nested exception is org.springframework.beans.factory.BeanCreationException: Error creating bean with name &apos;cohortDAO&apos; defined in class path resource [applicationContext-service.xml]: Cannot resolve reference to bean &apos;sessionFactory&apos; while setting bean property &apos;sessionFactory&apos;; nested exception is org.springframework.beans.factory.BeanCurrentlyInCreationException: Error creating bean with name &apos;sessionFactory&apos;: FactoryBean which is currently in creation returned null from getObject
Related cause: org.springframework.beans.factory.BeanCreationException: Error creating bean with name &apos;schedulerService&apos; defined in class path resource [applicationContext-service.xml]: Cannot resolve reference to bean &apos;schedulerServiceTarget&apos; while setting bean property &apos;target&apos;; nested exception is org.springframework.beans.factory.BeanCreationException: Error creating bean with name &apos;schedulerServiceTarget&apos; defined in class path resource [applicationContext-service.xml]: Cannot resolve reference to bean &apos;schedulerDAO&apos; while setting bean property &apos;schedulerDAO&apos;; nested exception is org.springframework.beans.factory.BeanCreationException: Error creating bean with name &apos;schedulerDAO&apos; defined in class path resource [applicationContext-service.xml]: Cannot resolve reference to bean &apos;sessionFactory&apos; while setting bean property &apos;sessionFactory&apos;; nested exception is org.springframework.beans.factory.BeanCurrentlyInCreationException: Error creating bean with name &apos;sessionFactory&apos;: FactoryBean which is currently in creation returned null from getObject
Related cause: org.springframework.beans.factory.BeanCreationException: Error creating bean with name &apos;alertService&apos; defined in class path resource [applicationContext-service.xml]: Cannot resolve reference to bean &apos;alertServiceTarget&apos; while setting bean property &apos;target&apos;; nested exception is org.springframework.beans.factory.BeanCreationException: Error creating bean with name &apos;alertServiceTarget&apos; defined in class path resource [applicationContext-service.xml]: Cannot resolve reference to bean &apos;alertDAO&apos; while setting bean property &apos;alertDAO&apos;; nested exception is org.springframework.beans.factory.BeanCreationException: Error creating bean with name &apos;alertDAO&apos; defined in class path resource [applicationContext-service.xml]: Cannot resolve reference to bean &apos;sessionFactory&apos; while setting bean property &apos;sessionFactory&apos;; nested exception is org.springframework.beans.factory.BeanCurrentlyInCreationException: Error creating bean with name &apos;sessionFactory&apos;: FactoryBean which is currently in creation returned null from getObject
Related cause: org.springframework.beans.factory.BeanCreationException: Error creating bean with name &apos;reportService&apos; defined in class path resource [applicationContext-service.xml]: Cannot resolve reference to bean &apos;reportServiceTarget&apos; while setting bean property &apos;target&apos;; nested exception is org.springframework.beans.factory.BeanCreationException: Error creating bean with name &apos;reportServiceTarget&apos; defined in class path resource [applicationContext-service.xml]: Cannot resolve reference to bean &apos;reportDAO&apos; while setting bean property &apos;reportDAO&apos;; nested exception is org.springframework.beans.factory.BeanCreationException: Error creating bean with name &apos;reportDAO&apos; defined in class path resource [applicationContext-service.xml]: Cannot resolve reference to bean &apos;sessionFactory&apos; while setting bean property &apos;sessionFactory&apos;; nested exception is org.springframework.beans.factory.BeanCurrentlyInCreationException: Error creating bean with name &apos;sessionFactory&apos;: FactoryBean which is currently in creation returned null from getObject
Related cause: org.springframework.beans.factory.BeanCreationException: Error creating bean with name &apos;reportObjectService&apos; defined in class path resource [applicationContext-service.xml]: Cannot resolve reference to bean &apos;reportObjectServiceTarget&apos; while setting bean property &apos;target&apos;; nested exception is org.springframework.beans.factory.BeanCreationException: Error creating bean with name &apos;reportObjectServiceTarget&apos; defined in class path resource [applicationContext-service.xml]: Cannot resolve reference to bean &apos;reportObjectDAO&apos; while setting bean property &apos;reportObjectDAO&apos;; nested exception is org.springframework.beans.factory.BeanCreationException: Error creating bean with name &apos;reportObjectDAO&apos; defined in class path resource [applicationContext-service.xml]: Cannot resolve reference to bean &apos;sessionFactory&apos; while setting bean property &apos;sessionFactory&apos;; nested exception is org.springframework.beans.factory.BeanCurrentlyInCreationException: Error creating bean with name &apos;sessionFactory&apos;: FactoryBean which is currently in creation returned null from getObject
Related cause: org.springframework.beans.factory.BeanCreationException: Error creating bean with name &apos;hL7Service&apos; defined in class path resource [applicationContext-service.xml]: Cannot resolve reference to bean &apos;hL7ServiceTarget&apos; while setting bean property &apos;target&apos;; nested exception is org.springframework.beans.factory.BeanCreationException: Error creating bean with name &apos;hL7ServiceTarget&apos; defined in class path resource [applicationContext-service.xml]: Cannot resolve reference to bean &apos;hL7DAO&apos; while setting bean property &apos;HL7DAO&apos;; nested exception is org.springframework.beans.factory.BeanCreationException: Error creating bean with name &apos;hL7DAO&apos; defined in class path resource [applicationContext-service.xml]: Cannot resolve reference to bean &apos;sessionFactory&apos; while setting bean property &apos;sessionFactory&apos;; nested exception is org.springframework.beans.factory.BeanCurrentlyInCreationException: Error creating bean with name &apos;sessionFactory&apos;: FactoryBean which is currently in creation returned null from getObject
	at org.springframework.beans.factory.support.BeanDefinitionValueResolver.resolveReference(BeanDefinitionValueResolver.java:275)
	at org.springframework.beans.factory.support.BeanDefinitionValueResolver.resolveValueIfNecessary(BeanDefinitionValueResolver.java:104)
	at org.springframework.beans.factory.support.AbstractAutowireCapableBeanFactory.applyPropertyValues(AbstractAutowireCapableBeanFactory.java:1245)
	at org.springframework.beans.factory.support.AbstractAutowireCapableBeanFactory.populateBean(AbstractAutowireCapableBeanFactory.java:1010)
	at org.springframework.beans.factory.support.AbstractAutowireCapableBeanFactory.doCreateBean(AbstractAutowireCapableBeanFactory.java:472)
	at org.springframework.beans.factory.support.AbstractAutowireCapableBeanFactory$1.run(AbstractAutowireCapableBeanFactory.java:409)
	at java.security.AccessController.doPrivileged(Native Method)
	at org.springframework.beans.factory.support.AbstractAutowireCapableBeanFactory.createBean(AbstractAutowireCapableBeanFactory.java:380)
	at org.springframework.beans.factory.support.AbstractBeanFactory$1.getObject(AbstractBeanFactory.java:264)
	at org.springframework.beans.factory.support.DefaultSingletonBeanRegistry.getSingleton(DefaultSingletonBeanRegistry.java:222)
	at org.springframework.beans.factory.support.AbstractBeanFactory.doGetBean(AbstractBeanFactory.java:261)
	at org.springframework.beans.factory.support.AbstractBeanFactory.getBean(AbstractBeanFactory.java:185)
	at org.springframework.beans.factory.support.AbstractBeanFactory.getBean(AbstractBeanFactory.java:164)
	at org.springframework.beans.factory.support.DefaultListableBeanFactory.preInstantiateSingletons(DefaultListableBeanFactory.java:429)
	at org.springframework.context.support.AbstractApplicationContext.finishBeanFactoryInitialization(AbstractApplicationContext.java:728)
	at org.springframework.context.support.AbstractApplicationContext.refresh(AbstractApplicationContext.java:380)
	at org.springframework.test.context.support.AbstractGenericContextLoader.loadContext(AbstractGenericContextLoader.java:84)
	at org.springframework.test.context.support.AbstractGenericContextLoader.loadContext(AbstractGenericContextLoader.java:42)
	at org.springframework.test.context.TestContext.loadApplicationContext(TestContext.java:173)
	at org.springframework.test.context.TestContext.getApplicationContext(TestContext.java:197)
	... 23 more
Caused by: org.springframework.beans.factory.BeanCreationException: Error creating bean with name &apos;transactionInterceptor&apos; defined in class path resource [applicationContext-service.xml]: Cannot resolve reference to bean &apos;transactionManager&apos; while setting bean property &apos;transactionManager&apos;; nested exception is org.springframework.beans.factory.BeanCreationException: Error creating bean with name &apos;transactionManager&apos; defined in class path resource [applicationContext-service.xml]: Cannot resolve reference to bean &apos;sessionFactory&apos; while setting bean property &apos;sessionFactory&apos;; nested exception is org.springframework.beans.factory.BeanCreationException: Error creating bean with name &apos;sessionFactory&apos;: Autowiring of fields failed; nested exception is org.springframework.beans.factory.BeanCreationException: Could not autowire field: public java.util.Map org.openmrs.api.db.hibernate.HibernateSessionFactoryBean.interceptors; nested exception is org.springframework.beans.factory.CannotLoadBeanClassException: Cannot find class [@MODULE_PACKAGE@.web.controller.importbillables.ProcessBillableServicesImportController] for bean with name &apos;processBillableServicesController&apos; defined in URL [file:/media/OS/Workspace/Git%20Projects/moh-billing/omod/target/classes/moduleApplicationContext.xml]; nested exception is java.lang.ClassNotFoundException: @MODULE_PACKAGE@.web.controller.importbillables.ProcessBillableServicesImportController
	at org.springframework.beans.factory.support.BeanDefinitionValueResolver.resolveReference(BeanDefinitionValueResolver.java:275)
	at org.springframework.beans.factory.support.BeanDefinitionValueResolver.resolveValueIfNecessary(BeanDefinitionValueResolver.java:104)
	at org.springframework.beans.factory.support.AbstractAutowireCapableBeanFactory.applyPropertyValues(AbstractAutowireCapableBeanFactory.java:1245)
	at org.springframework.beans.factory.support.AbstractAutowireCapableBeanFactory.populateBean(AbstractAutowireCapableBeanFactory.java:1010)
	at org.springframework.beans.factory.support.AbstractAutowireCapableBeanFactory.doCreateBean(AbstractAutowireCapableBeanFactory.java:472)
	at org.springframework.beans.factory.support.AbstractAutowireCapableBeanFactory$1.run(AbstractAutowireCapableBeanFactory.java:409)
	at java.security.AccessController.doPrivileged(Native Method)
	at org.springframework.beans.factory.support.AbstractAutowireCapableBeanFactory.createBean(AbstractAutowireCapableBeanFactory.java:380)
	at org.springframework.beans.factory.support.AbstractBeanFactory$1.getObject(AbstractBeanFactory.java:264)
	at org.springframework.beans.factory.support.DefaultSingletonBeanRegistry.getSingleton(DefaultSingletonBeanRegistry.java:222)
	at org.springframework.beans.factory.support.AbstractBeanFactory.doGetBean(AbstractBeanFactory.java:261)
	at org.springframework.beans.factory.support.AbstractBeanFactory.getBean(AbstractBeanFactory.java:185)
	at org.springframework.beans.factory.support.AbstractBeanFactory.getBean(AbstractBeanFactory.java:164)
	at org.springframework.beans.factory.support.BeanDefinitionValueResolver.resolveReference(BeanDefinitionValueResolver.java:269)
	... 42 more
Caused by: org.springframework.beans.factory.BeanCreationException: Error creating bean with name &apos;transactionManager&apos; defined in class path resource [applicationContext-service.xml]: Cannot resolve reference to bean &apos;sessionFactory&apos; while setting bean property &apos;sessionFactory&apos;; nested exception is org.springframework.beans.factory.BeanCreationException: Error creating bean with name &apos;sessionFactory&apos;: Autowiring of fields failed; nested exception is org.springframework.beans.factory.BeanCreationException: Could not autowire field: public java.util.Map org.openmrs.api.db.hibernate.HibernateSessionFactoryBean.interceptors; nested exception is org.springframework.beans.factory.CannotLoadBeanClassException: Cannot find class [@MODULE_PACKAGE@.web.controller.importbillables.ProcessBillableServicesImportController] for bean with name &apos;processBillableServicesController&apos; defined in URL [file:/media/OS/Workspace/Git%20Projects/moh-billing/omod/target/classes/moduleApplicationContext.xml]; nested exception is java.lang.ClassNotFoundException: @MODULE_PACKAGE@.web.controller.importbillables.ProcessBillableServicesImportController
	at org.springframework.beans.factory.support.BeanDefinitionValueResolver.resolveReference(BeanDefinitionValueResolver.java:275)
	at org.springframework.beans.factory.support.BeanDefinitionValueResolver.resolveValueIfNecessary(BeanDefinitionValueResolver.java:104)
	at org.springframework.beans.factory.support.AbstractAutowireCapableBeanFactory.applyPropertyValues(AbstractAutowireCapableBeanFactory.java:1245)
	at org.springframework.beans.factory.support.AbstractAutowireCapableBeanFactory.populateBean(AbstractAutowireCapableBeanFactory.java:1010)
	at org.springframework.beans.factory.support.AbstractAutowireCapableBeanFactory.doCreateBean(AbstractAutowireCapableBeanFactory.java:472)
	at org.springframework.beans.factory.support.AbstractAutowireCapableBeanFactory$1.run(AbstractAutowireCapableBeanFactory.java:409)
	at java.security.AccessController.doPrivileged(Native Method)
	at org.springframework.beans.factory.support.AbstractAutowireCapableBeanFactory.createBean(AbstractAutowireCapableBeanFactory.java:380)
	at org.springframework.beans.factory.support.AbstractBeanFactory$1.getObject(AbstractBeanFactory.java:264)
	at org.springframework.beans.factory.support.DefaultSingletonBeanRegistry.getSingleton(DefaultSingletonBeanRegistry.java:222)
	at org.springframework.beans.factory.support.AbstractBeanFactory.doGetBean(AbstractBeanFactory.java:261)
	at org.springframework.beans.factory.support.AbstractBeanFactory.getBean(AbstractBeanFactory.java:185)
	at org.springframework.beans.factory.support.AbstractBeanFactory.getBean(AbstractBeanFactory.java:164)
	at org.springframework.beans.factory.support.BeanDefinitionValueResolver.resolveReference(BeanDefinitionValueResolver.java:269)
	... 55 more
Caused by: org.springframework.beans.factory.BeanCreationException: Error creating bean with name &apos;sessionFactory&apos;: Autowiring of fields failed; nested exception is org.springframework.beans.factory.BeanCreationException: Could not autowire field: public java.util.Map org.openmrs.api.db.hibernate.HibernateSessionFactoryBean.interceptors; nested exception is org.springframework.beans.factory.CannotLoadBeanClassException: Cannot find class [@MODULE_PACKAGE@.web.controller.importbillables.ProcessBillableServicesImportController] for bean with name &apos;processBillableServicesController&apos; defined in URL [file:/media/OS/Workspace/Git%20Projects/moh-billing/omod/target/classes/moduleApplicationContext.xml]; nested exception is java.lang.ClassNotFoundException: @MODULE_PACKAGE@.web.controller.importbillables.ProcessBillableServicesImportController
	at org.springframework.beans.factory.annotation.AutowiredAnnotationBeanPostProcessor.postProcessAfterInstantiation(AutowiredAnnotationBeanPostProcessor.java:243)
	at org.springframework.beans.factory.support.AbstractAutowireCapableBeanFactory.populateBean(AbstractAutowireCapableBeanFactory.java:959)
	at org.springframework.beans.factory.support.AbstractAutowireCapableBeanFactory.doCreateBean(AbstractAutowireCapableBeanFactory.java:472)
	at org.springframework.beans.factory.support.AbstractAutowireCapableBeanFactory$1.run(AbstractAutowireCapableBeanFactory.java:409)
	at java.security.AccessController.doPrivileged(Native Method)
	at org.springframework.beans.factory.support.AbstractAutowireCapableBeanFactory.createBean(AbstractAutowireCapableBeanFactory.java:380)
	at org.springframework.beans.factory.support.AbstractBeanFactory$1.getObject(AbstractBeanFactory.java:264)
	at org.springframework.beans.factory.support.DefaultSingletonBeanRegistry.getSingleton(DefaultSingletonBeanRegistry.java:222)
	at org.springframework.beans.factory.support.AbstractBeanFactory.doGetBean(AbstractBeanFactory.java:261)
	at org.springframework.beans.factory.support.AbstractBeanFactory.getBean(AbstractBeanFactory.java:185)
	at org.springframework.beans.factory.support.AbstractBeanFactory.getBean(AbstractBeanFactory.java:164)
	at org.springframework.beans.factory.support.BeanDefinitionValueResolver.resolveReference(BeanDefinitionValueResolver.java:269)
	... 68 more
Caused by: org.springframework.beans.factory.BeanCreationException: Could not autowire field: public java.util.Map org.openmrs.api.db.hibernate.HibernateSessionFactoryBean.interceptors; nested exception is org.springframework.beans.factory.CannotLoadBeanClassException: Cannot find class [@MODULE_PACKAGE@.web.controller.importbillables.ProcessBillableServicesImportController] for bean with name &apos;processBillableServicesController&apos; defined in URL [file:/media/OS/Workspace/Git%20Projects/moh-billing/omod/target/classes/moduleApplicationContext.xml]; nested exception is java.lang.ClassNotFoundException: @MODULE_PACKAGE@.web.controller.importbillables.ProcessBillableServicesImportController
	at org.springframework.beans.factory.annotation.AutowiredAnnotationBeanPostProcessor$AutowiredFieldElement.inject(AutowiredAnnotationBeanPostProcessor.java:435)
	at org.springframework.beans.factory.annotation.InjectionMetadata.injectFields(InjectionMetadata.java:105)
	at org.springframework.beans.factory.annotation.AutowiredAnnotationBeanPostProcessor.postProcessAfterInstantiation(AutowiredAnnotationBeanPostProcessor.java:240)
	... 79 more
Caused by: org.springframework.beans.factory.CannotLoadBeanClassException: Cannot find class [@MODULE_PACKAGE@.web.controller.importbillables.ProcessBillableServicesImportController] for bean with name &apos;processBillableServicesController&apos; defined in URL [file:/media/OS/Workspace/Git%20Projects/moh-billing/omod/target/classes/moduleApplicationContext.xml]; nested exception is java.lang.ClassNotFoundException: @MODULE_PACKAGE@.web.controller.importbillables.ProcessBillableServicesImportController
	at org.springframework.beans.factory.support.AbstractBeanFactory.resolveBeanClass(AbstractBeanFactory.java:1141)
	at org.springframework.beans.factory.support.AbstractAutowireCapableBeanFactory.predictBeanType(AbstractAutowireCapableBeanFactory.java:524)
	at org.springframework.beans.factory.support.AbstractBeanFactory.isFactoryBean(AbstractBeanFactory.java:1177)
	at org.springframework.beans.factory.support.DefaultListableBeanFactory.getBeanNamesForType(DefaultListableBeanFactory.java:222)
	at org.springframework.beans.factory.BeanFactoryUtils.beanNamesForTypeIncludingAncestors(BeanFactoryUtils.java:187)
	at org.springframework.beans.factory.support.DefaultListableBeanFactory.findAutowireCandidates(DefaultListableBeanFactory.java:652)
	at org.springframework.beans.factory.support.DefaultListableBeanFactory.resolveDependency(DefaultListableBeanFactory.java:597)
	at org.springframework.beans.factory.annotation.AutowiredAnnotationBeanPostProcessor$AutowiredFieldElement.inject(AutowiredAnnotationBeanPostProcessor.java:412)
	... 81 more
Caused by: java.lang.ClassNotFoundException: @MODULE_PACKAGE@.web.controller.importbillables.ProcessBillableServicesImportController
	at java.net.URLClassLoader$1.run(URLClassLoader.java:217)
	at java.security.AccessController.doPrivileged(Native Method)
	at java.net.URLClassLoader.findClass(URLClassLoader.java:205)
	at java.lang.ClassLoader.loadClass(ClassLoader.java:323)
	at sun.misc.Launcher$AppClassLoader.loadClass(Launcher.java:294)
	at java.lang.ClassLoader.loadClass(ClassLoader.java:268)
	at org.openmrs.util.OpenmrsClassLoader.loadClass(OpenmrsClassLoader.java:144)
	at java.lang.ClassLoader.loadClass(ClassLoader.java:268)
	at org.springframework.util.ClassUtils.forName(ClassUtils.java:211)
	at org.springframework.beans.factory.support.AbstractBeanDefinition.resolveBeanClass(AbstractBeanDefinition.java:385)
	at org.springframework.beans.factory.support.AbstractBeanFactory.resolveBeanClass(AbstractBeanFactory.java:1138)
	... 88 more
</error>
  </testcase>
  <testcase time="0.003" classname="org.openmrs.module.mohbilling.testcases.BillingAPIReportUtilTest" name="org.openmrs.module.mohbilling.testcases.BillingAPIReportUtilTest">
    <error message="contextDAO is null" type="org.openmrs.api.APIException">org.openmrs.api.APIException: contextDAO is null
	at org.openmrs.api.context.Context.getContextDAO(Context.java:161)
	at org.openmrs.api.context.Context.closeSession(Context.java:682)
	at org.openmrs.test.BaseContextSensitiveTest.closeSessionAfterEachClass(BaseContextSensitiveTest.java:608)
	at sun.reflect.NativeMethodAccessorImpl.invoke0(Native Method)
	at sun.reflect.NativeMethodAccessorImpl.invoke(NativeMethodAccessorImpl.java:57)
	at sun.reflect.DelegatingMethodAccessorImpl.invoke(DelegatingMethodAccessorImpl.java:43)
	at java.lang.reflect.Method.invoke(Method.java:622)
	at org.junit.internal.runners.ClassRoadie.runAfters(ClassRoadie.java:65)
	at org.junit.internal.runners.ClassRoadie.runProtected(ClassRoadie.java:40)
	at org.junit.internal.runners.JUnit4ClassRunner.run(JUnit4ClassRunner.java:42)
	at org.springframework.test.context.junit4.SpringJUnit4ClassRunner.run(SpringJUnit4ClassRunner.java:97)
	at org.apache.maven.surefire.junit4.JUnit4TestSet.execute(JUnit4TestSet.java:53)
	at org.apache.maven.surefire.junit4.JUnit4Provider.executeTestSet(JUnit4Provider.java:123)
	at org.apache.maven.surefire.junit4.JUnit4Provider.invoke(JUnit4Provider.java:104)
	at sun.reflect.NativeMethodAccessorImpl.invoke0(Native Method)
	at sun.reflect.NativeMethodAccessorImpl.invoke(NativeMethodAccessorImpl.java:57)
	at sun.reflect.DelegatingMethodAccessorImpl.invoke(DelegatingMethodAccessorImpl.java:43)
	at java.lang.reflect.Method.invoke(Method.java:622)
	at org.apache.maven.surefire.util.ReflectionUtils.invokeMethodWithArray(ReflectionUtils.java:164)
	at org.apache.maven.surefire.booter.ProviderFactory$ProviderProxy.invoke(ProviderFactory.java:110)
	at org.apache.maven.surefire.booter.SurefireStarter.invokeProvider(SurefireStarter.java:175)
	at org.apache.maven.surefire.booter.SurefireStarter.runSuitesInProcessWhenForked(SurefireStarter.java:107)
	at org.apache.maven.surefire.booter.ForkedBooter.main(ForkedBooter.java:68)
</error>
  </testcase>
</testsuite>